#
# A fatal error has been detected by the Java Runtime Environment:
#
#  EXCEPTION_ACCESS_VIOLATION (0xc0000005) at pc=0x00007ffb5ae79dd9, pid=20804, tid=20328
#
# JRE version: OpenJDK Runtime Environment (14.0.2+12) (build 14.0.2+12-46)
# Java VM: OpenJDK 64-Bit Server VM (14.0.2+12-46, mixed mode, tiered, compressed oops, g1 gc, windows-amd64)
# Problematic frame:
# C  [Controller.dll+0x49dd9]
#
# No core dump will be written. Minidumps are not enabled by default on client versions of Windows
#
# If you would like to submit a bug report, please visit:
#   https://bugreport.java.com/bugreport/crash.jsp
# The crash happened outside the Java Virtual Machine in native code.
# See problematic frame for where to report the bug.
#

---------------  S U M M A R Y ------------

Command Line: -Djava.library.path=C:\Users\Utilisateur\Documents\GitHub\polytechWebotsController\fr.univcotedazur.kairos.webots.polycreate.controler\webotsLibs;C:\Users\Utilisateur\Documents\GitHub\polytechWebotsController\fr.univcotedazur.kairos.webots.polycreate.controler\webotsLibs;C:\Users\Utilisateur\Documents\GitHub\polytechWebotsController\fr.univcotedazur.kairos.webots.polycreate.controler\webotsLibs -Dfile.encoding=UTF-8 -XX:+ShowCodeDetailsInExceptionMessages fr.univcotedazur.kairos.webots.polycreate.controler.PolyCreateControler

Host: Intel(R) Core(TM) i7-1065G7 CPU @ 1.30GHz, 8 cores, 15G,  Windows 10 , 64 bit Build 19041 (10.0.19041.1202)
Time: Fri Nov 26 11:16:06 2021 Europe de l’Ouest elapsed time: 15 seconds (0d 0h 0m 15s)

---------------  T H R E A D  ---------------

Current thread (0x000002870e53d800):  JavaThread "main" [_thread_in_native, id=20328, stack(0x000000876f900000,0x000000876fa00000)]

Stack: [0x000000876f900000,0x000000876fa00000],  sp=0x000000876f9ff2e0,  free space=1020k
Native frames: (J=compiled Java code, j=interpreted, Vv=VM code, C=native code)
C  [Controller.dll+0x49dd9]

Java frames: (J=compiled Java code, j=interpreted, Vv=VM code)
j  com.cyberbotics.webots.controller.wrapperJNI.Robot_step(JLcom/cyberbotics/webots/controller/Robot;I)I+0
j  com.cyberbotics.webots.controller.Robot.step(I)I+6
j  fr.univcotedazur.kairos.webots.polycreate.controler.PolyCreateControler.passiveWait(D)V+17
j  fr.univcotedazur.kairos.webots.polycreate.controler.PolyCreateControler.main([Ljava/lang/String;)V+21
v  ~StubRoutines::call_stub

siginfo: EXCEPTION_ACCESS_VIOLATION (0xc0000005), reading address 0x0000000000000028


Register to memory mapping:

RIP=0x00007ffb5ae79dd9 Controller.dll
RAX=0x0000000000000015 is an unknown value
RBX=0x00007ffb5aea0418 Controller.dll
RCX=0x0000000000000016 is an unknown value
RDX=0x000002872d88a950 points into unknown readable memory: e7 02 00 00 00 00 00 00
RSP=0x000000876f9ff2e0 is pointing into the stack for thread: 0x000002870e53d800
RBP=0x00007ffb960e4ad0 KERNEL32.DLL
RSI=0x0 is NULL
RDI=0x00007ffb5ae95010 Controller.dll
R8 =0x00007ffb5ae79dd2 Controller.dll
R9 =0x00007ffb5aea17d4 Controller.dll
R10=0x0 is NULL
R11=0x000002872d88c057 points into unknown readable memory: 00
R12=0x000002872d887e90 points into unknown readable memory: 16 00 00 00 17 17 00 00
R13=0x00007ffb960e4a50 KERNEL32.DLL
R14=0x000000876f9ff550 is pointing into the stack for thread: 0x000002870e53d800
R15=0x000002870e53d800 is a thread


Registers:
RAX=0x0000000000000015, RBX=0x00007ffb5aea0418, RCX=0x0000000000000016, RDX=0x000002872d88a950
RSP=0x000000876f9ff2e0, RBP=0x00007ffb960e4ad0, RSI=0x0000000000000000, RDI=0x00007ffb5ae95010
R8 =0x00007ffb5ae79dd2, R9 =0x00007ffb5aea17d4, R10=0x0000000000000000, R11=0x000002872d88c057
R12=0x000002872d887e90, R13=0x00007ffb960e4a50, R14=0x000000876f9ff550, R15=0x000002870e53d800
RIP=0x00007ffb5ae79dd9, EFLAGS=0x0000000000010217

Top of Stack: (sp=0x000000876f9ff2e0)
0x000000876f9ff2e0:   0000000000000000 0000000000001717
0x000000876f9ff2f0:   00007ffb00000000 0000000000000004
0x000000876f9ff300:   00000000000002e7 0000000000000000
0x000000876f9ff310:   00000000000002e7 0000000000001000
0x000000876f9ff320:   00007ffb960e4a50 00007ffb5aea0418
0x000000876f9ff330:   00007ffb5aea0b70 00007ffb5ae95010
0x000000876f9ff340:   00007ffb960e4ad0 000002872d887e90
0x000000876f9ff350:   00007ffb960e4a50 000000876f9ff550
0x000000876f9ff360:   000002870e53d800 00007ffb5ae735fc
0x000000876f9ff370:   00007ffb5aea0418 0000000000000000
0x000000876f9ff380:   0000000000000000 0000000000000434
0x000000876f9ff390:   00007ffb960e4a50 0000000000000390
0x000000876f9ff3a0:   0000028711679e30 000000876f9ff450
0x000000876f9ff3b0:   0000000000000020 000002872d8885b0
0x000000876f9ff3c0:   000000876f9ff550 00007ffb5ae73fe7
0x000000876f9ff3d0:   00007ffb960e4a50 00007ffb4f15a505 

Instructions: (pc=0x00007ffb5ae79dd9)
0x00007ffb5ae79cd9:   89 e1 41 89 c5 e8 6d 8a ff ff 4c 89 e1 89 c3 e8
0x00007ffb5ae79ce9:   83 8a ff ff 49 8b 54 24 08 89 c6 49 63 04 24 8d
0x00007ffb5ae79cf9:   48 01 41 89 0c 24 4c 89 e1 0f b6 2c 02 e8 e5 8a
0x00007ffb5ae79d09:   ff ff 85 ff 0f 84 cd f8 ff ff 31 d2 40 80 fd 01
0x00007ffb5ae79d19:   89 74 24 28 49 89 c0 0f 94 c2 89 5c 24 20 4c 8b
0x00007ffb5ae79d29:   0d ca 58 03 00 89 f9 89 54 24 30 44 89 ea e8 d4
0x00007ffb5ae79d39:   f5 ff ff 89 3d f6 c3 01 00 e9 99 f8 ff ff 83 c0
0x00007ffb5ae79d49:   02 48 63 c9 41 89 04 24 0f b6 04 0a 88 05 e1 c3
0x00007ffb5ae79d59:   01 00 e9 80 f8 ff ff 48 8b 1d 61 58 03 00 48 8b
0x00007ffb5ae79d69:   4b 18 e8 08 ab 01 00 4c 89 e1 e8 78 8a ff ff 48
0x00007ffb5ae79d79:   89 43 18 e9 5f f8 ff ff 48 8b 1d 38 58 03 00 31
0x00007ffb5ae79d89:   f6 48 8b 4b 30 e8 e5 aa 01 00 b9 48 00 00 00 e8
0x00007ffb5ae79d99:   83 aa 01 00 48 89 43 30 eb 10 0f 1f 44 00 00 48
0x00007ffb5ae79da9:   8b 05 11 58 03 00 48 8b 40 30 4c 89 e1 48 8d 1c
0x00007ffb5ae79db9:   30 48 83 c6 08 e8 ed 89 ff ff f2 0f 11 03 48 83
0x00007ffb5ae79dc9:   fe 48 75 db e9 0e f8 ff ff 48 8b 35 f7 57 03 00
0x00007ffb5ae79dd9:   48 8b 4e 28 e8 96 aa 01 00 b9 18 00 00 00 e8 34
0x00007ffb5ae79de9:   aa 01 00 4c 89 e1 48 89 46 28 48 89 c3 e8 b5 89
0x00007ffb5ae79df9:   ff ff 48 8b 05 ce 57 03 00 4c 89 e1 f2 0f 11 03
0x00007ffb5ae79e09:   48 8b 58 28 e8 9e 89 ff ff 48 8b 05 b7 57 03 00
0x00007ffb5ae79e19:   4c 89 e1 f2 0f 11 43 08 48 8b 58 28 e8 86 89 ff
0x00007ffb5ae79e29:   ff f2 0f 11 43 10 e9 ac f7 ff ff 4c 89 e1 e8 14
0x00007ffb5ae79e39:   89 ff ff 89 05 02 c3 01 00 e9 99 f7 ff ff 48 8b
0x00007ffb5ae79e49:   1d 1a 59 03 00 31 f6 48 85 db 0f 84 97 00 00 00
0x00007ffb5ae79e59:   0f b6 83 a1 00 00 00 49 89 dc 48 8b 9b b8 00 00
0x00007ffb5ae79e69:   00 84 c0 0f 84 de 00 00 00 48 85 f6 0f 84 f2 00
0x00007ffb5ae79e79:   00 00 48 89 9e b8 00 00 00 49 8b 4c 24 08 e8 ec
0x00007ffb5ae79e89:   a9 01 00 49 8b 4c 24 10 e8 e2 a9 01 00 49 8b 4c
0x00007ffb5ae79e99:   24 18 e8 d8 a9 01 00 49 8b 4c 24 28 e8 ce a9 01
0x00007ffb5ae79ea9:   00 49 8b 4c 24 30 e8 c4 a9 01 00 49 8b 4c 24 38
0x00007ffb5ae79eb9:   e8 ba a9 01 00 49 8b 4c 24 48 e8 b0 a9 01 00 49
0x00007ffb5ae79ec9:   8b 4c 24 70 e8 a6 a9 01 00 49 8b 8c 24 98 00 00 


Stack slot to memory mapping:
stack at sp + 0 slots: 0x0 is NULL
stack at sp + 1 slots: 0x0000000000001717 is an unknown value
stack at sp + 2 slots: 0x00007ffb00000000 is an unknown value
stack at sp + 3 slots: 0x0000000000000004 is an unknown value
stack at sp + 4 slots: 0x00000000000002e7 is an unknown value
stack at sp + 5 slots: 0x0 is NULL
stack at sp + 6 slots: 0x00000000000002e7 is an unknown value
stack at sp + 7 slots: 0x0000000000001000 is an unknown value


---------------  P R O C E S S  ---------------

Threads class SMR info:
_java_thread_list=0x000002872d645770, length=12, elements={
0x000002870e53d800, 0x000002872d41e800, 0x000002872d422000, 0x000002872d446800,
0x000002872d447800, 0x000002872d44a000, 0x000002872d44e000, 0x000002872d456800,
0x000002872d462000, 0x000002872d5e2000, 0x000002872d5eb800, 0x000002872d653000
}

Java Threads: ( => current thread )
=>0x000002870e53d800 JavaThread "main" [_thread_in_native, id=20328, stack(0x000000876f900000,0x000000876fa00000)]
  0x000002872d41e800 JavaThread "Reference Handler" daemon [_thread_blocked, id=23548, stack(0x0000008770000000,0x0000008770100000)]
  0x000002872d422000 JavaThread "Finalizer" daemon [_thread_blocked, id=2452, stack(0x0000008770100000,0x0000008770200000)]
  0x000002872d446800 JavaThread "Signal Dispatcher" daemon [_thread_blocked, id=19056, stack(0x0000008770200000,0x0000008770300000)]
  0x000002872d447800 JavaThread "Attach Listener" daemon [_thread_blocked, id=21608, stack(0x0000008770300000,0x0000008770400000)]
  0x000002872d44a000 JavaThread "Service Thread" daemon [_thread_blocked, id=2984, stack(0x0000008770400000,0x0000008770500000)]
  0x000002872d44e000 JavaThread "C2 CompilerThread0" daemon [_thread_blocked, id=22432, stack(0x0000008770500000,0x0000008770600000)]
  0x000002872d456800 JavaThread "C1 CompilerThread0" daemon [_thread_blocked, id=23136, stack(0x0000008770600000,0x0000008770700000)]
  0x000002872d462000 JavaThread "Sweeper thread" daemon [_thread_blocked, id=10860, stack(0x0000008770700000,0x0000008770800000)]
  0x000002872d5e2000 JavaThread "Notification Thread" daemon [_thread_blocked, id=22792, stack(0x0000008770800000,0x0000008770900000)]
  0x000002872d5eb800 JavaThread "Common-Cleaner" daemon [_thread_blocked, id=15660, stack(0x0000008770a00000,0x0000008770b00000)]
  0x000002872d653000 JavaThread "Timer-0" [_thread_in_native, id=13716, stack(0x0000008770b00000,0x0000008770c00000)]

Other Threads:
  0x000002872d40e800 VMThread "VM Thread" [stack: 0x000000876ff00000,0x0000008770000000] [id=12036]
  0x000002872d5e2800 WatcherThread [stack: 0x0000008770900000,0x0000008770a00000] [id=24300]
  0x000002870e5a5800 GCTaskThread "GC Thread#0" [stack: 0x000000876fa00000,0x000000876fb00000] [id=24460]
  0x000002870e5c7800 ConcurrentGCThread "G1 Main Marker" [stack: 0x000000876fb00000,0x000000876fc00000] [id=16804]
  0x000002870e5ca000 ConcurrentGCThread "G1 Conc#0" [stack: 0x000000876fc00000,0x000000876fd00000] [id=10540]
  0x000002872c702000 ConcurrentGCThread "G1 Refine#0" [stack: 0x000000876fd00000,0x000000876fe00000] [id=24144]
  0x000002872c703000 ConcurrentGCThread "G1 Young RemSet Sampling" [stack: 0x000000876fe00000,0x000000876ff00000] [id=24012]

Threads with active compile tasks:

VM state:not at safepoint (normal execution)

VM Mutex/Monitor currently owned by a thread: None

Heap address: 0x0000000703a00000, size: 4038 MB, Compressed Oops mode: Zero based, Oop shift amount: 3
Narrow klass base: 0x0000000800000000, Narrow klass shift: 0
Compressed class space size: 1073741824 Address: 0x0000000800000000

Heap:
 garbage-first heap   total 260096K, used 2048K [0x0000000703a00000, 0x0000000800000000)
  region size 1024K, 3 young (3072K), 0 survivors (0K)
 Metaspace       used 5109K, capacity 5136K, committed 5376K, reserved 1056768K
  class space    used 482K, capacity 501K, committed 512K, reserved 1048576K
Heap Regions: E=young(eden), S=young(survivor), O=old, HS=humongous(starts), HC=humongous(continues), CS=collection set, F=free, OA=open archive, CA=closed archive, TAMS=top-at-mark-start (previous, next)
|   0|0x0000000703a00000, 0x0000000703a00000, 0x0000000703b00000|  0%| F|  |TAMS 0x0000000703a00000, 0x0000000703a00000| Untracked 
|   1|0x0000000703b00000, 0x0000000703b00000, 0x0000000703c00000|  0%| F|  |TAMS 0x0000000703b00000, 0x0000000703b00000| Untracked 
|   2|0x0000000703c00000, 0x0000000703c00000, 0x0000000703d00000|  0%| F|  |TAMS 0x0000000703c00000, 0x0000000703c00000| Untracked 
|   3|0x0000000703d00000, 0x0000000703d00000, 0x0000000703e00000|  0%| F|  |TAMS 0x0000000703d00000, 0x0000000703d00000| Untracked 
|   4|0x0000000703e00000, 0x0000000703e00000, 0x0000000703f00000|  0%| F|  |TAMS 0x0000000703e00000, 0x0000000703e00000| Untracked 
|   5|0x0000000703f00000, 0x0000000703f00000, 0x0000000704000000|  0%| F|  |TAMS 0x0000000703f00000, 0x0000000703f00000| Untracked 
|   6|0x0000000704000000, 0x0000000704000000, 0x0000000704100000|  0%| F|  |TAMS 0x0000000704000000, 0x0000000704000000| Untracked 
|   7|0x0000000704100000, 0x0000000704100000, 0x0000000704200000|  0%| F|  |TAMS 0x0000000704100000, 0x0000000704100000| Untracked 
|   8|0x0000000704200000, 0x0000000704200000, 0x0000000704300000|  0%| F|  |TAMS 0x0000000704200000, 0x0000000704200000| Untracked 
|   9|0x0000000704300000, 0x0000000704300000, 0x0000000704400000|  0%| F|  |TAMS 0x0000000704300000, 0x0000000704300000| Untracked 
|  10|0x0000000704400000, 0x0000000704400000, 0x0000000704500000|  0%| F|  |TAMS 0x0000000704400000, 0x0000000704400000| Untracked 
|  11|0x0000000704500000, 0x0000000704500000, 0x0000000704600000|  0%| F|  |TAMS 0x0000000704500000, 0x0000000704500000| Untracked 
|  12|0x0000000704600000, 0x0000000704600000, 0x0000000704700000|  0%| F|  |TAMS 0x0000000704600000, 0x0000000704600000| Untracked 
|  13|0x0000000704700000, 0x0000000704700000, 0x0000000704800000|  0%| F|  |TAMS 0x0000000704700000, 0x0000000704700000| Untracked 
|  14|0x0000000704800000, 0x0000000704800000, 0x0000000704900000|  0%| F|  |TAMS 0x0000000704800000, 0x0000000704800000| Untracked 
|  15|0x0000000704900000, 0x0000000704900000, 0x0000000704a00000|  0%| F|  |TAMS 0x0000000704900000, 0x0000000704900000| Untracked 
|  16|0x0000000704a00000, 0x0000000704a00000, 0x0000000704b00000|  0%| F|  |TAMS 0x0000000704a00000, 0x0000000704a00000| Untracked 
|  17|0x0000000704b00000, 0x0000000704b00000, 0x0000000704c00000|  0%| F|  |TAMS 0x0000000704b00000, 0x0000000704b00000| Untracked 
|  18|0x0000000704c00000, 0x0000000704c00000, 0x0000000704d00000|  0%| F|  |TAMS 0x0000000704c00000, 0x0000000704c00000| Untracked 
|  19|0x0000000704d00000, 0x0000000704d00000, 0x0000000704e00000|  0%| F|  |TAMS 0x0000000704d00000, 0x0000000704d00000| Untracked 
|  20|0x0000000704e00000, 0x0000000704e00000, 0x0000000704f00000|  0%| F|  |TAMS 0x0000000704e00000, 0x0000000704e00000| Untracked 
|  21|0x0000000704f00000, 0x0000000704f00000, 0x0000000705000000|  0%| F|  |TAMS 0x0000000704f00000, 0x0000000704f00000| Untracked 
|  22|0x0000000705000000, 0x0000000705000000, 0x0000000705100000|  0%| F|  |TAMS 0x0000000705000000, 0x0000000705000000| Untracked 
|  23|0x0000000705100000, 0x0000000705100000, 0x0000000705200000|  0%| F|  |TAMS 0x0000000705100000, 0x0000000705100000| Untracked 
|  24|0x0000000705200000, 0x0000000705200000, 0x0000000705300000|  0%| F|  |TAMS 0x0000000705200000, 0x0000000705200000| Untracked 
|  25|0x0000000705300000, 0x0000000705300000, 0x0000000705400000|  0%| F|  |TAMS 0x0000000705300000, 0x0000000705300000| Untracked 
|  26|0x0000000705400000, 0x0000000705400000, 0x0000000705500000|  0%| F|  |TAMS 0x0000000705400000, 0x0000000705400000| Untracked 
|  27|0x0000000705500000, 0x0000000705500000, 0x0000000705600000|  0%| F|  |TAMS 0x0000000705500000, 0x0000000705500000| Untracked 
|  28|0x0000000705600000, 0x0000000705600000, 0x0000000705700000|  0%| F|  |TAMS 0x0000000705600000, 0x0000000705600000| Untracked 
|  29|0x0000000705700000, 0x0000000705700000, 0x0000000705800000|  0%| F|  |TAMS 0x0000000705700000, 0x0000000705700000| Untracked 
|  30|0x0000000705800000, 0x0000000705800000, 0x0000000705900000|  0%| F|  |TAMS 0x0000000705800000, 0x0000000705800000| Untracked 
|  31|0x0000000705900000, 0x0000000705900000, 0x0000000705a00000|  0%| F|  |TAMS 0x0000000705900000, 0x0000000705900000| Untracked 
|  32|0x0000000705a00000, 0x0000000705a00000, 0x0000000705b00000|  0%| F|  |TAMS 0x0000000705a00000, 0x0000000705a00000| Untracked 
|  33|0x0000000705b00000, 0x0000000705b00000, 0x0000000705c00000|  0%| F|  |TAMS 0x0000000705b00000, 0x0000000705b00000| Untracked 
|  34|0x0000000705c00000, 0x0000000705c00000, 0x0000000705d00000|  0%| F|  |TAMS 0x0000000705c00000, 0x0000000705c00000| Untracked 
|  35|0x0000000705d00000, 0x0000000705d00000, 0x0000000705e00000|  0%| F|  |TAMS 0x0000000705d00000, 0x0000000705d00000| Untracked 
|  36|0x0000000705e00000, 0x0000000705e00000, 0x0000000705f00000|  0%| F|  |TAMS 0x0000000705e00000, 0x0000000705e00000| Untracked 
|  37|0x0000000705f00000, 0x0000000705f00000, 0x0000000706000000|  0%| F|  |TAMS 0x0000000705f00000, 0x0000000705f00000| Untracked 
|  38|0x0000000706000000, 0x0000000706000000, 0x0000000706100000|  0%| F|  |TAMS 0x0000000706000000, 0x0000000706000000| Untracked 
|  39|0x0000000706100000, 0x0000000706100000, 0x0000000706200000|  0%| F|  |TAMS 0x0000000706100000, 0x0000000706100000| Untracked 
|  40|0x0000000706200000, 0x0000000706200000, 0x0000000706300000|  0%| F|  |TAMS 0x0000000706200000, 0x0000000706200000| Untracked 
|  41|0x0000000706300000, 0x0000000706300000, 0x0000000706400000|  0%| F|  |TAMS 0x0000000706300000, 0x0000000706300000| Untracked 
|  42|0x0000000706400000, 0x0000000706400000, 0x0000000706500000|  0%| F|  |TAMS 0x0000000706400000, 0x0000000706400000| Untracked 
|  43|0x0000000706500000, 0x0000000706500000, 0x0000000706600000|  0%| F|  |TAMS 0x0000000706500000, 0x0000000706500000| Untracked 
|  44|0x0000000706600000, 0x0000000706600000, 0x0000000706700000|  0%| F|  |TAMS 0x0000000706600000, 0x0000000706600000| Untracked 
|  45|0x0000000706700000, 0x0000000706700000, 0x0000000706800000|  0%| F|  |TAMS 0x0000000706700000, 0x0000000706700000| Untracked 
|  46|0x0000000706800000, 0x0000000706800000, 0x0000000706900000|  0%| F|  |TAMS 0x0000000706800000, 0x0000000706800000| Untracked 
|  47|0x0000000706900000, 0x0000000706900000, 0x0000000706a00000|  0%| F|  |TAMS 0x0000000706900000, 0x0000000706900000| Untracked 
|  48|0x0000000706a00000, 0x0000000706a00000, 0x0000000706b00000|  0%| F|  |TAMS 0x0000000706a00000, 0x0000000706a00000| Untracked 
|  49|0x0000000706b00000, 0x0000000706b00000, 0x0000000706c00000|  0%| F|  |TAMS 0x0000000706b00000, 0x0000000706b00000| Untracked 
|  50|0x0000000706c00000, 0x0000000706c00000, 0x0000000706d00000|  0%| F|  |TAMS 0x0000000706c00000, 0x0000000706c00000| Untracked 
|  51|0x0000000706d00000, 0x0000000706d00000, 0x0000000706e00000|  0%| F|  |TAMS 0x0000000706d00000, 0x0000000706d00000| Untracked 
|  52|0x0000000706e00000, 0x0000000706e00000, 0x0000000706f00000|  0%| F|  |TAMS 0x0000000706e00000, 0x0000000706e00000| Untracked 
|  53|0x0000000706f00000, 0x0000000706f00000, 0x0000000707000000|  0%| F|  |TAMS 0x0000000706f00000, 0x0000000706f00000| Untracked 
|  54|0x0000000707000000, 0x0000000707000000, 0x0000000707100000|  0%| F|  |TAMS 0x0000000707000000, 0x0000000707000000| Untracked 
|  55|0x0000000707100000, 0x0000000707100000, 0x0000000707200000|  0%| F|  |TAMS 0x0000000707100000, 0x0000000707100000| Untracked 
|  56|0x0000000707200000, 0x0000000707200000, 0x0000000707300000|  0%| F|  |TAMS 0x0000000707200000, 0x0000000707200000| Untracked 
|  57|0x0000000707300000, 0x0000000707300000, 0x0000000707400000|  0%| F|  |TAMS 0x0000000707300000, 0x0000000707300000| Untracked 
|  58|0x0000000707400000, 0x0000000707400000, 0x0000000707500000|  0%| F|  |TAMS 0x0000000707400000, 0x0000000707400000| Untracked 
|  59|0x0000000707500000, 0x0000000707500000, 0x0000000707600000|  0%| F|  |TAMS 0x0000000707500000, 0x0000000707500000| Untracked 
|  60|0x0000000707600000, 0x0000000707600000, 0x0000000707700000|  0%| F|  |TAMS 0x0000000707600000, 0x0000000707600000| Untracked 
|  61|0x0000000707700000, 0x0000000707700000, 0x0000000707800000|  0%| F|  |TAMS 0x0000000707700000, 0x0000000707700000| Untracked 
|  62|0x0000000707800000, 0x0000000707800000, 0x0000000707900000|  0%| F|  |TAMS 0x0000000707800000, 0x0000000707800000| Untracked 
|  63|0x0000000707900000, 0x0000000707900000, 0x0000000707a00000|  0%| F|  |TAMS 0x0000000707900000, 0x0000000707900000| Untracked 
|  64|0x0000000707a00000, 0x0000000707a00000, 0x0000000707b00000|  0%| F|  |TAMS 0x0000000707a00000, 0x0000000707a00000| Untracked 
|  65|0x0000000707b00000, 0x0000000707b00000, 0x0000000707c00000|  0%| F|  |TAMS 0x0000000707b00000, 0x0000000707b00000| Untracked 
|  66|0x0000000707c00000, 0x0000000707c00000, 0x0000000707d00000|  0%| F|  |TAMS 0x0000000707c00000, 0x0000000707c00000| Untracked 
|  67|0x0000000707d00000, 0x0000000707d00000, 0x0000000707e00000|  0%| F|  |TAMS 0x0000000707d00000, 0x0000000707d00000| Untracked 
|  68|0x0000000707e00000, 0x0000000707e00000, 0x0000000707f00000|  0%| F|  |TAMS 0x0000000707e00000, 0x0000000707e00000| Untracked 
|  69|0x0000000707f00000, 0x0000000707f00000, 0x0000000708000000|  0%| F|  |TAMS 0x0000000707f00000, 0x0000000707f00000| Untracked 
|  70|0x0000000708000000, 0x0000000708000000, 0x0000000708100000|  0%| F|  |TAMS 0x0000000708000000, 0x0000000708000000| Untracked 
|  71|0x0000000708100000, 0x0000000708100000, 0x0000000708200000|  0%| F|  |TAMS 0x0000000708100000, 0x0000000708100000| Untracked 
|  72|0x0000000708200000, 0x0000000708200000, 0x0000000708300000|  0%| F|  |TAMS 0x0000000708200000, 0x0000000708200000| Untracked 
|  73|0x0000000708300000, 0x0000000708300000, 0x0000000708400000|  0%| F|  |TAMS 0x0000000708300000, 0x0000000708300000| Untracked 
|  74|0x0000000708400000, 0x0000000708400000, 0x0000000708500000|  0%| F|  |TAMS 0x0000000708400000, 0x0000000708400000| Untracked 
|  75|0x0000000708500000, 0x0000000708500000, 0x0000000708600000|  0%| F|  |TAMS 0x0000000708500000, 0x0000000708500000| Untracked 
|  76|0x0000000708600000, 0x0000000708600000, 0x0000000708700000|  0%| F|  |TAMS 0x0000000708600000, 0x0000000708600000| Untracked 
|  77|0x0000000708700000, 0x0000000708700000, 0x0000000708800000|  0%| F|  |TAMS 0x0000000708700000, 0x0000000708700000| Untracked 
|  78|0x0000000708800000, 0x0000000708800000, 0x0000000708900000|  0%| F|  |TAMS 0x0000000708800000, 0x0000000708800000| Untracked 
|  79|0x0000000708900000, 0x0000000708900000, 0x0000000708a00000|  0%| F|  |TAMS 0x0000000708900000, 0x0000000708900000| Untracked 
|  80|0x0000000708a00000, 0x0000000708a00000, 0x0000000708b00000|  0%| F|  |TAMS 0x0000000708a00000, 0x0000000708a00000| Untracked 
|  81|0x0000000708b00000, 0x0000000708b00000, 0x0000000708c00000|  0%| F|  |TAMS 0x0000000708b00000, 0x0000000708b00000| Untracked 
|  82|0x0000000708c00000, 0x0000000708c00000, 0x0000000708d00000|  0%| F|  |TAMS 0x0000000708c00000, 0x0000000708c00000| Untracked 
|  83|0x0000000708d00000, 0x0000000708d00000, 0x0000000708e00000|  0%| F|  |TAMS 0x0000000708d00000, 0x0000000708d00000| Untracked 
|  84|0x0000000708e00000, 0x0000000708e00000, 0x0000000708f00000|  0%| F|  |TAMS 0x0000000708e00000, 0x0000000708e00000| Untracked 
|  85|0x0000000708f00000, 0x0000000708f00000, 0x0000000709000000|  0%| F|  |TAMS 0x0000000708f00000, 0x0000000708f00000| Untracked 
|  86|0x0000000709000000, 0x0000000709000000, 0x0000000709100000|  0%| F|  |TAMS 0x0000000709000000, 0x0000000709000000| Untracked 
|  87|0x0000000709100000, 0x0000000709100000, 0x0000000709200000|  0%| F|  |TAMS 0x0000000709100000, 0x0000000709100000| Untracked 
|  88|0x0000000709200000, 0x0000000709200000, 0x0000000709300000|  0%| F|  |TAMS 0x0000000709200000, 0x0000000709200000| Untracked 
|  89|0x0000000709300000, 0x0000000709300000, 0x0000000709400000|  0%| F|  |TAMS 0x0000000709300000, 0x0000000709300000| Untracked 
|  90|0x0000000709400000, 0x0000000709400000, 0x0000000709500000|  0%| F|  |TAMS 0x0000000709400000, 0x0000000709400000| Untracked 
|  91|0x0000000709500000, 0x0000000709500000, 0x0000000709600000|  0%| F|  |TAMS 0x0000000709500000, 0x0000000709500000| Untracked 
|  92|0x0000000709600000, 0x0000000709600000, 0x0000000709700000|  0%| F|  |TAMS 0x0000000709600000, 0x0000000709600000| Untracked 
|  93|0x0000000709700000, 0x0000000709700000, 0x0000000709800000|  0%| F|  |TAMS 0x0000000709700000, 0x0000000709700000| Untracked 
|  94|0x0000000709800000, 0x0000000709800000, 0x0000000709900000|  0%| F|  |TAMS 0x0000000709800000, 0x0000000709800000| Untracked 
|  95|0x0000000709900000, 0x0000000709900000, 0x0000000709a00000|  0%| F|  |TAMS 0x0000000709900000, 0x0000000709900000| Untracked 
|  96|0x0000000709a00000, 0x0000000709a00000, 0x0000000709b00000|  0%| F|  |TAMS 0x0000000709a00000, 0x0000000709a00000| Untracked 
|  97|0x0000000709b00000, 0x0000000709b00000, 0x0000000709c00000|  0%| F|  |TAMS 0x0000000709b00000, 0x0000000709b00000| Untracked 
|  98|0x0000000709c00000, 0x0000000709c00000, 0x0000000709d00000|  0%| F|  |TAMS 0x0000000709c00000, 0x0000000709c00000| Untracked 
|  99|0x0000000709d00000, 0x0000000709d00000, 0x0000000709e00000|  0%| F|  |TAMS 0x0000000709d00000, 0x0000000709d00000| Untracked 
| 100|0x0000000709e00000, 0x0000000709e00000, 0x0000000709f00000|  0%| F|  |TAMS 0x0000000709e00000, 0x0000000709e00000| Untracked 
| 101|0x0000000709f00000, 0x0000000709f00000, 0x000000070a000000|  0%| F|  |TAMS 0x0000000709f00000, 0x0000000709f00000| Untracked 
| 102|0x000000070a000000, 0x000000070a000000, 0x000000070a100000|  0%| F|  |TAMS 0x000000070a000000, 0x000000070a000000| Untracked 
| 103|0x000000070a100000, 0x000000070a100000, 0x000000070a200000|  0%| F|  |TAMS 0x000000070a100000, 0x000000070a100000| Untracked 
| 104|0x000000070a200000, 0x000000070a200000, 0x000000070a300000|  0%| F|  |TAMS 0x000000070a200000, 0x000000070a200000| Untracked 
| 105|0x000000070a300000, 0x000000070a300000, 0x000000070a400000|  0%| F|  |TAMS 0x000000070a300000, 0x000000070a300000| Untracked 
| 106|0x000000070a400000, 0x000000070a400000, 0x000000070a500000|  0%| F|  |TAMS 0x000000070a400000, 0x000000070a400000| Untracked 
| 107|0x000000070a500000, 0x000000070a500000, 0x000000070a600000|  0%| F|  |TAMS 0x000000070a500000, 0x000000070a500000| Untracked 
| 108|0x000000070a600000, 0x000000070a600000, 0x000000070a700000|  0%| F|  |TAMS 0x000000070a600000, 0x000000070a600000| Untracked 
| 109|0x000000070a700000, 0x000000070a700000, 0x000000070a800000|  0%| F|  |TAMS 0x000000070a700000, 0x000000070a700000| Untracked 
| 110|0x000000070a800000, 0x000000070a800000, 0x000000070a900000|  0%| F|  |TAMS 0x000000070a800000, 0x000000070a800000| Untracked 
| 111|0x000000070a900000, 0x000000070a900000, 0x000000070aa00000|  0%| F|  |TAMS 0x000000070a900000, 0x000000070a900000| Untracked 
| 112|0x000000070aa00000, 0x000000070aa00000, 0x000000070ab00000|  0%| F|  |TAMS 0x000000070aa00000, 0x000000070aa00000| Untracked 
| 113|0x000000070ab00000, 0x000000070ab00000, 0x000000070ac00000|  0%| F|  |TAMS 0x000000070ab00000, 0x000000070ab00000| Untracked 
| 114|0x000000070ac00000, 0x000000070ac00000, 0x000000070ad00000|  0%| F|  |TAMS 0x000000070ac00000, 0x000000070ac00000| Untracked 
| 115|0x000000070ad00000, 0x000000070ad00000, 0x000000070ae00000|  0%| F|  |TAMS 0x000000070ad00000, 0x000000070ad00000| Untracked 
| 116|0x000000070ae00000, 0x000000070ae00000, 0x000000070af00000|  0%| F|  |TAMS 0x000000070ae00000, 0x000000070ae00000| Untracked 
| 117|0x000000070af00000, 0x000000070af00000, 0x000000070b000000|  0%| F|  |TAMS 0x000000070af00000, 0x000000070af00000| Untracked 
| 118|0x000000070b000000, 0x000000070b000000, 0x000000070b100000|  0%| F|  |TAMS 0x000000070b000000, 0x000000070b000000| Untracked 
| 119|0x000000070b100000, 0x000000070b100000, 0x000000070b200000|  0%| F|  |TAMS 0x000000070b100000, 0x000000070b100000| Untracked 
| 120|0x000000070b200000, 0x000000070b200000, 0x000000070b300000|  0%| F|  |TAMS 0x000000070b200000, 0x000000070b200000| Untracked 
| 121|0x000000070b300000, 0x000000070b300000, 0x000000070b400000|  0%| F|  |TAMS 0x000000070b300000, 0x000000070b300000| Untracked 
| 122|0x000000070b400000, 0x000000070b400000, 0x000000070b500000|  0%| F|  |TAMS 0x000000070b400000, 0x000000070b400000| Untracked 
| 123|0x000000070b500000, 0x000000070b500000, 0x000000070b600000|  0%| F|  |TAMS 0x000000070b500000, 0x000000070b500000| Untracked 
| 124|0x000000070b600000, 0x000000070b600000, 0x000000070b700000|  0%| F|  |TAMS 0x000000070b600000, 0x000000070b600000| Untracked 
| 125|0x000000070b700000, 0x000000070b700000, 0x000000070b800000|  0%| F|  |TAMS 0x000000070b700000, 0x000000070b700000| Untracked 
| 126|0x000000070b800000, 0x000000070b800000, 0x000000070b900000|  0%| F|  |TAMS 0x000000070b800000, 0x000000070b800000| Untracked 
| 127|0x000000070b900000, 0x000000070b900000, 0x000000070ba00000|  0%| F|  |TAMS 0x000000070b900000, 0x000000070b900000| Untracked 
| 128|0x000000070ba00000, 0x000000070ba00000, 0x000000070bb00000|  0%| F|  |TAMS 0x000000070ba00000, 0x000000070ba00000| Untracked 
| 129|0x000000070bb00000, 0x000000070bb00000, 0x000000070bc00000|  0%| F|  |TAMS 0x000000070bb00000, 0x000000070bb00000| Untracked 
| 130|0x000000070bc00000, 0x000000070bc00000, 0x000000070bd00000|  0%| F|  |TAMS 0x000000070bc00000, 0x000000070bc00000| Untracked 
| 131|0x000000070bd00000, 0x000000070bd00000, 0x000000070be00000|  0%| F|  |TAMS 0x000000070bd00000, 0x000000070bd00000| Untracked 
| 132|0x000000070be00000, 0x000000070be00000, 0x000000070bf00000|  0%| F|  |TAMS 0x000000070be00000, 0x000000070be00000| Untracked 
| 133|0x000000070bf00000, 0x000000070bf00000, 0x000000070c000000|  0%| F|  |TAMS 0x000000070bf00000, 0x000000070bf00000| Untracked 
| 134|0x000000070c000000, 0x000000070c000000, 0x000000070c100000|  0%| F|  |TAMS 0x000000070c000000, 0x000000070c000000| Untracked 
| 135|0x000000070c100000, 0x000000070c100000, 0x000000070c200000|  0%| F|  |TAMS 0x000000070c100000, 0x000000070c100000| Untracked 
| 136|0x000000070c200000, 0x000000070c200000, 0x000000070c300000|  0%| F|  |TAMS 0x000000070c200000, 0x000000070c200000| Untracked 
| 137|0x000000070c300000, 0x000000070c300000, 0x000000070c400000|  0%| F|  |TAMS 0x000000070c300000, 0x000000070c300000| Untracked 
| 138|0x000000070c400000, 0x000000070c400000, 0x000000070c500000|  0%| F|  |TAMS 0x000000070c400000, 0x000000070c400000| Untracked 
| 139|0x000000070c500000, 0x000000070c500000, 0x000000070c600000|  0%| F|  |TAMS 0x000000070c500000, 0x000000070c500000| Untracked 
| 140|0x000000070c600000, 0x000000070c600000, 0x000000070c700000|  0%| F|  |TAMS 0x000000070c600000, 0x000000070c600000| Untracked 
| 141|0x000000070c700000, 0x000000070c700000, 0x000000070c800000|  0%| F|  |TAMS 0x000000070c700000, 0x000000070c700000| Untracked 
| 142|0x000000070c800000, 0x000000070c800000, 0x000000070c900000|  0%| F|  |TAMS 0x000000070c800000, 0x000000070c800000| Untracked 
| 143|0x000000070c900000, 0x000000070c900000, 0x000000070ca00000|  0%| F|  |TAMS 0x000000070c900000, 0x000000070c900000| Untracked 
| 144|0x000000070ca00000, 0x000000070ca00000, 0x000000070cb00000|  0%| F|  |TAMS 0x000000070ca00000, 0x000000070ca00000| Untracked 
| 145|0x000000070cb00000, 0x000000070cb00000, 0x000000070cc00000|  0%| F|  |TAMS 0x000000070cb00000, 0x000000070cb00000| Untracked 
| 146|0x000000070cc00000, 0x000000070cc00000, 0x000000070cd00000|  0%| F|  |TAMS 0x000000070cc00000, 0x000000070cc00000| Untracked 
| 147|0x000000070cd00000, 0x000000070cd00000, 0x000000070ce00000|  0%| F|  |TAMS 0x000000070cd00000, 0x000000070cd00000| Untracked 
| 148|0x000000070ce00000, 0x000000070ce00000, 0x000000070cf00000|  0%| F|  |TAMS 0x000000070ce00000, 0x000000070ce00000| Untracked 
| 149|0x000000070cf00000, 0x000000070cf00000, 0x000000070d000000|  0%| F|  |TAMS 0x000000070cf00000, 0x000000070cf00000| Untracked 
| 150|0x000000070d000000, 0x000000070d000000, 0x000000070d100000|  0%| F|  |TAMS 0x000000070d000000, 0x000000070d000000| Untracked 
| 151|0x000000070d100000, 0x000000070d100000, 0x000000070d200000|  0%| F|  |TAMS 0x000000070d100000, 0x000000070d100000| Untracked 
| 152|0x000000070d200000, 0x000000070d200000, 0x000000070d300000|  0%| F|  |TAMS 0x000000070d200000, 0x000000070d200000| Untracked 
| 153|0x000000070d300000, 0x000000070d300000, 0x000000070d400000|  0%| F|  |TAMS 0x000000070d300000, 0x000000070d300000| Untracked 
| 154|0x000000070d400000, 0x000000070d400000, 0x000000070d500000|  0%| F|  |TAMS 0x000000070d400000, 0x000000070d400000| Untracked 
| 155|0x000000070d500000, 0x000000070d500000, 0x000000070d600000|  0%| F|  |TAMS 0x000000070d500000, 0x000000070d500000| Untracked 
| 156|0x000000070d600000, 0x000000070d600000, 0x000000070d700000|  0%| F|  |TAMS 0x000000070d600000, 0x000000070d600000| Untracked 
| 157|0x000000070d700000, 0x000000070d700000, 0x000000070d800000|  0%| F|  |TAMS 0x000000070d700000, 0x000000070d700000| Untracked 
| 158|0x000000070d800000, 0x000000070d800000, 0x000000070d900000|  0%| F|  |TAMS 0x000000070d800000, 0x000000070d800000| Untracked 
| 159|0x000000070d900000, 0x000000070d900000, 0x000000070da00000|  0%| F|  |TAMS 0x000000070d900000, 0x000000070d900000| Untracked 
| 160|0x000000070da00000, 0x000000070da00000, 0x000000070db00000|  0%| F|  |TAMS 0x000000070da00000, 0x000000070da00000| Untracked 
| 161|0x000000070db00000, 0x000000070db00000, 0x000000070dc00000|  0%| F|  |TAMS 0x000000070db00000, 0x000000070db00000| Untracked 
| 162|0x000000070dc00000, 0x000000070dc00000, 0x000000070dd00000|  0%| F|  |TAMS 0x000000070dc00000, 0x000000070dc00000| Untracked 
| 163|0x000000070dd00000, 0x000000070dd00000, 0x000000070de00000|  0%| F|  |TAMS 0x000000070dd00000, 0x000000070dd00000| Untracked 
| 164|0x000000070de00000, 0x000000070de00000, 0x000000070df00000|  0%| F|  |TAMS 0x000000070de00000, 0x000000070de00000| Untracked 
| 165|0x000000070df00000, 0x000000070df00000, 0x000000070e000000|  0%| F|  |TAMS 0x000000070df00000, 0x000000070df00000| Untracked 
| 166|0x000000070e000000, 0x000000070e000000, 0x000000070e100000|  0%| F|  |TAMS 0x000000070e000000, 0x000000070e000000| Untracked 
| 167|0x000000070e100000, 0x000000070e100000, 0x000000070e200000|  0%| F|  |TAMS 0x000000070e100000, 0x000000070e100000| Untracked 
| 168|0x000000070e200000, 0x000000070e200000, 0x000000070e300000|  0%| F|  |TAMS 0x000000070e200000, 0x000000070e200000| Untracked 
| 169|0x000000070e300000, 0x000000070e300000, 0x000000070e400000|  0%| F|  |TAMS 0x000000070e300000, 0x000000070e300000| Untracked 
| 170|0x000000070e400000, 0x000000070e400000, 0x000000070e500000|  0%| F|  |TAMS 0x000000070e400000, 0x000000070e400000| Untracked 
| 171|0x000000070e500000, 0x000000070e500000, 0x000000070e600000|  0%| F|  |TAMS 0x000000070e500000, 0x000000070e500000| Untracked 
| 172|0x000000070e600000, 0x000000070e600000, 0x000000070e700000|  0%| F|  |TAMS 0x000000070e600000, 0x000000070e600000| Untracked 
| 173|0x000000070e700000, 0x000000070e700000, 0x000000070e800000|  0%| F|  |TAMS 0x000000070e700000, 0x000000070e700000| Untracked 
| 174|0x000000070e800000, 0x000000070e800000, 0x000000070e900000|  0%| F|  |TAMS 0x000000070e800000, 0x000000070e800000| Untracked 
| 175|0x000000070e900000, 0x000000070e900000, 0x000000070ea00000|  0%| F|  |TAMS 0x000000070e900000, 0x000000070e900000| Untracked 
| 176|0x000000070ea00000, 0x000000070ea00000, 0x000000070eb00000|  0%| F|  |TAMS 0x000000070ea00000, 0x000000070ea00000| Untracked 
| 177|0x000000070eb00000, 0x000000070eb00000, 0x000000070ec00000|  0%| F|  |TAMS 0x000000070eb00000, 0x000000070eb00000| Untracked 
| 178|0x000000070ec00000, 0x000000070ec00000, 0x000000070ed00000|  0%| F|  |TAMS 0x000000070ec00000, 0x000000070ec00000| Untracked 
| 179|0x000000070ed00000, 0x000000070ed00000, 0x000000070ee00000|  0%| F|  |TAMS 0x000000070ed00000, 0x000000070ed00000| Untracked 
| 180|0x000000070ee00000, 0x000000070ee00000, 0x000000070ef00000|  0%| F|  |TAMS 0x000000070ee00000, 0x000000070ee00000| Untracked 
| 181|0x000000070ef00000, 0x000000070ef00000, 0x000000070f000000|  0%| F|  |TAMS 0x000000070ef00000, 0x000000070ef00000| Untracked 
| 182|0x000000070f000000, 0x000000070f000000, 0x000000070f100000|  0%| F|  |TAMS 0x000000070f000000, 0x000000070f000000| Untracked 
| 183|0x000000070f100000, 0x000000070f100000, 0x000000070f200000|  0%| F|  |TAMS 0x000000070f100000, 0x000000070f100000| Untracked 
| 184|0x000000070f200000, 0x000000070f200000, 0x000000070f300000|  0%| F|  |TAMS 0x000000070f200000, 0x000000070f200000| Untracked 
| 185|0x000000070f300000, 0x000000070f300000, 0x000000070f400000|  0%| F|  |TAMS 0x000000070f300000, 0x000000070f300000| Untracked 
| 186|0x000000070f400000, 0x000000070f400000, 0x000000070f500000|  0%| F|  |TAMS 0x000000070f400000, 0x000000070f400000| Untracked 
| 187|0x000000070f500000, 0x000000070f500000, 0x000000070f600000|  0%| F|  |TAMS 0x000000070f500000, 0x000000070f500000| Untracked 
| 188|0x000000070f600000, 0x000000070f600000, 0x000000070f700000|  0%| F|  |TAMS 0x000000070f600000, 0x000000070f600000| Untracked 
| 189|0x000000070f700000, 0x000000070f700000, 0x000000070f800000|  0%| F|  |TAMS 0x000000070f700000, 0x000000070f700000| Untracked 
| 190|0x000000070f800000, 0x000000070f800000, 0x000000070f900000|  0%| F|  |TAMS 0x000000070f800000, 0x000000070f800000| Untracked 
| 191|0x000000070f900000, 0x000000070f900000, 0x000000070fa00000|  0%| F|  |TAMS 0x000000070f900000, 0x000000070f900000| Untracked 
| 192|0x000000070fa00000, 0x000000070fa00000, 0x000000070fb00000|  0%| F|  |TAMS 0x000000070fa00000, 0x000000070fa00000| Untracked 
| 193|0x000000070fb00000, 0x000000070fb00000, 0x000000070fc00000|  0%| F|  |TAMS 0x000000070fb00000, 0x000000070fb00000| Untracked 
| 194|0x000000070fc00000, 0x000000070fc00000, 0x000000070fd00000|  0%| F|  |TAMS 0x000000070fc00000, 0x000000070fc00000| Untracked 
| 195|0x000000070fd00000, 0x000000070fd00000, 0x000000070fe00000|  0%| F|  |TAMS 0x000000070fd00000, 0x000000070fd00000| Untracked 
| 196|0x000000070fe00000, 0x000000070fe00000, 0x000000070ff00000|  0%| F|  |TAMS 0x000000070fe00000, 0x000000070fe00000| Untracked 
| 197|0x000000070ff00000, 0x000000070ff00000, 0x0000000710000000|  0%| F|  |TAMS 0x000000070ff00000, 0x000000070ff00000| Untracked 
| 198|0x0000000710000000, 0x0000000710000000, 0x0000000710100000|  0%| F|  |TAMS 0x0000000710000000, 0x0000000710000000| Untracked 
| 199|0x0000000710100000, 0x0000000710100000, 0x0000000710200000|  0%| F|  |TAMS 0x0000000710100000, 0x0000000710100000| Untracked 
| 200|0x0000000710200000, 0x0000000710200000, 0x0000000710300000|  0%| F|  |TAMS 0x0000000710200000, 0x0000000710200000| Untracked 
| 201|0x0000000710300000, 0x0000000710300000, 0x0000000710400000|  0%| F|  |TAMS 0x0000000710300000, 0x0000000710300000| Untracked 
| 202|0x0000000710400000, 0x0000000710400000, 0x0000000710500000|  0%| F|  |TAMS 0x0000000710400000, 0x0000000710400000| Untracked 
| 203|0x0000000710500000, 0x0000000710500000, 0x0000000710600000|  0%| F|  |TAMS 0x0000000710500000, 0x0000000710500000| Untracked 
| 204|0x0000000710600000, 0x0000000710600000, 0x0000000710700000|  0%| F|  |TAMS 0x0000000710600000, 0x0000000710600000| Untracked 
| 205|0x0000000710700000, 0x0000000710700000, 0x0000000710800000|  0%| F|  |TAMS 0x0000000710700000, 0x0000000710700000| Untracked 
| 206|0x0000000710800000, 0x0000000710800000, 0x0000000710900000|  0%| F|  |TAMS 0x0000000710800000, 0x0000000710800000| Untracked 
| 207|0x0000000710900000, 0x0000000710900000, 0x0000000710a00000|  0%| F|  |TAMS 0x0000000710900000, 0x0000000710900000| Untracked 
| 208|0x0000000710a00000, 0x0000000710a00000, 0x0000000710b00000|  0%| F|  |TAMS 0x0000000710a00000, 0x0000000710a00000| Untracked 
| 209|0x0000000710b00000, 0x0000000710b00000, 0x0000000710c00000|  0%| F|  |TAMS 0x0000000710b00000, 0x0000000710b00000| Untracked 
| 210|0x0000000710c00000, 0x0000000710c00000, 0x0000000710d00000|  0%| F|  |TAMS 0x0000000710c00000, 0x0000000710c00000| Untracked 
| 211|0x0000000710d00000, 0x0000000710d00000, 0x0000000710e00000|  0%| F|  |TAMS 0x0000000710d00000, 0x0000000710d00000| Untracked 
| 212|0x0000000710e00000, 0x0000000710e00000, 0x0000000710f00000|  0%| F|  |TAMS 0x0000000710e00000, 0x0000000710e00000| Untracked 
| 213|0x0000000710f00000, 0x0000000710f00000, 0x0000000711000000|  0%| F|  |TAMS 0x0000000710f00000, 0x0000000710f00000| Untracked 
| 214|0x0000000711000000, 0x0000000711000000, 0x0000000711100000|  0%| F|  |TAMS 0x0000000711000000, 0x0000000711000000| Untracked 
| 215|0x0000000711100000, 0x0000000711100000, 0x0000000711200000|  0%| F|  |TAMS 0x0000000711100000, 0x0000000711100000| Untracked 
| 216|0x0000000711200000, 0x0000000711200000, 0x0000000711300000|  0%| F|  |TAMS 0x0000000711200000, 0x0000000711200000| Untracked 
| 217|0x0000000711300000, 0x0000000711300000, 0x0000000711400000|  0%| F|  |TAMS 0x0000000711300000, 0x0000000711300000| Untracked 
| 218|0x0000000711400000, 0x0000000711400000, 0x0000000711500000|  0%| F|  |TAMS 0x0000000711400000, 0x0000000711400000| Untracked 
| 219|0x0000000711500000, 0x0000000711500000, 0x0000000711600000|  0%| F|  |TAMS 0x0000000711500000, 0x0000000711500000| Untracked 
| 220|0x0000000711600000, 0x0000000711600000, 0x0000000711700000|  0%| F|  |TAMS 0x0000000711600000, 0x0000000711600000| Untracked 
| 221|0x0000000711700000, 0x0000000711700000, 0x0000000711800000|  0%| F|  |TAMS 0x0000000711700000, 0x0000000711700000| Untracked 
| 222|0x0000000711800000, 0x0000000711800000, 0x0000000711900000|  0%| F|  |TAMS 0x0000000711800000, 0x0000000711800000| Untracked 
| 223|0x0000000711900000, 0x0000000711900000, 0x0000000711a00000|  0%| F|  |TAMS 0x0000000711900000, 0x0000000711900000| Untracked 
| 224|0x0000000711a00000, 0x0000000711a00000, 0x0000000711b00000|  0%| F|  |TAMS 0x0000000711a00000, 0x0000000711a00000| Untracked 
| 225|0x0000000711b00000, 0x0000000711b00000, 0x0000000711c00000|  0%| F|  |TAMS 0x0000000711b00000, 0x0000000711b00000| Untracked 
| 226|0x0000000711c00000, 0x0000000711c00000, 0x0000000711d00000|  0%| F|  |TAMS 0x0000000711c00000, 0x0000000711c00000| Untracked 
| 227|0x0000000711d00000, 0x0000000711d00000, 0x0000000711e00000|  0%| F|  |TAMS 0x0000000711d00000, 0x0000000711d00000| Untracked 
| 228|0x0000000711e00000, 0x0000000711e00000, 0x0000000711f00000|  0%| F|  |TAMS 0x0000000711e00000, 0x0000000711e00000| Untracked 
| 229|0x0000000711f00000, 0x0000000711f00000, 0x0000000712000000|  0%| F|  |TAMS 0x0000000711f00000, 0x0000000711f00000| Untracked 
| 230|0x0000000712000000, 0x0000000712000000, 0x0000000712100000|  0%| F|  |TAMS 0x0000000712000000, 0x0000000712000000| Untracked 
| 231|0x0000000712100000, 0x0000000712100000, 0x0000000712200000|  0%| F|  |TAMS 0x0000000712100000, 0x0000000712100000| Untracked 
| 232|0x0000000712200000, 0x0000000712200000, 0x0000000712300000|  0%| F|  |TAMS 0x0000000712200000, 0x0000000712200000| Untracked 
| 233|0x0000000712300000, 0x0000000712300000, 0x0000000712400000|  0%| F|  |TAMS 0x0000000712300000, 0x0000000712300000| Untracked 
| 234|0x0000000712400000, 0x0000000712400000, 0x0000000712500000|  0%| F|  |TAMS 0x0000000712400000, 0x0000000712400000| Untracked 
| 235|0x0000000712500000, 0x0000000712500000, 0x0000000712600000|  0%| F|  |TAMS 0x0000000712500000, 0x0000000712500000| Untracked 
| 236|0x0000000712600000, 0x0000000712600000, 0x0000000712700000|  0%| F|  |TAMS 0x0000000712600000, 0x0000000712600000| Untracked 
| 237|0x0000000712700000, 0x0000000712700000, 0x0000000712800000|  0%| F|  |TAMS 0x0000000712700000, 0x0000000712700000| Untracked 
| 238|0x0000000712800000, 0x0000000712800000, 0x0000000712900000|  0%| F|  |TAMS 0x0000000712800000, 0x0000000712800000| Untracked 
| 239|0x0000000712900000, 0x0000000712900000, 0x0000000712a00000|  0%| F|  |TAMS 0x0000000712900000, 0x0000000712900000| Untracked 
| 240|0x0000000712a00000, 0x0000000712a00000, 0x0000000712b00000|  0%| F|  |TAMS 0x0000000712a00000, 0x0000000712a00000| Untracked 
| 241|0x0000000712b00000, 0x0000000712b00000, 0x0000000712c00000|  0%| F|  |TAMS 0x0000000712b00000, 0x0000000712b00000| Untracked 
| 242|0x0000000712c00000, 0x0000000712c00000, 0x0000000712d00000|  0%| F|  |TAMS 0x0000000712c00000, 0x0000000712c00000| Untracked 
| 243|0x0000000712d00000, 0x0000000712d00000, 0x0000000712e00000|  0%| F|  |TAMS 0x0000000712d00000, 0x0000000712d00000| Untracked 
| 244|0x0000000712e00000, 0x0000000712e00000, 0x0000000712f00000|  0%| F|  |TAMS 0x0000000712e00000, 0x0000000712e00000| Untracked 
| 245|0x0000000712f00000, 0x0000000712f00000, 0x0000000713000000|  0%| F|  |TAMS 0x0000000712f00000, 0x0000000712f00000| Untracked 
| 246|0x0000000713000000, 0x0000000713000000, 0x0000000713100000|  0%| F|  |TAMS 0x0000000713000000, 0x0000000713000000| Untracked 
| 247|0x0000000713100000, 0x0000000713100000, 0x0000000713200000|  0%| F|  |TAMS 0x0000000713100000, 0x0000000713100000| Untracked 
| 248|0x0000000713200000, 0x0000000713200000, 0x0000000713300000|  0%| F|  |TAMS 0x0000000713200000, 0x0000000713200000| Untracked 
| 249|0x0000000713300000, 0x0000000713300000, 0x0000000713400000|  0%| F|  |TAMS 0x0000000713300000, 0x0000000713300000| Untracked 
| 250|0x0000000713400000, 0x0000000713400000, 0x0000000713500000|  0%| F|  |TAMS 0x0000000713400000, 0x0000000713400000| Untracked 
| 251|0x0000000713500000, 0x0000000713576838, 0x0000000713600000| 46%| E|  |TAMS 0x0000000713500000, 0x0000000713500000| Complete 
| 252|0x0000000713600000, 0x0000000713700000, 0x0000000713700000|100%| E|CS|TAMS 0x0000000713600000, 0x0000000713600000| Complete 
| 253|0x0000000713700000, 0x0000000713800000, 0x0000000713800000|100%| E|CS|TAMS 0x0000000713700000, 0x0000000713700000| Complete 

Card table byte_map: [0x0000028721190000,0x0000028721980000] _byte_map_base: 0x000002871d973000

Marking Bits (Prev, Next): (CMBitMap*) 0x000002870e5a7228, (CMBitMap*) 0x000002870e5a7268
 Prev Bits: [0x0000028722170000, 0x0000028726088000)
 Next Bits: [0x0000028726090000, 0x0000028729fa8000)

Polling page: 0x000002870c500000

Metaspace:

Usage:
  Non-class:      4.53 MB capacity,     4.52 MB (>99%) used,     6.15 KB ( <1%) free+waste,     1.31 KB ( <1%) overhead. 
      Class:    501.00 KB capacity,   482.13 KB ( 96%) used,    17.81 KB (  4%) free+waste,     1.06 KB ( <1%) overhead. 
       Both:      5.02 MB capacity,     4.99 MB (>99%) used,    23.96 KB ( <1%) free+waste,     2.38 KB ( <1%) overhead. 

Virtual space:
  Non-class space:        8.00 MB reserved,       4.75 MB ( 59%) committed 
      Class space:        1.00 GB reserved,     512.00 KB ( <1%) committed 
             Both:        1.01 GB reserved,       5.25 MB ( <1%) committed 

Chunk freelists:
   Non-Class:  37.00 KB
       Class:  11.00 KB
        Both:  48.00 KB

MaxMetaspaceSize: 17179869184.00 GB
CompressedClassSpaceSize: 1.00 GB

CodeHeap 'non-profiled nmethods': size=120000Kb used=36Kb max_used=36Kb free=119963Kb
 bounds [0x0000028719140000, 0x00000287193b0000, 0x0000028720670000]
CodeHeap 'profiled nmethods': size=120000Kb used=173Kb max_used=173Kb free=119826Kb
 bounds [0x0000028711c10000, 0x0000028711e80000, 0x0000028719140000]
CodeHeap 'non-nmethods': size=5760Kb used=1138Kb max_used=1138Kb free=4621Kb
 bounds [0x0000028711670000, 0x00000287118e0000, 0x0000028711c10000]
 total_blobs=508 nmethods=136 adapters=285
 compilation: enabled
              stopped_count=0, restarted_count=0
 full_count=0

Compilation events (20 events):
Event: 0.197 Thread 0x000002872d456800  115       3       java.lang.String::lastIndexOf (29 bytes)
Event: 0.197 Thread 0x000002872d456800 nmethod 115 0x0000028711c39b10 code [0x0000028711c39ce0, 0x0000028711c39f78]
Event: 0.198 Thread 0x000002872d456800  116       3       java.lang.String::lastIndexOf (12 bytes)
Event: 0.198 Thread 0x000002872d456800 nmethod 116 0x0000028711c3a090 code [0x0000028711c3a280, 0x0000028711c3a678]
Event: 0.199 Thread 0x000002872d456800  117       3       java.lang.AbstractStringBuilder::newCapacity (55 bytes)
Event: 0.199 Thread 0x000002872d456800 nmethod 117 0x0000028711c3a810 code [0x0000028711c3a9c0, 0x0000028711c3abe8]
Event: 0.200 Thread 0x000002872d456800  118       1       java.security.ProtectionDomain::getCodeSource (5 bytes)
Event: 0.200 Thread 0x000002872d456800 nmethod 118 0x0000028719145d10 code [0x0000028719145ea0, 0x0000028719145f58]
Event: 0.527 Thread 0x000002872d456800  124       1       java.lang.Enum::ordinal (5 bytes)
Event: 0.527 Thread 0x000002872d456800 nmethod 124 0x0000028719147010 code [0x00000287191471a0, 0x0000028719147258]
Event: 0.530 Thread 0x000002872d456800  126       3       java.lang.AbstractStringBuilder::<init> (39 bytes)
Event: 0.530 Thread 0x000002872d456800 nmethod 126 0x0000028711c3ad10 code [0x0000028711c3aec0, 0x0000028711c3b158]
Event: 0.530 Thread 0x000002872d456800  125       3       java.lang.StringBuilder::<init> (7 bytes)
Event: 0.531 Thread 0x000002872d456800 nmethod 125 0x0000028711c3b210 code [0x0000028711c3b3c0, 0x0000028711c3b4e8]
Event: 0.531 Thread 0x000002872d456800  127       1       java.lang.Class::getClassLoader0 (5 bytes)
Event: 0.531 Thread 0x000002872d456800 nmethod 127 0x0000028719147610 code [0x00000287191477a0, 0x0000028719147858]
Event: 4.604 Thread 0x000002872d456800  135       1       java.lang.invoke.MethodType::returnType (5 bytes)
Event: 4.604 Thread 0x000002872d456800 nmethod 135 0x0000028719148b10 code [0x0000028719148ca0, 0x0000028719148d58]
Event: 4.960 Thread 0x000002872d456800  136       1       java.net.URL::getFile (5 bytes)
Event: 4.960 Thread 0x000002872d456800 nmethod 136 0x0000028719148e10 code [0x0000028719148fa0, 0x0000028719149058]

GC Heap History (0 events):
No events

Deoptimization events (4 events):
Event: 0.104 Thread 0x000002870e53d800 Uncommon trap: trap_request=0xffffff45 fr.pc=0x00000287191443f0 relative=0x0000000000000210
Event: 0.104 Thread 0x000002870e53d800 Uncommon trap: reason=unstable_if action=reinterpret pc=0x00000287191443f0 method=java.lang.String.hashCode()I @ 42 c2
Event: 0.104 Thread 0x000002870e53d800 DEOPT PACKING pc=0x00000287191443f0 sp=0x000000876f9fd720
Event: 0.104 Thread 0x000002870e53d800 DEOPT UNPACKING pc=0x000002871167852f sp=0x000000876f9fd6b8 mode 2

Classes unloaded (0 events):
No events

Classes redefined (0 events):
No events

Internal exceptions (2 events):
Event: 0.518 Thread 0x000002872d653000 Exception <a 'java/lang/NoSuchMethodError'{0x00000007136f69f8}: 'void java.lang.invoke.DirectMethodHandle$Holder.invokeSpecial(java.lang.Object, java.lang.Object, int)'> (0x00000007136f69f8) 
thrown [./open/src/hotspot/share/interpreter/linkResolver.cpp, line 766]
Event: 4.603 Thread 0x000002872d653000 Exception <a 'java/lang/NoSuchMethodError'{0x0000000713504b30}: 'void java.lang.invoke.DirectMethodHandle$Holder.invokeSpecial(java.lang.Object, java.lang.Object)'> (0x0000000713504b30) 
thrown [./open/src/hotspot/share/interpreter/linkResolver.cpp, line 766]

Events (20 events):
Event: 4.829 Executing VM operation: HandshakeOneThread
Event: 4.829 Executing VM operation: HandshakeOneThread done
Event: 4.960 Executing VM operation: HandshakeOneThread
Event: 4.960 Executing VM operation: HandshakeOneThread done
Event: 4.960 Executing VM operation: HandshakeOneThread
Event: 4.960 Executing VM operation: HandshakeOneThread done
Event: 4.960 Executing VM operation: HandshakeOneThread
Event: 4.960 Executing VM operation: HandshakeOneThread done
Event: 4.960 Executing VM operation: HandshakeOneThread
Event: 4.960 Executing VM operation: HandshakeOneThread done
Event: 4.960 Executing VM operation: HandshakeOneThread
Event: 4.960 Executing VM operation: HandshakeOneThread done
Event: 4.960 Executing VM operation: HandshakeOneThread
Event: 4.960 Executing VM operation: HandshakeOneThread done
Event: 4.961 Executing VM operation: HandshakeOneThread
Event: 4.961 Executing VM operation: HandshakeOneThread done
Event: 4.961 loading class java/lang/UnsupportedOperationException
Event: 4.961 loading class java/lang/UnsupportedOperationException done
Event: 5.145 Executing VM operation: HandshakeOneThread
Event: 5.145 Executing VM operation: HandshakeOneThread done


Dynamic libraries:
0x00007ff6ec870000 - 0x00007ff6ec87d000 	C:\Users\Utilisateur\Documents\school SI4\Finate State Machines\sctpro-win32.win32.x86_64 (1)\yakindu-sctpro\plugins\org.eclipse.justj.openjdk.hotspot.jre.full.stripped.win32.x86_64_14.0.2.v20200722-0632\jre\bin\javaw.exe
0x00007ffb966d0000 - 0x00007ffb968c5000 	C:\WINDOWS\SYSTEM32\ntdll.dll
0x00007ffb960c0000 - 0x00007ffb9617e000 	C:\WINDOWS\System32\KERNEL32.DLL
0x00007ffb942e0000 - 0x00007ffb945a9000 	C:\WINDOWS\System32\KERNELBASE.dll
0x00007ffb93dc0000 - 0x00007ffb93ec0000 	C:\WINDOWS\System32\ucrtbase.dll
0x00007ffb8e3d0000 - 0x00007ffb8e3e8000 	C:\Users\Utilisateur\Documents\school SI4\Finate State Machines\sctpro-win32.win32.x86_64 (1)\yakindu-sctpro\plugins\org.eclipse.justj.openjdk.hotspot.jre.full.stripped.win32.x86_64_14.0.2.v20200722-0632\jre\bin\jli.dll
0x00007ffb64fb0000 - 0x00007ffb64fc5000 	C:\Users\Utilisateur\Documents\school SI4\Finate State Machines\sctpro-win32.win32.x86_64 (1)\yakindu-sctpro\plugins\org.eclipse.justj.openjdk.hotspot.jre.full.stripped.win32.x86_64_14.0.2.v20200722-0632\jre\bin\VCRUNTIME140.dll
0x00007ffb94750000 - 0x00007ffb948f1000 	C:\WINDOWS\System32\USER32.dll
0x00007ffb93ec0000 - 0x00007ffb93ee2000 	C:\WINDOWS\System32\win32u.dll
0x00007ffb7d2d0000 - 0x00007ffb7d56a000 	C:\WINDOWS\WinSxS\amd64_microsoft.windows.common-controls_6595b64144ccf1df_6.0.19041.1110_none_60b5254171f9507e\COMCTL32.dll
0x00007ffb951b0000 - 0x00007ffb951db000 	C:\WINDOWS\System32\GDI32.dll
0x00007ffb93ef0000 - 0x00007ffb93ffb000 	C:\WINDOWS\System32\gdi32full.dll
0x00007ffb96380000 - 0x00007ffb9641e000 	C:\WINDOWS\System32\msvcrt.dll
0x00007ffb94050000 - 0x00007ffb940ed000 	C:\WINDOWS\System32\msvcp_win.dll
0x00007ffb957c0000 - 0x00007ffb957f0000 	C:\WINDOWS\System32\IMM32.DLL
0x00007ffb5aec0000 - 0x00007ffb5af5b000 	C:\Users\Utilisateur\Documents\school SI4\Finate State Machines\sctpro-win32.win32.x86_64 (1)\yakindu-sctpro\plugins\org.eclipse.justj.openjdk.hotspot.jre.full.stripped.win32.x86_64_14.0.2.v20200722-0632\jre\bin\msvcp140.dll
0x00007ffb4eb00000 - 0x00007ffb4f61e000 	C:\Users\Utilisateur\Documents\school SI4\Finate State Machines\sctpro-win32.win32.x86_64 (1)\yakindu-sctpro\plugins\org.eclipse.justj.openjdk.hotspot.jre.full.stripped.win32.x86_64_14.0.2.v20200722-0632\jre\bin\server\jvm.dll
0x00007ffb96180000 - 0x00007ffb9622c000 	C:\WINDOWS\System32\ADVAPI32.dll
0x00007ffb94be0000 - 0x00007ffb94c7b000 	C:\WINDOWS\System32\sechost.dll
0x00007ffb96530000 - 0x00007ffb9665a000 	C:\WINDOWS\System32\RPCRT4.dll
0x00007ffb94ab0000 - 0x00007ffb94ab8000 	C:\WINDOWS\System32\PSAPI.DLL
0x00007ffb8d5b0000 - 0x00007ffb8d5ba000 	C:\WINDOWS\SYSTEM32\VERSION.dll
0x00007ffb91540000 - 0x00007ffb91567000 	C:\WINDOWS\SYSTEM32\WINMM.dll
0x00007ffb7edf0000 - 0x00007ffb7edf9000 	C:\WINDOWS\SYSTEM32\WSOCK32.dll
0x00007ffb951e0000 - 0x00007ffb9524b000 	C:\WINDOWS\System32\WS2_32.dll
0x00007ffb91cc0000 - 0x00007ffb91cd2000 	C:\WINDOWS\SYSTEM32\kernel.appcore.dll
0x00007ffb81470000 - 0x00007ffb8147a000 	C:\Users\Utilisateur\Documents\school SI4\Finate State Machines\sctpro-win32.win32.x86_64 (1)\yakindu-sctpro\plugins\org.eclipse.justj.openjdk.hotspot.jre.full.stripped.win32.x86_64_14.0.2.v20200722-0632\jre\bin\jimage.dll
0x00007ffb91350000 - 0x00007ffb91534000 	C:\WINDOWS\SYSTEM32\DBGHELP.DLL
0x00007ffb91320000 - 0x00007ffb9134c000 	C:\WINDOWS\SYSTEM32\dbgcore.DLL
0x00007ffb945b0000 - 0x00007ffb94633000 	C:\WINDOWS\System32\bcryptPrimitives.dll
0x00007ffb7e1b0000 - 0x00007ffb7e1d5000 	C:\Users\Utilisateur\Documents\school SI4\Finate State Machines\sctpro-win32.win32.x86_64 (1)\yakindu-sctpro\plugins\org.eclipse.justj.openjdk.hotspot.jre.full.stripped.win32.x86_64_14.0.2.v20200722-0632\jre\bin\java.dll
0x00007ffb747a0000 - 0x00007ffb747b6000 	C:\Users\Utilisateur\Documents\school SI4\Finate State Machines\sctpro-win32.win32.x86_64 (1)\yakindu-sctpro\plugins\org.eclipse.justj.openjdk.hotspot.jre.full.stripped.win32.x86_64_14.0.2.v20200722-0632\jre\bin\zip.dll
0x00007ffb95970000 - 0x00007ffb960af000 	C:\WINDOWS\System32\SHELL32.dll
0x00007ffb91ec0000 - 0x00007ffb92650000 	C:\WINDOWS\SYSTEM32\windows.storage.dll
0x00007ffb95330000 - 0x00007ffb95685000 	C:\WINDOWS\System32\combase.dll
0x00007ffb93740000 - 0x00007ffb9376c000 	C:\WINDOWS\SYSTEM32\Wldp.dll
0x00007ffb95100000 - 0x00007ffb951ad000 	C:\WINDOWS\System32\SHCORE.dll
0x00007ffb96230000 - 0x00007ffb96285000 	C:\WINDOWS\System32\shlwapi.dll
0x00007ffb93d00000 - 0x00007ffb93d1f000 	C:\WINDOWS\SYSTEM32\profapi.dll
0x00007ffb6e380000 - 0x00007ffb6e399000 	C:\Users\Utilisateur\Documents\school SI4\Finate State Machines\sctpro-win32.win32.x86_64 (1)\yakindu-sctpro\plugins\org.eclipse.justj.openjdk.hotspot.jre.full.stripped.win32.x86_64_14.0.2.v20200722-0632\jre\bin\net.dll
0x00007ffb8a840000 - 0x00007ffb8a948000 	C:\WINDOWS\SYSTEM32\WINHTTP.dll
0x00007ffb934a0000 - 0x00007ffb9350a000 	C:\WINDOWS\system32\mswsock.dll
0x00007ffb6b620000 - 0x00007ffb6b632000 	C:\Users\Utilisateur\Documents\school SI4\Finate State Machines\sctpro-win32.win32.x86_64 (1)\yakindu-sctpro\plugins\org.eclipse.justj.openjdk.hotspot.jre.full.stripped.win32.x86_64_14.0.2.v20200722-0632\jre\bin\nio.dll
0x00007ffb64f10000 - 0x00007ffb64f54000 	C:\Users\Utilisateur\Documents\GitHub\polytechWebotsController\fr.univcotedazur.kairos.webots.polycreate.controler\webotsLibs\JavaController.dll
0x00007ffb5f670000 - 0x00007ffb5f68c000 	C:\Users\Utilisateur\AppData\Local\Programs\Webots\msys64\mingw64\bin\cpp\libgcc_s_seh-1.dll
0x00007ffb433d0000 - 0x00007ffb4357e000 	C:\Users\Utilisateur\AppData\Local\Programs\Webots\msys64\mingw64\bin\cpp\libstdc++-6.dll
0x00007ffb641b0000 - 0x00007ffb64220000 	C:\Users\Utilisateur\AppData\Local\Programs\Webots\lib\controller\CppController.dll
0x00007ffb5ddd0000 - 0x00007ffb5dde6000 	C:\Users\Utilisateur\AppData\Local\Programs\Webots\msys64\mingw64\bin\cpp\libwinpthread-1.dll
0x00007ffb5ae30000 - 0x00007ffb5aebc000 	C:\Users\Utilisateur\AppData\Local\Programs\Webots\lib\controller\Controller.dll
0x00007ffb911f0000 - 0x00007ffb911fd000 	C:\Users\UTILIS~1\AppData\Local\Programs\Webots\RESOUR~1\projects\plugins\ROBOT_~1\generic\generic.dll
0x00007ffb64ef0000 - 0x00007ffb64f0b000 	C:\Users\Utilisateur\AppData\Local\Programs\Webots\lib\controller\generic_robot_window.dll

dbghelp: loaded successfully - version: 4.0.5 - missing functions: none
symbol engine: initialized successfully - sym options: 0x614 - pdb path: .;C:\Users\Utilisateur\Documents\school SI4\Finate State Machines\sctpro-win32.win32.x86_64 (1)\yakindu-sctpro\plugins\org.eclipse.justj.openjdk.hotspot.jre.full.stripped.win32.x86_64_14.0.2.v20200722-0632\jre\bin;C:\WINDOWS\SYSTEM32;C:\WINDOWS\WinSxS\amd64_microsoft.windows.common-controls_6595b64144ccf1df_6.0.19041.1110_none_60b5254171f9507e;C:\Users\Utilisateur\Documents\school SI4\Finate State Machines\sctpro-win32.win32.x86_64 (1)\yakindu-sctpro\plugins\org.eclipse.justj.openjdk.hotspot.jre.full.stripped.win32.x86_64_14.0.2.v20200722-0632\jre\bin\server;C:\Users\Utilisateur\Documents\GitHub\polytechWebotsController\fr.univcotedazur.kairos.webots.polycreate.controler\webotsLibs;C:\Users\Utilisateur\AppData\Local\Programs\Webots\msys64\mingw64\bin\cpp;C:\Users\Utilisateur\AppData\Local\Programs\Webots\lib\controller;C:\Users\UTILIS~1\AppData\Local\Programs\Webots\RESOUR~1\projects\plugins\ROBOT_~1\generic

VM Arguments:
jvm_args: -Djava.library.path=C:\Users\Utilisateur\Documents\GitHub\polytechWebotsController\fr.univcotedazur.kairos.webots.polycreate.controler\webotsLibs;C:\Users\Utilisateur\Documents\GitHub\polytechWebotsController\fr.univcotedazur.kairos.webots.polycreate.controler\webotsLibs;C:\Users\Utilisateur\Documents\GitHub\polytechWebotsController\fr.univcotedazur.kairos.webots.polycreate.controler\webotsLibs -Dfile.encoding=UTF-8 -XX:+ShowCodeDetailsInExceptionMessages 
java_command: fr.univcotedazur.kairos.webots.polycreate.controler.PolyCreateControler
java_class_path (initial): C:\Users\Utilisateur\Documents\GitHub\polytechWebotsController\fr.univcotedazur.kairos.webots.polycreate.controler\bin;C:\Users\Utilisateur\Documents\GitHub\polytechWebotsController\fr.univcotedazur.kairos.webots.polycreate.controler\webotsLibs\Controller.jar
Launcher Type: SUN_STANDARD

[Global flags]
     intx CICompilerCount                          = 4                                         {product} {ergonomic}
     uint ConcGCThreads                            = 2                                         {product} {ergonomic}
     uint G1ConcRefinementThreads                  = 8                                         {product} {ergonomic}
   size_t G1HeapRegionSize                         = 1048576                                   {product} {ergonomic}
    uintx GCDrainStackTargetSize                   = 64                                        {product} {ergonomic}
   size_t InitialHeapSize                          = 266338304                                 {product} {ergonomic}
   size_t MarkStackSize                            = 4194304                                   {product} {ergonomic}
   size_t MaxHeapSize                              = 4234149888                                {product} {ergonomic}
   size_t MaxNewSize                               = 2539651072                                {product} {ergonomic}
   size_t MinHeapDeltaBytes                        = 1048576                                   {product} {ergonomic}
   size_t MinHeapSize                              = 8388608                                   {product} {ergonomic}
    uintx NonNMethodCodeHeapSize                   = 5839372                                {pd product} {ergonomic}
    uintx NonProfiledCodeHeapSize                  = 122909434                              {pd product} {ergonomic}
    uintx ProfiledCodeHeapSize                     = 122909434                              {pd product} {ergonomic}
    uintx ReservedCodeCacheSize                    = 251658240                              {pd product} {ergonomic}
     bool SegmentedCodeCache                       = true                                      {product} {ergonomic}
     bool ShowCodeDetailsInExceptionMessages       = true                                   {manageable} {command line}
   size_t SoftMaxHeapSize                          = 4234149888                             {manageable} {ergonomic}
     bool UseCompressedClassPointers               = true                                 {lp64_product} {ergonomic}
     bool UseCompressedOops                        = true                                 {lp64_product} {ergonomic}
     bool UseG1GC                                  = true                                      {product} {ergonomic}
     bool UseLargePagesIndividualAllocation        = false                                  {pd product} {ergonomic}

Logging:
Log output configuration:
 #0: stdout all=warning uptime,level,tags
 #1: stderr all=off uptime,level,tags

Environment Variables:
JAVA_HOME=C:\Program Files\Java\jdk-11.0.1
PATH=C:/Users/Utilisateur/Documents/school SI4/Finate State Machines/sctpro-win32.win32.x86_64 (1)/yakindu-sctpro//plugins/org.eclipse.justj.openjdk.hotspot.jre.full.stripped.win32.x86_64_14.0.2.v20200722-0632/jre/bin/server;C:/Users/Utilisateur/Documents/school SI4/Finate State Machines/sctpro-win32.win32.x86_64 (1)/yakindu-sctpro//plugins/org.eclipse.justj.openjdk.hotspot.jre.full.stripped.win32.x86_64_14.0.2.v20200722-0632/jre/bin;C:\ProgramData\Oracle\Java\javapath;C:\Program Files\Common Files\Oracle\Java\javapath;C:\Program Files (x86)\Common Files\Oracle\Java\javapath;C:\Python39\Scripts\;C:\Python39\;C:\WINDOWS\system32;C:\WINDOWS;C:\WINDOWS\System32\Wbem;C:\WINDOWS\System32\WindowsPowerShell\v1.0\;C:\WINDOWS\System32\OpenSSH\;C:\ProgramData\chocolatey\bin;C:\Program Files\Java\jdk-11.0.1\bin;C:\Program Files\Microsoft SQL Server\130\Tools\Binn\;C:\Users\Utilisateur\AppData\Local\Programs\Webots\lib\controller;C:\Users\Utilisateur\AppData\Local\Programs\Webots\msys64\mingw64\bin;C:\Users\Utilisateur\AppData\Local\Programs\Webots\msys64\mingw64\bin\cpp;C:\Program Files\nodejs\;C:\Program Files\Git\cmd;C:\Users\Utilisateur\AppData\Local\Programs\Python\Python37\Scripts\;C:\Users\Utilisateur\AppData\Local\Programs\Python\Python37\;C:\Users\Utilisateur\AppData\Local\Microsoft\WindowsApps;C:\Users\Utilisateur\Downloads\logiciel\apache-maven-3.6.3-bin\apache-maven-3.6.3\bin;C:\Program Files\JetBrains\IntelliJ IDEA Community Edition 2021.2.2\bin;;C:\Users\Utilisateur\AppData\Local\GitHubDesktop\bin;C:\Users\Utilisateur\AppData\Roaming\npm;C:\Users\Utilisateur\AppData\Local\Programs\Microsoft VS Code\bin;C:\Users\Utilisateur\Documents\school SI4\Finate State Machines\sctpro-win32.win32.x86_64 (1)\yakindu-sctpro;
USERNAME=Utilisateur
OS=Windows_NT
PROCESSOR_IDENTIFIER=Intel64 Family 6 Model 126 Stepping 5, GenuineIntel



---------------  S Y S T E M  ---------------

OS: Windows 10 , 64 bit Build 19041 (10.0.19041.1202)
OS uptime: 0 days 22:58 hours

CPU:total 8 (initial active 8) (4 cores per cpu, 2 threads per core) family 6 model 126 stepping 5, cmov, cx8, fxsr, mmx, sse, sse2, sse3, ssse3, sse4.1, sse4.2, popcnt, avx, avx2, aes, clmul, erms, 3dnowpref, lzcnt, ht, tsc, tscinvbit, bmi1, bmi2, adx, evex, sha, fma

Memory: 4k page, system-wide physical 16151M (5659M free)
TotalPageFile size 23063M (AvailPageFile size 6137M)
current process WorkingSet (physical memory assigned to process): 35M, peak: 35M
current process commit charge ("private bytes"): 336M, peak: 337M

vm_info: OpenJDK 64-Bit Server VM (14.0.2+12-46) for windows-amd64 JRE (14.0.2+12-46), built on Jul  9 2020 00:31:16 by "mach5one" with MS VC++ 15.9 (VS2017)

END.
