#
# A fatal error has been detected by the Java Runtime Environment:
#
#  EXCEPTION_ACCESS_VIOLATION (0xc0000005) at pc=0x00007ff801ec9dd9, pid=24672, tid=4384
#
# JRE version: OpenJDK Runtime Environment (14.0.2+12) (build 14.0.2+12-46)
# Java VM: OpenJDK 64-Bit Server VM (14.0.2+12-46, mixed mode, tiered, compressed oops, g1 gc, windows-amd64)
# Problematic frame:
# C  [Controller.dll+0x49dd9]
#
# No core dump will be written. Minidumps are not enabled by default on client versions of Windows
#
# If you would like to submit a bug report, please visit:
#   https://bugreport.java.com/bugreport/crash.jsp
# The crash happened outside the Java Virtual Machine in native code.
# See problematic frame for where to report the bug.
#

---------------  S U M M A R Y ------------

Command Line: -Djava.library.path=C:\Users\Utilisateur\Documents\GitHub\polytechWebotsController\fr.univcotedazur.kairos.webots.polycreate.controler\webotsLibs;C:\Users\Utilisateur\Documents\GitHub\polytechWebotsController\fr.univcotedazur.kairos.webots.polycreate.controler\webotsLibs;C:\Users\Utilisateur\Documents\GitHub\polytechWebotsController\fr.univcotedazur.kairos.webots.polycreate.controler\webotsLibs -Dfile.encoding=UTF-8 -XX:+ShowCodeDetailsInExceptionMessages fr.univcotedazur.kairos.webots.polycreate.controler.PolyCreateControler

Host: Intel(R) Core(TM) i7-1065G7 CPU @ 1.30GHz, 8 cores, 15G,  Windows 10 , 64 bit Build 19041 (10.0.19041.1348)
Time: Wed Dec  1 13:18:46 2021 Europe de l’Ouest elapsed time: 1 seconds (0d 0h 0m 1s)

---------------  T H R E A D  ---------------

Current thread (0x000001905eaff800):  JavaThread "main" [_thread_in_native, id=4384, stack(0x0000000ac5f00000,0x0000000ac6000000)]

Stack: [0x0000000ac5f00000,0x0000000ac6000000],  sp=0x0000000ac5fff3a0,  free space=1020k
Native frames: (J=compiled Java code, j=interpreted, Vv=VM code, C=native code)
C  [Controller.dll+0x49dd9]

Java frames: (J=compiled Java code, j=interpreted, Vv=VM code)
j  com.cyberbotics.webots.controller.wrapperJNI.Robot_step(JLcom/cyberbotics/webots/controller/Robot;I)I+0
j  com.cyberbotics.webots.controller.Robot.step(I)I+6
j  fr.univcotedazur.kairos.webots.polycreate.controler.PolyCreateControler.passiveWait(D)V+17
j  fr.univcotedazur.kairos.webots.polycreate.controler.PolyCreateControler.main([Ljava/lang/String;)V+21
v  ~StubRoutines::call_stub

siginfo: EXCEPTION_ACCESS_VIOLATION (0xc0000005), reading address 0x0000000000000028


Register to memory mapping:

RIP=0x00007ff801ec9dd9 Controller.dll
RAX=0x0000000000000015 is an unknown value
RBX=0x00007ff801ef0418 Controller.dll
RCX=0x0000000000000016 is an unknown value
RDX=0x000001907de59940 points into unknown readable memory: 68 01 00 00 00 00 00 00
RSP=0x0000000ac5fff3a0 is pointing into the stack for thread: 0x000001905eaff800
RBP=0x00007ff84b294ad0 KERNEL32.DLL
RSI=0x0 is NULL
RDI=0x00007ff801ee5010 Controller.dll
R8 =0x00007ff801ec9dd2 Controller.dll
R9 =0x00007ff801ef17d4 Controller.dll
R10=0x0 is NULL
R11=0x000001907de5b047 points into unknown readable memory: 00
R12=0x000001907de58490 points into unknown readable memory: 16 00 00 00 17 17 00 00
R13=0x00007ff84b294a50 KERNEL32.DLL
R14=0x0000000ac5fff618 is pointing into the stack for thread: 0x000001905eaff800
R15=0x000001905eaff800 is a thread


Registers:
RAX=0x0000000000000015, RBX=0x00007ff801ef0418, RCX=0x0000000000000016, RDX=0x000001907de59940
RSP=0x0000000ac5fff3a0, RBP=0x00007ff84b294ad0, RSI=0x0000000000000000, RDI=0x00007ff801ee5010
R8 =0x00007ff801ec9dd2, R9 =0x00007ff801ef17d4, R10=0x0000000000000000, R11=0x000001907de5b047
R12=0x000001907de58490, R13=0x00007ff84b294a50, R14=0x0000000ac5fff618, R15=0x000001905eaff800
RIP=0x00007ff801ec9dd9, EFLAGS=0x0000000000010217

Top of Stack: (sp=0x0000000ac5fff3a0)
0x0000000ac5fff3a0:   0000000000000000 0000000000001717
0x0000000ac5fff3b0:   00007ff800000000 0000000000000004
0x0000000ac5fff3c0:   0000000000000168 0000000000000000
0x0000000ac5fff3d0:   0000000000000168 0000000000001000
0x0000000ac5fff3e0:   00007ff84b294a50 00007ff801ef0418
0x0000000ac5fff3f0:   00007ff801ef0b70 00007ff801ee5010
0x0000000ac5fff400:   00007ff84b294ad0 000001907de58490
0x0000000ac5fff410:   00007ff84b294a50 0000000ac5fff618
0x0000000ac5fff420:   000001905eaff800 00007ff801ec35fc
0x0000000ac5fff430:   00007ff801ef0418 0000000000000000
0x0000000ac5fff440:   0000000000000000 0000000000000434
0x0000000ac5fff450:   00007ff84b294a50 00000000000003b0
0x0000000ac5fff460:   0000019061c39e30 0000000ac5fff510
0x0000000ac5fff470:   0000000000000020 000001907de582b0
0x0000000ac5fff480:   0000000ac5fff618 00007ff801ec3fe7
0x0000000ac5fff490:   00007ff84b294a50 00007fffb8eaa505 

Instructions: (pc=0x00007ff801ec9dd9)
0x00007ff801ec9cd9:   89 e1 41 89 c5 e8 6d 8a ff ff 4c 89 e1 89 c3 e8
0x00007ff801ec9ce9:   83 8a ff ff 49 8b 54 24 08 89 c6 49 63 04 24 8d
0x00007ff801ec9cf9:   48 01 41 89 0c 24 4c 89 e1 0f b6 2c 02 e8 e5 8a
0x00007ff801ec9d09:   ff ff 85 ff 0f 84 cd f8 ff ff 31 d2 40 80 fd 01
0x00007ff801ec9d19:   89 74 24 28 49 89 c0 0f 94 c2 89 5c 24 20 4c 8b
0x00007ff801ec9d29:   0d ca 58 03 00 89 f9 89 54 24 30 44 89 ea e8 d4
0x00007ff801ec9d39:   f5 ff ff 89 3d f6 c3 01 00 e9 99 f8 ff ff 83 c0
0x00007ff801ec9d49:   02 48 63 c9 41 89 04 24 0f b6 04 0a 88 05 e1 c3
0x00007ff801ec9d59:   01 00 e9 80 f8 ff ff 48 8b 1d 61 58 03 00 48 8b
0x00007ff801ec9d69:   4b 18 e8 08 ab 01 00 4c 89 e1 e8 78 8a ff ff 48
0x00007ff801ec9d79:   89 43 18 e9 5f f8 ff ff 48 8b 1d 38 58 03 00 31
0x00007ff801ec9d89:   f6 48 8b 4b 30 e8 e5 aa 01 00 b9 48 00 00 00 e8
0x00007ff801ec9d99:   83 aa 01 00 48 89 43 30 eb 10 0f 1f 44 00 00 48
0x00007ff801ec9da9:   8b 05 11 58 03 00 48 8b 40 30 4c 89 e1 48 8d 1c
0x00007ff801ec9db9:   30 48 83 c6 08 e8 ed 89 ff ff f2 0f 11 03 48 83
0x00007ff801ec9dc9:   fe 48 75 db e9 0e f8 ff ff 48 8b 35 f7 57 03 00
0x00007ff801ec9dd9:   48 8b 4e 28 e8 96 aa 01 00 b9 18 00 00 00 e8 34
0x00007ff801ec9de9:   aa 01 00 4c 89 e1 48 89 46 28 48 89 c3 e8 b5 89
0x00007ff801ec9df9:   ff ff 48 8b 05 ce 57 03 00 4c 89 e1 f2 0f 11 03
0x00007ff801ec9e09:   48 8b 58 28 e8 9e 89 ff ff 48 8b 05 b7 57 03 00
0x00007ff801ec9e19:   4c 89 e1 f2 0f 11 43 08 48 8b 58 28 e8 86 89 ff
0x00007ff801ec9e29:   ff f2 0f 11 43 10 e9 ac f7 ff ff 4c 89 e1 e8 14
0x00007ff801ec9e39:   89 ff ff 89 05 02 c3 01 00 e9 99 f7 ff ff 48 8b
0x00007ff801ec9e49:   1d 1a 59 03 00 31 f6 48 85 db 0f 84 97 00 00 00
0x00007ff801ec9e59:   0f b6 83 a1 00 00 00 49 89 dc 48 8b 9b b8 00 00
0x00007ff801ec9e69:   00 84 c0 0f 84 de 00 00 00 48 85 f6 0f 84 f2 00
0x00007ff801ec9e79:   00 00 48 89 9e b8 00 00 00 49 8b 4c 24 08 e8 ec
0x00007ff801ec9e89:   a9 01 00 49 8b 4c 24 10 e8 e2 a9 01 00 49 8b 4c
0x00007ff801ec9e99:   24 18 e8 d8 a9 01 00 49 8b 4c 24 28 e8 ce a9 01
0x00007ff801ec9ea9:   00 49 8b 4c 24 30 e8 c4 a9 01 00 49 8b 4c 24 38
0x00007ff801ec9eb9:   e8 ba a9 01 00 49 8b 4c 24 48 e8 b0 a9 01 00 49
0x00007ff801ec9ec9:   8b 4c 24 70 e8 a6 a9 01 00 49 8b 8c 24 98 00 00 


Stack slot to memory mapping:
stack at sp + 0 slots: 0x0 is NULL
stack at sp + 1 slots: 0x0000000000001717 is an unknown value
stack at sp + 2 slots: 0x00007ff800000000 is an unknown value
stack at sp + 3 slots: 0x0000000000000004 is an unknown value
stack at sp + 4 slots: 0x0000000000000168 is an unknown value
stack at sp + 5 slots: 0x0 is NULL
stack at sp + 6 slots: 0x0000000000000168 is an unknown value
stack at sp + 7 slots: 0x0000000000001000 is an unknown value


---------------  P R O C E S S  ---------------

Threads class SMR info:
_java_thread_list=0x000001907dbee4a0, length=12, elements={
0x000001905eaff800, 0x000001907d9ba800, 0x000001907d9be000, 0x000001907d9e2800,
0x000001907d9e4000, 0x000001907d9e7000, 0x000001907d9ed800, 0x000001907d9f2800,
0x000001907d9f8000, 0x000001907db7a800, 0x000001907dba5000, 0x000001907dc0d000
}

Java Threads: ( => current thread )
=>0x000001905eaff800 JavaThread "main" [_thread_in_native, id=4384, stack(0x0000000ac5f00000,0x0000000ac6000000)]
  0x000001907d9ba800 JavaThread "Reference Handler" daemon [_thread_blocked, id=3352, stack(0x0000000ac6600000,0x0000000ac6700000)]
  0x000001907d9be000 JavaThread "Finalizer" daemon [_thread_blocked, id=23400, stack(0x0000000ac6700000,0x0000000ac6800000)]
  0x000001907d9e2800 JavaThread "Signal Dispatcher" daemon [_thread_blocked, id=19892, stack(0x0000000ac6800000,0x0000000ac6900000)]
  0x000001907d9e4000 JavaThread "Attach Listener" daemon [_thread_blocked, id=9472, stack(0x0000000ac6900000,0x0000000ac6a00000)]
  0x000001907d9e7000 JavaThread "Service Thread" daemon [_thread_blocked, id=23840, stack(0x0000000ac6a00000,0x0000000ac6b00000)]
  0x000001907d9ed800 JavaThread "C2 CompilerThread0" daemon [_thread_blocked, id=2168, stack(0x0000000ac6b00000,0x0000000ac6c00000)]
  0x000001907d9f2800 JavaThread "C1 CompilerThread0" daemon [_thread_blocked, id=14164, stack(0x0000000ac6c00000,0x0000000ac6d00000)]
  0x000001907d9f8000 JavaThread "Sweeper thread" daemon [_thread_blocked, id=21892, stack(0x0000000ac6d00000,0x0000000ac6e00000)]
  0x000001907db7a800 JavaThread "Notification Thread" daemon [_thread_blocked, id=14128, stack(0x0000000ac6e00000,0x0000000ac6f00000)]
  0x000001907dba5000 JavaThread "Common-Cleaner" daemon [_thread_blocked, id=1776, stack(0x0000000ac7000000,0x0000000ac7100000)]
  0x000001907dc0d000 JavaThread "Timer-0" [_thread_in_native, id=9584, stack(0x0000000ac7100000,0x0000000ac7200000)]

Other Threads:
  0x000001907d103800 VMThread "VM Thread" [stack: 0x0000000ac6500000,0x0000000ac6600000] [id=22404]
  0x000001907db7b800 WatcherThread [stack: 0x0000000ac6f00000,0x0000000ac7000000] [id=10668]
  0x000001905eb65000 GCTaskThread "GC Thread#0" [stack: 0x0000000ac6000000,0x0000000ac6100000] [id=24960]
  0x000001905eb88000 ConcurrentGCThread "G1 Main Marker" [stack: 0x0000000ac6100000,0x0000000ac6200000] [id=24972]
  0x000001905eb8a000 ConcurrentGCThread "G1 Conc#0" [stack: 0x0000000ac6200000,0x0000000ac6300000] [id=24996]
  0x000001905ebde800 ConcurrentGCThread "G1 Refine#0" [stack: 0x0000000ac6300000,0x0000000ac6400000] [id=12640]
  0x000001907cfd1000 ConcurrentGCThread "G1 Young RemSet Sampling" [stack: 0x0000000ac6400000,0x0000000ac6500000] [id=16500]

Threads with active compile tasks:

VM state:not at safepoint (normal execution)

VM Mutex/Monitor currently owned by a thread: None

Heap address: 0x0000000703a00000, size: 4038 MB, Compressed Oops mode: Zero based, Oop shift amount: 3
Narrow klass base: 0x0000000800000000, Narrow klass shift: 0
Compressed class space size: 1073741824 Address: 0x0000000800000000

Heap:
 garbage-first heap   total 260096K, used 2048K [0x0000000703a00000, 0x0000000800000000)
  region size 1024K, 3 young (3072K), 0 survivors (0K)
 Metaspace       used 5116K, capacity 5200K, committed 5376K, reserved 1056768K
  class space    used 484K, capacity 501K, committed 512K, reserved 1048576K
Heap Regions: E=young(eden), S=young(survivor), O=old, HS=humongous(starts), HC=humongous(continues), CS=collection set, F=free, OA=open archive, CA=closed archive, TAMS=top-at-mark-start (previous, next)
|   0|0x0000000703a00000, 0x0000000703a00000, 0x0000000703b00000|  0%| F|  |TAMS 0x0000000703a00000, 0x0000000703a00000| Untracked 
|   1|0x0000000703b00000, 0x0000000703b00000, 0x0000000703c00000|  0%| F|  |TAMS 0x0000000703b00000, 0x0000000703b00000| Untracked 
|   2|0x0000000703c00000, 0x0000000703c00000, 0x0000000703d00000|  0%| F|  |TAMS 0x0000000703c00000, 0x0000000703c00000| Untracked 
|   3|0x0000000703d00000, 0x0000000703d00000, 0x0000000703e00000|  0%| F|  |TAMS 0x0000000703d00000, 0x0000000703d00000| Untracked 
|   4|0x0000000703e00000, 0x0000000703e00000, 0x0000000703f00000|  0%| F|  |TAMS 0x0000000703e00000, 0x0000000703e00000| Untracked 
|   5|0x0000000703f00000, 0x0000000703f00000, 0x0000000704000000|  0%| F|  |TAMS 0x0000000703f00000, 0x0000000703f00000| Untracked 
|   6|0x0000000704000000, 0x0000000704000000, 0x0000000704100000|  0%| F|  |TAMS 0x0000000704000000, 0x0000000704000000| Untracked 
|   7|0x0000000704100000, 0x0000000704100000, 0x0000000704200000|  0%| F|  |TAMS 0x0000000704100000, 0x0000000704100000| Untracked 
|   8|0x0000000704200000, 0x0000000704200000, 0x0000000704300000|  0%| F|  |TAMS 0x0000000704200000, 0x0000000704200000| Untracked 
|   9|0x0000000704300000, 0x0000000704300000, 0x0000000704400000|  0%| F|  |TAMS 0x0000000704300000, 0x0000000704300000| Untracked 
|  10|0x0000000704400000, 0x0000000704400000, 0x0000000704500000|  0%| F|  |TAMS 0x0000000704400000, 0x0000000704400000| Untracked 
|  11|0x0000000704500000, 0x0000000704500000, 0x0000000704600000|  0%| F|  |TAMS 0x0000000704500000, 0x0000000704500000| Untracked 
|  12|0x0000000704600000, 0x0000000704600000, 0x0000000704700000|  0%| F|  |TAMS 0x0000000704600000, 0x0000000704600000| Untracked 
|  13|0x0000000704700000, 0x0000000704700000, 0x0000000704800000|  0%| F|  |TAMS 0x0000000704700000, 0x0000000704700000| Untracked 
|  14|0x0000000704800000, 0x0000000704800000, 0x0000000704900000|  0%| F|  |TAMS 0x0000000704800000, 0x0000000704800000| Untracked 
|  15|0x0000000704900000, 0x0000000704900000, 0x0000000704a00000|  0%| F|  |TAMS 0x0000000704900000, 0x0000000704900000| Untracked 
|  16|0x0000000704a00000, 0x0000000704a00000, 0x0000000704b00000|  0%| F|  |TAMS 0x0000000704a00000, 0x0000000704a00000| Untracked 
|  17|0x0000000704b00000, 0x0000000704b00000, 0x0000000704c00000|  0%| F|  |TAMS 0x0000000704b00000, 0x0000000704b00000| Untracked 
|  18|0x0000000704c00000, 0x0000000704c00000, 0x0000000704d00000|  0%| F|  |TAMS 0x0000000704c00000, 0x0000000704c00000| Untracked 
|  19|0x0000000704d00000, 0x0000000704d00000, 0x0000000704e00000|  0%| F|  |TAMS 0x0000000704d00000, 0x0000000704d00000| Untracked 
|  20|0x0000000704e00000, 0x0000000704e00000, 0x0000000704f00000|  0%| F|  |TAMS 0x0000000704e00000, 0x0000000704e00000| Untracked 
|  21|0x0000000704f00000, 0x0000000704f00000, 0x0000000705000000|  0%| F|  |TAMS 0x0000000704f00000, 0x0000000704f00000| Untracked 
|  22|0x0000000705000000, 0x0000000705000000, 0x0000000705100000|  0%| F|  |TAMS 0x0000000705000000, 0x0000000705000000| Untracked 
|  23|0x0000000705100000, 0x0000000705100000, 0x0000000705200000|  0%| F|  |TAMS 0x0000000705100000, 0x0000000705100000| Untracked 
|  24|0x0000000705200000, 0x0000000705200000, 0x0000000705300000|  0%| F|  |TAMS 0x0000000705200000, 0x0000000705200000| Untracked 
|  25|0x0000000705300000, 0x0000000705300000, 0x0000000705400000|  0%| F|  |TAMS 0x0000000705300000, 0x0000000705300000| Untracked 
|  26|0x0000000705400000, 0x0000000705400000, 0x0000000705500000|  0%| F|  |TAMS 0x0000000705400000, 0x0000000705400000| Untracked 
|  27|0x0000000705500000, 0x0000000705500000, 0x0000000705600000|  0%| F|  |TAMS 0x0000000705500000, 0x0000000705500000| Untracked 
|  28|0x0000000705600000, 0x0000000705600000, 0x0000000705700000|  0%| F|  |TAMS 0x0000000705600000, 0x0000000705600000| Untracked 
|  29|0x0000000705700000, 0x0000000705700000, 0x0000000705800000|  0%| F|  |TAMS 0x0000000705700000, 0x0000000705700000| Untracked 
|  30|0x0000000705800000, 0x0000000705800000, 0x0000000705900000|  0%| F|  |TAMS 0x0000000705800000, 0x0000000705800000| Untracked 
|  31|0x0000000705900000, 0x0000000705900000, 0x0000000705a00000|  0%| F|  |TAMS 0x0000000705900000, 0x0000000705900000| Untracked 
|  32|0x0000000705a00000, 0x0000000705a00000, 0x0000000705b00000|  0%| F|  |TAMS 0x0000000705a00000, 0x0000000705a00000| Untracked 
|  33|0x0000000705b00000, 0x0000000705b00000, 0x0000000705c00000|  0%| F|  |TAMS 0x0000000705b00000, 0x0000000705b00000| Untracked 
|  34|0x0000000705c00000, 0x0000000705c00000, 0x0000000705d00000|  0%| F|  |TAMS 0x0000000705c00000, 0x0000000705c00000| Untracked 
|  35|0x0000000705d00000, 0x0000000705d00000, 0x0000000705e00000|  0%| F|  |TAMS 0x0000000705d00000, 0x0000000705d00000| Untracked 
|  36|0x0000000705e00000, 0x0000000705e00000, 0x0000000705f00000|  0%| F|  |TAMS 0x0000000705e00000, 0x0000000705e00000| Untracked 
|  37|0x0000000705f00000, 0x0000000705f00000, 0x0000000706000000|  0%| F|  |TAMS 0x0000000705f00000, 0x0000000705f00000| Untracked 
|  38|0x0000000706000000, 0x0000000706000000, 0x0000000706100000|  0%| F|  |TAMS 0x0000000706000000, 0x0000000706000000| Untracked 
|  39|0x0000000706100000, 0x0000000706100000, 0x0000000706200000|  0%| F|  |TAMS 0x0000000706100000, 0x0000000706100000| Untracked 
|  40|0x0000000706200000, 0x0000000706200000, 0x0000000706300000|  0%| F|  |TAMS 0x0000000706200000, 0x0000000706200000| Untracked 
|  41|0x0000000706300000, 0x0000000706300000, 0x0000000706400000|  0%| F|  |TAMS 0x0000000706300000, 0x0000000706300000| Untracked 
|  42|0x0000000706400000, 0x0000000706400000, 0x0000000706500000|  0%| F|  |TAMS 0x0000000706400000, 0x0000000706400000| Untracked 
|  43|0x0000000706500000, 0x0000000706500000, 0x0000000706600000|  0%| F|  |TAMS 0x0000000706500000, 0x0000000706500000| Untracked 
|  44|0x0000000706600000, 0x0000000706600000, 0x0000000706700000|  0%| F|  |TAMS 0x0000000706600000, 0x0000000706600000| Untracked 
|  45|0x0000000706700000, 0x0000000706700000, 0x0000000706800000|  0%| F|  |TAMS 0x0000000706700000, 0x0000000706700000| Untracked 
|  46|0x0000000706800000, 0x0000000706800000, 0x0000000706900000|  0%| F|  |TAMS 0x0000000706800000, 0x0000000706800000| Untracked 
|  47|0x0000000706900000, 0x0000000706900000, 0x0000000706a00000|  0%| F|  |TAMS 0x0000000706900000, 0x0000000706900000| Untracked 
|  48|0x0000000706a00000, 0x0000000706a00000, 0x0000000706b00000|  0%| F|  |TAMS 0x0000000706a00000, 0x0000000706a00000| Untracked 
|  49|0x0000000706b00000, 0x0000000706b00000, 0x0000000706c00000|  0%| F|  |TAMS 0x0000000706b00000, 0x0000000706b00000| Untracked 
|  50|0x0000000706c00000, 0x0000000706c00000, 0x0000000706d00000|  0%| F|  |TAMS 0x0000000706c00000, 0x0000000706c00000| Untracked 
|  51|0x0000000706d00000, 0x0000000706d00000, 0x0000000706e00000|  0%| F|  |TAMS 0x0000000706d00000, 0x0000000706d00000| Untracked 
|  52|0x0000000706e00000, 0x0000000706e00000, 0x0000000706f00000|  0%| F|  |TAMS 0x0000000706e00000, 0x0000000706e00000| Untracked 
|  53|0x0000000706f00000, 0x0000000706f00000, 0x0000000707000000|  0%| F|  |TAMS 0x0000000706f00000, 0x0000000706f00000| Untracked 
|  54|0x0000000707000000, 0x0000000707000000, 0x0000000707100000|  0%| F|  |TAMS 0x0000000707000000, 0x0000000707000000| Untracked 
|  55|0x0000000707100000, 0x0000000707100000, 0x0000000707200000|  0%| F|  |TAMS 0x0000000707100000, 0x0000000707100000| Untracked 
|  56|0x0000000707200000, 0x0000000707200000, 0x0000000707300000|  0%| F|  |TAMS 0x0000000707200000, 0x0000000707200000| Untracked 
|  57|0x0000000707300000, 0x0000000707300000, 0x0000000707400000|  0%| F|  |TAMS 0x0000000707300000, 0x0000000707300000| Untracked 
|  58|0x0000000707400000, 0x0000000707400000, 0x0000000707500000|  0%| F|  |TAMS 0x0000000707400000, 0x0000000707400000| Untracked 
|  59|0x0000000707500000, 0x0000000707500000, 0x0000000707600000|  0%| F|  |TAMS 0x0000000707500000, 0x0000000707500000| Untracked 
|  60|0x0000000707600000, 0x0000000707600000, 0x0000000707700000|  0%| F|  |TAMS 0x0000000707600000, 0x0000000707600000| Untracked 
|  61|0x0000000707700000, 0x0000000707700000, 0x0000000707800000|  0%| F|  |TAMS 0x0000000707700000, 0x0000000707700000| Untracked 
|  62|0x0000000707800000, 0x0000000707800000, 0x0000000707900000|  0%| F|  |TAMS 0x0000000707800000, 0x0000000707800000| Untracked 
|  63|0x0000000707900000, 0x0000000707900000, 0x0000000707a00000|  0%| F|  |TAMS 0x0000000707900000, 0x0000000707900000| Untracked 
|  64|0x0000000707a00000, 0x0000000707a00000, 0x0000000707b00000|  0%| F|  |TAMS 0x0000000707a00000, 0x0000000707a00000| Untracked 
|  65|0x0000000707b00000, 0x0000000707b00000, 0x0000000707c00000|  0%| F|  |TAMS 0x0000000707b00000, 0x0000000707b00000| Untracked 
|  66|0x0000000707c00000, 0x0000000707c00000, 0x0000000707d00000|  0%| F|  |TAMS 0x0000000707c00000, 0x0000000707c00000| Untracked 
|  67|0x0000000707d00000, 0x0000000707d00000, 0x0000000707e00000|  0%| F|  |TAMS 0x0000000707d00000, 0x0000000707d00000| Untracked 
|  68|0x0000000707e00000, 0x0000000707e00000, 0x0000000707f00000|  0%| F|  |TAMS 0x0000000707e00000, 0x0000000707e00000| Untracked 
|  69|0x0000000707f00000, 0x0000000707f00000, 0x0000000708000000|  0%| F|  |TAMS 0x0000000707f00000, 0x0000000707f00000| Untracked 
|  70|0x0000000708000000, 0x0000000708000000, 0x0000000708100000|  0%| F|  |TAMS 0x0000000708000000, 0x0000000708000000| Untracked 
|  71|0x0000000708100000, 0x0000000708100000, 0x0000000708200000|  0%| F|  |TAMS 0x0000000708100000, 0x0000000708100000| Untracked 
|  72|0x0000000708200000, 0x0000000708200000, 0x0000000708300000|  0%| F|  |TAMS 0x0000000708200000, 0x0000000708200000| Untracked 
|  73|0x0000000708300000, 0x0000000708300000, 0x0000000708400000|  0%| F|  |TAMS 0x0000000708300000, 0x0000000708300000| Untracked 
|  74|0x0000000708400000, 0x0000000708400000, 0x0000000708500000|  0%| F|  |TAMS 0x0000000708400000, 0x0000000708400000| Untracked 
|  75|0x0000000708500000, 0x0000000708500000, 0x0000000708600000|  0%| F|  |TAMS 0x0000000708500000, 0x0000000708500000| Untracked 
|  76|0x0000000708600000, 0x0000000708600000, 0x0000000708700000|  0%| F|  |TAMS 0x0000000708600000, 0x0000000708600000| Untracked 
|  77|0x0000000708700000, 0x0000000708700000, 0x0000000708800000|  0%| F|  |TAMS 0x0000000708700000, 0x0000000708700000| Untracked 
|  78|0x0000000708800000, 0x0000000708800000, 0x0000000708900000|  0%| F|  |TAMS 0x0000000708800000, 0x0000000708800000| Untracked 
|  79|0x0000000708900000, 0x0000000708900000, 0x0000000708a00000|  0%| F|  |TAMS 0x0000000708900000, 0x0000000708900000| Untracked 
|  80|0x0000000708a00000, 0x0000000708a00000, 0x0000000708b00000|  0%| F|  |TAMS 0x0000000708a00000, 0x0000000708a00000| Untracked 
|  81|0x0000000708b00000, 0x0000000708b00000, 0x0000000708c00000|  0%| F|  |TAMS 0x0000000708b00000, 0x0000000708b00000| Untracked 
|  82|0x0000000708c00000, 0x0000000708c00000, 0x0000000708d00000|  0%| F|  |TAMS 0x0000000708c00000, 0x0000000708c00000| Untracked 
|  83|0x0000000708d00000, 0x0000000708d00000, 0x0000000708e00000|  0%| F|  |TAMS 0x0000000708d00000, 0x0000000708d00000| Untracked 
|  84|0x0000000708e00000, 0x0000000708e00000, 0x0000000708f00000|  0%| F|  |TAMS 0x0000000708e00000, 0x0000000708e00000| Untracked 
|  85|0x0000000708f00000, 0x0000000708f00000, 0x0000000709000000|  0%| F|  |TAMS 0x0000000708f00000, 0x0000000708f00000| Untracked 
|  86|0x0000000709000000, 0x0000000709000000, 0x0000000709100000|  0%| F|  |TAMS 0x0000000709000000, 0x0000000709000000| Untracked 
|  87|0x0000000709100000, 0x0000000709100000, 0x0000000709200000|  0%| F|  |TAMS 0x0000000709100000, 0x0000000709100000| Untracked 
|  88|0x0000000709200000, 0x0000000709200000, 0x0000000709300000|  0%| F|  |TAMS 0x0000000709200000, 0x0000000709200000| Untracked 
|  89|0x0000000709300000, 0x0000000709300000, 0x0000000709400000|  0%| F|  |TAMS 0x0000000709300000, 0x0000000709300000| Untracked 
|  90|0x0000000709400000, 0x0000000709400000, 0x0000000709500000|  0%| F|  |TAMS 0x0000000709400000, 0x0000000709400000| Untracked 
|  91|0x0000000709500000, 0x0000000709500000, 0x0000000709600000|  0%| F|  |TAMS 0x0000000709500000, 0x0000000709500000| Untracked 
|  92|0x0000000709600000, 0x0000000709600000, 0x0000000709700000|  0%| F|  |TAMS 0x0000000709600000, 0x0000000709600000| Untracked 
|  93|0x0000000709700000, 0x0000000709700000, 0x0000000709800000|  0%| F|  |TAMS 0x0000000709700000, 0x0000000709700000| Untracked 
|  94|0x0000000709800000, 0x0000000709800000, 0x0000000709900000|  0%| F|  |TAMS 0x0000000709800000, 0x0000000709800000| Untracked 
|  95|0x0000000709900000, 0x0000000709900000, 0x0000000709a00000|  0%| F|  |TAMS 0x0000000709900000, 0x0000000709900000| Untracked 
|  96|0x0000000709a00000, 0x0000000709a00000, 0x0000000709b00000|  0%| F|  |TAMS 0x0000000709a00000, 0x0000000709a00000| Untracked 
|  97|0x0000000709b00000, 0x0000000709b00000, 0x0000000709c00000|  0%| F|  |TAMS 0x0000000709b00000, 0x0000000709b00000| Untracked 
|  98|0x0000000709c00000, 0x0000000709c00000, 0x0000000709d00000|  0%| F|  |TAMS 0x0000000709c00000, 0x0000000709c00000| Untracked 
|  99|0x0000000709d00000, 0x0000000709d00000, 0x0000000709e00000|  0%| F|  |TAMS 0x0000000709d00000, 0x0000000709d00000| Untracked 
| 100|0x0000000709e00000, 0x0000000709e00000, 0x0000000709f00000|  0%| F|  |TAMS 0x0000000709e00000, 0x0000000709e00000| Untracked 
| 101|0x0000000709f00000, 0x0000000709f00000, 0x000000070a000000|  0%| F|  |TAMS 0x0000000709f00000, 0x0000000709f00000| Untracked 
| 102|0x000000070a000000, 0x000000070a000000, 0x000000070a100000|  0%| F|  |TAMS 0x000000070a000000, 0x000000070a000000| Untracked 
| 103|0x000000070a100000, 0x000000070a100000, 0x000000070a200000|  0%| F|  |TAMS 0x000000070a100000, 0x000000070a100000| Untracked 
| 104|0x000000070a200000, 0x000000070a200000, 0x000000070a300000|  0%| F|  |TAMS 0x000000070a200000, 0x000000070a200000| Untracked 
| 105|0x000000070a300000, 0x000000070a300000, 0x000000070a400000|  0%| F|  |TAMS 0x000000070a300000, 0x000000070a300000| Untracked 
| 106|0x000000070a400000, 0x000000070a400000, 0x000000070a500000|  0%| F|  |TAMS 0x000000070a400000, 0x000000070a400000| Untracked 
| 107|0x000000070a500000, 0x000000070a500000, 0x000000070a600000|  0%| F|  |TAMS 0x000000070a500000, 0x000000070a500000| Untracked 
| 108|0x000000070a600000, 0x000000070a600000, 0x000000070a700000|  0%| F|  |TAMS 0x000000070a600000, 0x000000070a600000| Untracked 
| 109|0x000000070a700000, 0x000000070a700000, 0x000000070a800000|  0%| F|  |TAMS 0x000000070a700000, 0x000000070a700000| Untracked 
| 110|0x000000070a800000, 0x000000070a800000, 0x000000070a900000|  0%| F|  |TAMS 0x000000070a800000, 0x000000070a800000| Untracked 
| 111|0x000000070a900000, 0x000000070a900000, 0x000000070aa00000|  0%| F|  |TAMS 0x000000070a900000, 0x000000070a900000| Untracked 
| 112|0x000000070aa00000, 0x000000070aa00000, 0x000000070ab00000|  0%| F|  |TAMS 0x000000070aa00000, 0x000000070aa00000| Untracked 
| 113|0x000000070ab00000, 0x000000070ab00000, 0x000000070ac00000|  0%| F|  |TAMS 0x000000070ab00000, 0x000000070ab00000| Untracked 
| 114|0x000000070ac00000, 0x000000070ac00000, 0x000000070ad00000|  0%| F|  |TAMS 0x000000070ac00000, 0x000000070ac00000| Untracked 
| 115|0x000000070ad00000, 0x000000070ad00000, 0x000000070ae00000|  0%| F|  |TAMS 0x000000070ad00000, 0x000000070ad00000| Untracked 
| 116|0x000000070ae00000, 0x000000070ae00000, 0x000000070af00000|  0%| F|  |TAMS 0x000000070ae00000, 0x000000070ae00000| Untracked 
| 117|0x000000070af00000, 0x000000070af00000, 0x000000070b000000|  0%| F|  |TAMS 0x000000070af00000, 0x000000070af00000| Untracked 
| 118|0x000000070b000000, 0x000000070b000000, 0x000000070b100000|  0%| F|  |TAMS 0x000000070b000000, 0x000000070b000000| Untracked 
| 119|0x000000070b100000, 0x000000070b100000, 0x000000070b200000|  0%| F|  |TAMS 0x000000070b100000, 0x000000070b100000| Untracked 
| 120|0x000000070b200000, 0x000000070b200000, 0x000000070b300000|  0%| F|  |TAMS 0x000000070b200000, 0x000000070b200000| Untracked 
| 121|0x000000070b300000, 0x000000070b300000, 0x000000070b400000|  0%| F|  |TAMS 0x000000070b300000, 0x000000070b300000| Untracked 
| 122|0x000000070b400000, 0x000000070b400000, 0x000000070b500000|  0%| F|  |TAMS 0x000000070b400000, 0x000000070b400000| Untracked 
| 123|0x000000070b500000, 0x000000070b500000, 0x000000070b600000|  0%| F|  |TAMS 0x000000070b500000, 0x000000070b500000| Untracked 
| 124|0x000000070b600000, 0x000000070b600000, 0x000000070b700000|  0%| F|  |TAMS 0x000000070b600000, 0x000000070b600000| Untracked 
| 125|0x000000070b700000, 0x000000070b700000, 0x000000070b800000|  0%| F|  |TAMS 0x000000070b700000, 0x000000070b700000| Untracked 
| 126|0x000000070b800000, 0x000000070b800000, 0x000000070b900000|  0%| F|  |TAMS 0x000000070b800000, 0x000000070b800000| Untracked 
| 127|0x000000070b900000, 0x000000070b900000, 0x000000070ba00000|  0%| F|  |TAMS 0x000000070b900000, 0x000000070b900000| Untracked 
| 128|0x000000070ba00000, 0x000000070ba00000, 0x000000070bb00000|  0%| F|  |TAMS 0x000000070ba00000, 0x000000070ba00000| Untracked 
| 129|0x000000070bb00000, 0x000000070bb00000, 0x000000070bc00000|  0%| F|  |TAMS 0x000000070bb00000, 0x000000070bb00000| Untracked 
| 130|0x000000070bc00000, 0x000000070bc00000, 0x000000070bd00000|  0%| F|  |TAMS 0x000000070bc00000, 0x000000070bc00000| Untracked 
| 131|0x000000070bd00000, 0x000000070bd00000, 0x000000070be00000|  0%| F|  |TAMS 0x000000070bd00000, 0x000000070bd00000| Untracked 
| 132|0x000000070be00000, 0x000000070be00000, 0x000000070bf00000|  0%| F|  |TAMS 0x000000070be00000, 0x000000070be00000| Untracked 
| 133|0x000000070bf00000, 0x000000070bf00000, 0x000000070c000000|  0%| F|  |TAMS 0x000000070bf00000, 0x000000070bf00000| Untracked 
| 134|0x000000070c000000, 0x000000070c000000, 0x000000070c100000|  0%| F|  |TAMS 0x000000070c000000, 0x000000070c000000| Untracked 
| 135|0x000000070c100000, 0x000000070c100000, 0x000000070c200000|  0%| F|  |TAMS 0x000000070c100000, 0x000000070c100000| Untracked 
| 136|0x000000070c200000, 0x000000070c200000, 0x000000070c300000|  0%| F|  |TAMS 0x000000070c200000, 0x000000070c200000| Untracked 
| 137|0x000000070c300000, 0x000000070c300000, 0x000000070c400000|  0%| F|  |TAMS 0x000000070c300000, 0x000000070c300000| Untracked 
| 138|0x000000070c400000, 0x000000070c400000, 0x000000070c500000|  0%| F|  |TAMS 0x000000070c400000, 0x000000070c400000| Untracked 
| 139|0x000000070c500000, 0x000000070c500000, 0x000000070c600000|  0%| F|  |TAMS 0x000000070c500000, 0x000000070c500000| Untracked 
| 140|0x000000070c600000, 0x000000070c600000, 0x000000070c700000|  0%| F|  |TAMS 0x000000070c600000, 0x000000070c600000| Untracked 
| 141|0x000000070c700000, 0x000000070c700000, 0x000000070c800000|  0%| F|  |TAMS 0x000000070c700000, 0x000000070c700000| Untracked 
| 142|0x000000070c800000, 0x000000070c800000, 0x000000070c900000|  0%| F|  |TAMS 0x000000070c800000, 0x000000070c800000| Untracked 
| 143|0x000000070c900000, 0x000000070c900000, 0x000000070ca00000|  0%| F|  |TAMS 0x000000070c900000, 0x000000070c900000| Untracked 
| 144|0x000000070ca00000, 0x000000070ca00000, 0x000000070cb00000|  0%| F|  |TAMS 0x000000070ca00000, 0x000000070ca00000| Untracked 
| 145|0x000000070cb00000, 0x000000070cb00000, 0x000000070cc00000|  0%| F|  |TAMS 0x000000070cb00000, 0x000000070cb00000| Untracked 
| 146|0x000000070cc00000, 0x000000070cc00000, 0x000000070cd00000|  0%| F|  |TAMS 0x000000070cc00000, 0x000000070cc00000| Untracked 
| 147|0x000000070cd00000, 0x000000070cd00000, 0x000000070ce00000|  0%| F|  |TAMS 0x000000070cd00000, 0x000000070cd00000| Untracked 
| 148|0x000000070ce00000, 0x000000070ce00000, 0x000000070cf00000|  0%| F|  |TAMS 0x000000070ce00000, 0x000000070ce00000| Untracked 
| 149|0x000000070cf00000, 0x000000070cf00000, 0x000000070d000000|  0%| F|  |TAMS 0x000000070cf00000, 0x000000070cf00000| Untracked 
| 150|0x000000070d000000, 0x000000070d000000, 0x000000070d100000|  0%| F|  |TAMS 0x000000070d000000, 0x000000070d000000| Untracked 
| 151|0x000000070d100000, 0x000000070d100000, 0x000000070d200000|  0%| F|  |TAMS 0x000000070d100000, 0x000000070d100000| Untracked 
| 152|0x000000070d200000, 0x000000070d200000, 0x000000070d300000|  0%| F|  |TAMS 0x000000070d200000, 0x000000070d200000| Untracked 
| 153|0x000000070d300000, 0x000000070d300000, 0x000000070d400000|  0%| F|  |TAMS 0x000000070d300000, 0x000000070d300000| Untracked 
| 154|0x000000070d400000, 0x000000070d400000, 0x000000070d500000|  0%| F|  |TAMS 0x000000070d400000, 0x000000070d400000| Untracked 
| 155|0x000000070d500000, 0x000000070d500000, 0x000000070d600000|  0%| F|  |TAMS 0x000000070d500000, 0x000000070d500000| Untracked 
| 156|0x000000070d600000, 0x000000070d600000, 0x000000070d700000|  0%| F|  |TAMS 0x000000070d600000, 0x000000070d600000| Untracked 
| 157|0x000000070d700000, 0x000000070d700000, 0x000000070d800000|  0%| F|  |TAMS 0x000000070d700000, 0x000000070d700000| Untracked 
| 158|0x000000070d800000, 0x000000070d800000, 0x000000070d900000|  0%| F|  |TAMS 0x000000070d800000, 0x000000070d800000| Untracked 
| 159|0x000000070d900000, 0x000000070d900000, 0x000000070da00000|  0%| F|  |TAMS 0x000000070d900000, 0x000000070d900000| Untracked 
| 160|0x000000070da00000, 0x000000070da00000, 0x000000070db00000|  0%| F|  |TAMS 0x000000070da00000, 0x000000070da00000| Untracked 
| 161|0x000000070db00000, 0x000000070db00000, 0x000000070dc00000|  0%| F|  |TAMS 0x000000070db00000, 0x000000070db00000| Untracked 
| 162|0x000000070dc00000, 0x000000070dc00000, 0x000000070dd00000|  0%| F|  |TAMS 0x000000070dc00000, 0x000000070dc00000| Untracked 
| 163|0x000000070dd00000, 0x000000070dd00000, 0x000000070de00000|  0%| F|  |TAMS 0x000000070dd00000, 0x000000070dd00000| Untracked 
| 164|0x000000070de00000, 0x000000070de00000, 0x000000070df00000|  0%| F|  |TAMS 0x000000070de00000, 0x000000070de00000| Untracked 
| 165|0x000000070df00000, 0x000000070df00000, 0x000000070e000000|  0%| F|  |TAMS 0x000000070df00000, 0x000000070df00000| Untracked 
| 166|0x000000070e000000, 0x000000070e000000, 0x000000070e100000|  0%| F|  |TAMS 0x000000070e000000, 0x000000070e000000| Untracked 
| 167|0x000000070e100000, 0x000000070e100000, 0x000000070e200000|  0%| F|  |TAMS 0x000000070e100000, 0x000000070e100000| Untracked 
| 168|0x000000070e200000, 0x000000070e200000, 0x000000070e300000|  0%| F|  |TAMS 0x000000070e200000, 0x000000070e200000| Untracked 
| 169|0x000000070e300000, 0x000000070e300000, 0x000000070e400000|  0%| F|  |TAMS 0x000000070e300000, 0x000000070e300000| Untracked 
| 170|0x000000070e400000, 0x000000070e400000, 0x000000070e500000|  0%| F|  |TAMS 0x000000070e400000, 0x000000070e400000| Untracked 
| 171|0x000000070e500000, 0x000000070e500000, 0x000000070e600000|  0%| F|  |TAMS 0x000000070e500000, 0x000000070e500000| Untracked 
| 172|0x000000070e600000, 0x000000070e600000, 0x000000070e700000|  0%| F|  |TAMS 0x000000070e600000, 0x000000070e600000| Untracked 
| 173|0x000000070e700000, 0x000000070e700000, 0x000000070e800000|  0%| F|  |TAMS 0x000000070e700000, 0x000000070e700000| Untracked 
| 174|0x000000070e800000, 0x000000070e800000, 0x000000070e900000|  0%| F|  |TAMS 0x000000070e800000, 0x000000070e800000| Untracked 
| 175|0x000000070e900000, 0x000000070e900000, 0x000000070ea00000|  0%| F|  |TAMS 0x000000070e900000, 0x000000070e900000| Untracked 
| 176|0x000000070ea00000, 0x000000070ea00000, 0x000000070eb00000|  0%| F|  |TAMS 0x000000070ea00000, 0x000000070ea00000| Untracked 
| 177|0x000000070eb00000, 0x000000070eb00000, 0x000000070ec00000|  0%| F|  |TAMS 0x000000070eb00000, 0x000000070eb00000| Untracked 
| 178|0x000000070ec00000, 0x000000070ec00000, 0x000000070ed00000|  0%| F|  |TAMS 0x000000070ec00000, 0x000000070ec00000| Untracked 
| 179|0x000000070ed00000, 0x000000070ed00000, 0x000000070ee00000|  0%| F|  |TAMS 0x000000070ed00000, 0x000000070ed00000| Untracked 
| 180|0x000000070ee00000, 0x000000070ee00000, 0x000000070ef00000|  0%| F|  |TAMS 0x000000070ee00000, 0x000000070ee00000| Untracked 
| 181|0x000000070ef00000, 0x000000070ef00000, 0x000000070f000000|  0%| F|  |TAMS 0x000000070ef00000, 0x000000070ef00000| Untracked 
| 182|0x000000070f000000, 0x000000070f000000, 0x000000070f100000|  0%| F|  |TAMS 0x000000070f000000, 0x000000070f000000| Untracked 
| 183|0x000000070f100000, 0x000000070f100000, 0x000000070f200000|  0%| F|  |TAMS 0x000000070f100000, 0x000000070f100000| Untracked 
| 184|0x000000070f200000, 0x000000070f200000, 0x000000070f300000|  0%| F|  |TAMS 0x000000070f200000, 0x000000070f200000| Untracked 
| 185|0x000000070f300000, 0x000000070f300000, 0x000000070f400000|  0%| F|  |TAMS 0x000000070f300000, 0x000000070f300000| Untracked 
| 186|0x000000070f400000, 0x000000070f400000, 0x000000070f500000|  0%| F|  |TAMS 0x000000070f400000, 0x000000070f400000| Untracked 
| 187|0x000000070f500000, 0x000000070f500000, 0x000000070f600000|  0%| F|  |TAMS 0x000000070f500000, 0x000000070f500000| Untracked 
| 188|0x000000070f600000, 0x000000070f600000, 0x000000070f700000|  0%| F|  |TAMS 0x000000070f600000, 0x000000070f600000| Untracked 
| 189|0x000000070f700000, 0x000000070f700000, 0x000000070f800000|  0%| F|  |TAMS 0x000000070f700000, 0x000000070f700000| Untracked 
| 190|0x000000070f800000, 0x000000070f800000, 0x000000070f900000|  0%| F|  |TAMS 0x000000070f800000, 0x000000070f800000| Untracked 
| 191|0x000000070f900000, 0x000000070f900000, 0x000000070fa00000|  0%| F|  |TAMS 0x000000070f900000, 0x000000070f900000| Untracked 
| 192|0x000000070fa00000, 0x000000070fa00000, 0x000000070fb00000|  0%| F|  |TAMS 0x000000070fa00000, 0x000000070fa00000| Untracked 
| 193|0x000000070fb00000, 0x000000070fb00000, 0x000000070fc00000|  0%| F|  |TAMS 0x000000070fb00000, 0x000000070fb00000| Untracked 
| 194|0x000000070fc00000, 0x000000070fc00000, 0x000000070fd00000|  0%| F|  |TAMS 0x000000070fc00000, 0x000000070fc00000| Untracked 
| 195|0x000000070fd00000, 0x000000070fd00000, 0x000000070fe00000|  0%| F|  |TAMS 0x000000070fd00000, 0x000000070fd00000| Untracked 
| 196|0x000000070fe00000, 0x000000070fe00000, 0x000000070ff00000|  0%| F|  |TAMS 0x000000070fe00000, 0x000000070fe00000| Untracked 
| 197|0x000000070ff00000, 0x000000070ff00000, 0x0000000710000000|  0%| F|  |TAMS 0x000000070ff00000, 0x000000070ff00000| Untracked 
| 198|0x0000000710000000, 0x0000000710000000, 0x0000000710100000|  0%| F|  |TAMS 0x0000000710000000, 0x0000000710000000| Untracked 
| 199|0x0000000710100000, 0x0000000710100000, 0x0000000710200000|  0%| F|  |TAMS 0x0000000710100000, 0x0000000710100000| Untracked 
| 200|0x0000000710200000, 0x0000000710200000, 0x0000000710300000|  0%| F|  |TAMS 0x0000000710200000, 0x0000000710200000| Untracked 
| 201|0x0000000710300000, 0x0000000710300000, 0x0000000710400000|  0%| F|  |TAMS 0x0000000710300000, 0x0000000710300000| Untracked 
| 202|0x0000000710400000, 0x0000000710400000, 0x0000000710500000|  0%| F|  |TAMS 0x0000000710400000, 0x0000000710400000| Untracked 
| 203|0x0000000710500000, 0x0000000710500000, 0x0000000710600000|  0%| F|  |TAMS 0x0000000710500000, 0x0000000710500000| Untracked 
| 204|0x0000000710600000, 0x0000000710600000, 0x0000000710700000|  0%| F|  |TAMS 0x0000000710600000, 0x0000000710600000| Untracked 
| 205|0x0000000710700000, 0x0000000710700000, 0x0000000710800000|  0%| F|  |TAMS 0x0000000710700000, 0x0000000710700000| Untracked 
| 206|0x0000000710800000, 0x0000000710800000, 0x0000000710900000|  0%| F|  |TAMS 0x0000000710800000, 0x0000000710800000| Untracked 
| 207|0x0000000710900000, 0x0000000710900000, 0x0000000710a00000|  0%| F|  |TAMS 0x0000000710900000, 0x0000000710900000| Untracked 
| 208|0x0000000710a00000, 0x0000000710a00000, 0x0000000710b00000|  0%| F|  |TAMS 0x0000000710a00000, 0x0000000710a00000| Untracked 
| 209|0x0000000710b00000, 0x0000000710b00000, 0x0000000710c00000|  0%| F|  |TAMS 0x0000000710b00000, 0x0000000710b00000| Untracked 
| 210|0x0000000710c00000, 0x0000000710c00000, 0x0000000710d00000|  0%| F|  |TAMS 0x0000000710c00000, 0x0000000710c00000| Untracked 
| 211|0x0000000710d00000, 0x0000000710d00000, 0x0000000710e00000|  0%| F|  |TAMS 0x0000000710d00000, 0x0000000710d00000| Untracked 
| 212|0x0000000710e00000, 0x0000000710e00000, 0x0000000710f00000|  0%| F|  |TAMS 0x0000000710e00000, 0x0000000710e00000| Untracked 
| 213|0x0000000710f00000, 0x0000000710f00000, 0x0000000711000000|  0%| F|  |TAMS 0x0000000710f00000, 0x0000000710f00000| Untracked 
| 214|0x0000000711000000, 0x0000000711000000, 0x0000000711100000|  0%| F|  |TAMS 0x0000000711000000, 0x0000000711000000| Untracked 
| 215|0x0000000711100000, 0x0000000711100000, 0x0000000711200000|  0%| F|  |TAMS 0x0000000711100000, 0x0000000711100000| Untracked 
| 216|0x0000000711200000, 0x0000000711200000, 0x0000000711300000|  0%| F|  |TAMS 0x0000000711200000, 0x0000000711200000| Untracked 
| 217|0x0000000711300000, 0x0000000711300000, 0x0000000711400000|  0%| F|  |TAMS 0x0000000711300000, 0x0000000711300000| Untracked 
| 218|0x0000000711400000, 0x0000000711400000, 0x0000000711500000|  0%| F|  |TAMS 0x0000000711400000, 0x0000000711400000| Untracked 
| 219|0x0000000711500000, 0x0000000711500000, 0x0000000711600000|  0%| F|  |TAMS 0x0000000711500000, 0x0000000711500000| Untracked 
| 220|0x0000000711600000, 0x0000000711600000, 0x0000000711700000|  0%| F|  |TAMS 0x0000000711600000, 0x0000000711600000| Untracked 
| 221|0x0000000711700000, 0x0000000711700000, 0x0000000711800000|  0%| F|  |TAMS 0x0000000711700000, 0x0000000711700000| Untracked 
| 222|0x0000000711800000, 0x0000000711800000, 0x0000000711900000|  0%| F|  |TAMS 0x0000000711800000, 0x0000000711800000| Untracked 
| 223|0x0000000711900000, 0x0000000711900000, 0x0000000711a00000|  0%| F|  |TAMS 0x0000000711900000, 0x0000000711900000| Untracked 
| 224|0x0000000711a00000, 0x0000000711a00000, 0x0000000711b00000|  0%| F|  |TAMS 0x0000000711a00000, 0x0000000711a00000| Untracked 
| 225|0x0000000711b00000, 0x0000000711b00000, 0x0000000711c00000|  0%| F|  |TAMS 0x0000000711b00000, 0x0000000711b00000| Untracked 
| 226|0x0000000711c00000, 0x0000000711c00000, 0x0000000711d00000|  0%| F|  |TAMS 0x0000000711c00000, 0x0000000711c00000| Untracked 
| 227|0x0000000711d00000, 0x0000000711d00000, 0x0000000711e00000|  0%| F|  |TAMS 0x0000000711d00000, 0x0000000711d00000| Untracked 
| 228|0x0000000711e00000, 0x0000000711e00000, 0x0000000711f00000|  0%| F|  |TAMS 0x0000000711e00000, 0x0000000711e00000| Untracked 
| 229|0x0000000711f00000, 0x0000000711f00000, 0x0000000712000000|  0%| F|  |TAMS 0x0000000711f00000, 0x0000000711f00000| Untracked 
| 230|0x0000000712000000, 0x0000000712000000, 0x0000000712100000|  0%| F|  |TAMS 0x0000000712000000, 0x0000000712000000| Untracked 
| 231|0x0000000712100000, 0x0000000712100000, 0x0000000712200000|  0%| F|  |TAMS 0x0000000712100000, 0x0000000712100000| Untracked 
| 232|0x0000000712200000, 0x0000000712200000, 0x0000000712300000|  0%| F|  |TAMS 0x0000000712200000, 0x0000000712200000| Untracked 
| 233|0x0000000712300000, 0x0000000712300000, 0x0000000712400000|  0%| F|  |TAMS 0x0000000712300000, 0x0000000712300000| Untracked 
| 234|0x0000000712400000, 0x0000000712400000, 0x0000000712500000|  0%| F|  |TAMS 0x0000000712400000, 0x0000000712400000| Untracked 
| 235|0x0000000712500000, 0x0000000712500000, 0x0000000712600000|  0%| F|  |TAMS 0x0000000712500000, 0x0000000712500000| Untracked 
| 236|0x0000000712600000, 0x0000000712600000, 0x0000000712700000|  0%| F|  |TAMS 0x0000000712600000, 0x0000000712600000| Untracked 
| 237|0x0000000712700000, 0x0000000712700000, 0x0000000712800000|  0%| F|  |TAMS 0x0000000712700000, 0x0000000712700000| Untracked 
| 238|0x0000000712800000, 0x0000000712800000, 0x0000000712900000|  0%| F|  |TAMS 0x0000000712800000, 0x0000000712800000| Untracked 
| 239|0x0000000712900000, 0x0000000712900000, 0x0000000712a00000|  0%| F|  |TAMS 0x0000000712900000, 0x0000000712900000| Untracked 
| 240|0x0000000712a00000, 0x0000000712a00000, 0x0000000712b00000|  0%| F|  |TAMS 0x0000000712a00000, 0x0000000712a00000| Untracked 
| 241|0x0000000712b00000, 0x0000000712b00000, 0x0000000712c00000|  0%| F|  |TAMS 0x0000000712b00000, 0x0000000712b00000| Untracked 
| 242|0x0000000712c00000, 0x0000000712c00000, 0x0000000712d00000|  0%| F|  |TAMS 0x0000000712c00000, 0x0000000712c00000| Untracked 
| 243|0x0000000712d00000, 0x0000000712d00000, 0x0000000712e00000|  0%| F|  |TAMS 0x0000000712d00000, 0x0000000712d00000| Untracked 
| 244|0x0000000712e00000, 0x0000000712e00000, 0x0000000712f00000|  0%| F|  |TAMS 0x0000000712e00000, 0x0000000712e00000| Untracked 
| 245|0x0000000712f00000, 0x0000000712f00000, 0x0000000713000000|  0%| F|  |TAMS 0x0000000712f00000, 0x0000000712f00000| Untracked 
| 246|0x0000000713000000, 0x0000000713000000, 0x0000000713100000|  0%| F|  |TAMS 0x0000000713000000, 0x0000000713000000| Untracked 
| 247|0x0000000713100000, 0x0000000713100000, 0x0000000713200000|  0%| F|  |TAMS 0x0000000713100000, 0x0000000713100000| Untracked 
| 248|0x0000000713200000, 0x0000000713200000, 0x0000000713300000|  0%| F|  |TAMS 0x0000000713200000, 0x0000000713200000| Untracked 
| 249|0x0000000713300000, 0x0000000713300000, 0x0000000713400000|  0%| F|  |TAMS 0x0000000713300000, 0x0000000713300000| Untracked 
| 250|0x0000000713400000, 0x0000000713400000, 0x0000000713500000|  0%| F|  |TAMS 0x0000000713400000, 0x0000000713400000| Untracked 
| 251|0x0000000713500000, 0x0000000713576838, 0x0000000713600000| 46%| E|  |TAMS 0x0000000713500000, 0x0000000713500000| Complete 
| 252|0x0000000713600000, 0x0000000713700000, 0x0000000713700000|100%| E|CS|TAMS 0x0000000713600000, 0x0000000713600000| Complete 
| 253|0x0000000713700000, 0x0000000713800000, 0x0000000713800000|100%| E|CS|TAMS 0x0000000713700000, 0x0000000713700000| Complete 

Card table byte_map: [0x0000019071750000,0x0000019071f40000] _byte_map_base: 0x000001906df33000

Marking Bits (Prev, Next): (CMBitMap*) 0x000001905eb65fc8, (CMBitMap*) 0x000001905eb66008
 Prev Bits: [0x0000019072730000, 0x0000019076648000)
 Next Bits: [0x0000019076650000, 0x000001907a568000)

Polling page: 0x000001905caf0000

Metaspace:

Usage:
  Non-class:      4.59 MB capacity,     4.52 MB ( 99%) used,    65.84 KB (  1%) free+waste,     1.38 KB ( <1%) overhead. 
      Class:    501.00 KB capacity,   484.85 KB ( 97%) used,    15.09 KB (  3%) free+waste,     1.06 KB ( <1%) overhead. 
       Both:      5.08 MB capacity,     5.00 MB ( 98%) used,    80.93 KB (  2%) free+waste,     2.44 KB ( <1%) overhead. 

Virtual space:
  Non-class space:        8.00 MB reserved,       4.75 MB ( 59%) committed 
      Class space:        1.00 GB reserved,     512.00 KB ( <1%) committed 
             Both:        1.01 GB reserved,       5.25 MB ( <1%) committed 

Chunk freelists:
   Non-Class:  37.00 KB
       Class:  11.00 KB
        Both:  48.00 KB

MaxMetaspaceSize: 17179869184.00 GB
CompressedClassSpaceSize: 1.00 GB

CodeHeap 'non-profiled nmethods': size=120000Kb used=35Kb max_used=35Kb free=119964Kb
 bounds [0x0000019069700000, 0x0000019069970000, 0x0000019070c30000]
CodeHeap 'profiled nmethods': size=120000Kb used=170Kb max_used=170Kb free=119830Kb
 bounds [0x00000190621d0000, 0x0000019062440000, 0x0000019069700000]
CodeHeap 'non-nmethods': size=5760Kb used=1139Kb max_used=1139Kb free=4620Kb
 bounds [0x0000019061c30000, 0x0000019061ea0000, 0x00000190621d0000]
 total_blobs=505 nmethods=133 adapters=285
 compilation: enabled
              stopped_count=0, restarted_count=0
 full_count=0

Compilation events (20 events):
Event: 0.179 Thread 0x000001907d9f2800  112       3       java.lang.String::lastIndexOf (29 bytes)
Event: 0.179 Thread 0x000001907d9f2800 nmethod 112 0x00000190621f8d90 code [0x00000190621f8f60, 0x00000190621f91f8]
Event: 0.180 Thread 0x000001907d9f2800  113       3       java.lang.String::lastIndexOf (12 bytes)
Event: 0.180 Thread 0x000001907d9f2800 nmethod 113 0x00000190621f9310 code [0x00000190621f9500, 0x00000190621f98f8]
Event: 0.181 Thread 0x000001907d9f2800  114       3       java.lang.AbstractStringBuilder::newCapacity (55 bytes)
Event: 0.181 Thread 0x000001907d9f2800 nmethod 114 0x00000190621f9a90 code [0x00000190621f9c40, 0x00000190621f9e68]
Event: 0.182 Thread 0x000001907d9f2800  115       1       java.security.ProtectionDomain::getCodeSource (5 bytes)
Event: 0.182 Thread 0x000001907d9f2800 nmethod 115 0x0000019069705a10 code [0x0000019069705ba0, 0x0000019069705c58]
Event: 0.183 Thread 0x000001907d9f2800  116       1       java.net.URL::getFile (5 bytes)
Event: 0.183 Thread 0x000001907d9f2800 nmethod 116 0x0000019069705d10 code [0x0000019069705ea0, 0x0000019069705f58]
Event: 0.511 Thread 0x000001907d9f2800  122       1       java.lang.Enum::ordinal (5 bytes)
Event: 0.511 Thread 0x000001907d9f2800 nmethod 122 0x0000019069707010 code [0x00000190697071a0, 0x0000019069707258]
Event: 0.514 Thread 0x000001907d9f2800  124       3       java.lang.AbstractStringBuilder::<init> (39 bytes)
Event: 0.514 Thread 0x000001907d9f2800 nmethod 124 0x00000190621f9f90 code [0x00000190621fa140, 0x00000190621fa3d8]
Event: 0.514 Thread 0x000001907d9f2800  123       3       java.lang.StringBuilder::<init> (7 bytes)
Event: 0.514 Thread 0x000001907d9f2800 nmethod 123 0x00000190621fa490 code [0x00000190621fa640, 0x00000190621fa768]
Event: 0.516 Thread 0x000001907d9f2800  125       1       java.lang.Class::getClassLoader0 (5 bytes)
Event: 0.516 Thread 0x000001907d9f2800 nmethod 125 0x0000019069707610 code [0x00000190697077a0, 0x0000019069707858]
Event: 0.528 Thread 0x000001907d9f2800  133       1       java.lang.invoke.MethodType::returnType (5 bytes)
Event: 0.528 Thread 0x000001907d9f2800 nmethod 133 0x0000019069708b10 code [0x0000019069708ca0, 0x0000019069708d58]

GC Heap History (0 events):
No events

Deoptimization events (4 events):
Event: 0.095 Thread 0x000001905eaff800 Uncommon trap: trap_request=0xffffff45 fr.pc=0x00000190697043ec relative=0x000000000000020c
Event: 0.095 Thread 0x000001905eaff800 Uncommon trap: reason=unstable_if action=reinterpret pc=0x00000190697043ec method=java.lang.String.hashCode()I @ 42 c2
Event: 0.095 Thread 0x000001905eaff800 DEOPT PACKING pc=0x00000190697043ec sp=0x0000000ac5ffd7f0
Event: 0.095 Thread 0x000001905eaff800 DEOPT UNPACKING pc=0x0000019061c3852f sp=0x0000000ac5ffd788 mode 2

Classes unloaded (0 events):
No events

Classes redefined (0 events):
No events

Internal exceptions (2 events):
Event: 0.499 Thread 0x000001907dc0d000 Exception <a 'java/lang/NoSuchMethodError'{0x00000007136f6be8}: 'void java.lang.invoke.DirectMethodHandle$Holder.invokeSpecial(java.lang.Object, java.lang.Object, int)'> (0x00000007136f6be8) 
thrown [./open/src/hotspot/share/interpreter/linkResolver.cpp, line 766]
Event: 0.526 Thread 0x000001907dc0d000 Exception <a 'java/lang/NoSuchMethodError'{0x0000000713504b30}: 'void java.lang.invoke.DirectMethodHandle$Holder.invokeSpecial(java.lang.Object, java.lang.Object)'> (0x0000000713504b30) 
thrown [./open/src/hotspot/share/interpreter/linkResolver.cpp, line 766]

Events (20 events):
Event: 0.720 Executing VM operation: HandshakeOneThread
Event: 0.720 Executing VM operation: HandshakeOneThread done
Event: 0.752 Executing VM operation: HandshakeOneThread
Event: 0.752 Executing VM operation: HandshakeOneThread done
Event: 0.753 Executing VM operation: HandshakeOneThread
Event: 0.753 Executing VM operation: HandshakeOneThread done
Event: 0.753 Executing VM operation: HandshakeOneThread
Event: 0.753 Executing VM operation: HandshakeOneThread done
Event: 0.753 Executing VM operation: HandshakeOneThread
Event: 0.753 Executing VM operation: HandshakeOneThread done
Event: 0.753 Executing VM operation: HandshakeOneThread
Event: 0.754 Executing VM operation: HandshakeOneThread done
Event: 0.754 Executing VM operation: HandshakeOneThread
Event: 0.754 Executing VM operation: HandshakeOneThread done
Event: 0.755 Executing VM operation: HandshakeOneThread
Event: 0.755 Executing VM operation: HandshakeOneThread done
Event: 0.756 loading class java/lang/UnsupportedOperationException
Event: 0.756 loading class java/lang/UnsupportedOperationException done
Event: 0.987 Executing VM operation: HandshakeOneThread
Event: 0.987 Executing VM operation: HandshakeOneThread done


Dynamic libraries:
0x00007ff61bb60000 - 0x00007ff61bb6d000 	C:\Users\Utilisateur\Documents\school SI4\Finate State Machines\sctpro-win32.win32.x86_64 (1)\yakindu-sctpro\plugins\org.eclipse.justj.openjdk.hotspot.jre.full.stripped.win32.x86_64_14.0.2.v20200722-0632\jre\bin\javaw.exe
0x00007ff84bc90000 - 0x00007ff84be85000 	C:\WINDOWS\SYSTEM32\ntdll.dll
0x00007ff84b270000 - 0x00007ff84b32e000 	C:\WINDOWS\System32\KERNEL32.DLL
0x00007ff849770000 - 0x00007ff849a38000 	C:\WINDOWS\System32\KERNELBASE.dll
0x00007ff849610000 - 0x00007ff849710000 	C:\WINDOWS\System32\ucrtbase.dll
0x00007ff82efe0000 - 0x00007ff82eff5000 	C:\Users\Utilisateur\Documents\school SI4\Finate State Machines\sctpro-win32.win32.x86_64 (1)\yakindu-sctpro\plugins\org.eclipse.justj.openjdk.hotspot.jre.full.stripped.win32.x86_64_14.0.2.v20200722-0632\jre\bin\VCRUNTIME140.dll
0x00007ff82e8b0000 - 0x00007ff82e8c8000 	C:\Users\Utilisateur\Documents\school SI4\Finate State Machines\sctpro-win32.win32.x86_64 (1)\yakindu-sctpro\plugins\org.eclipse.justj.openjdk.hotspot.jre.full.stripped.win32.x86_64_14.0.2.v20200722-0632\jre\bin\jli.dll
0x00007ff84b9f0000 - 0x00007ff84bb91000 	C:\WINDOWS\System32\USER32.dll
0x00007ff849710000 - 0x00007ff849732000 	C:\WINDOWS\System32\win32u.dll
0x00007ff8360f0000 - 0x00007ff83638a000 	C:\WINDOWS\WinSxS\amd64_microsoft.windows.common-controls_6595b64144ccf1df_6.0.19041.1110_none_60b5254171f9507e\COMCTL32.dll
0x00007ff849d70000 - 0x00007ff849d9b000 	C:\WINDOWS\System32\GDI32.dll
0x00007ff84b0a0000 - 0x00007ff84b13e000 	C:\WINDOWS\System32\msvcrt.dll
0x00007ff849ba0000 - 0x00007ff849cab000 	C:\WINDOWS\System32\gdi32full.dll
0x00007ff849510000 - 0x00007ff8495ad000 	C:\WINDOWS\System32\msvcp_win.dll
0x00007ff84b960000 - 0x00007ff84b990000 	C:\WINDOWS\System32\IMM32.DLL
0x00007fffec1b0000 - 0x00007fffec24b000 	C:\Users\Utilisateur\Documents\school SI4\Finate State Machines\sctpro-win32.win32.x86_64 (1)\yakindu-sctpro\plugins\org.eclipse.justj.openjdk.hotspot.jre.full.stripped.win32.x86_64_14.0.2.v20200722-0632\jre\bin\msvcp140.dll
0x00007fffb8850000 - 0x00007fffb936e000 	C:\Users\Utilisateur\Documents\school SI4\Finate State Machines\sctpro-win32.win32.x86_64 (1)\yakindu-sctpro\plugins\org.eclipse.justj.openjdk.hotspot.jre.full.stripped.win32.x86_64_14.0.2.v20200722-0632\jre\bin\server\jvm.dll
0x00007ff84ab60000 - 0x00007ff84ac0c000 	C:\WINDOWS\System32\ADVAPI32.dll
0x00007ff849e80000 - 0x00007ff849f1b000 	C:\WINDOWS\System32\sechost.dll
0x00007ff84a950000 - 0x00007ff84aa7a000 	C:\WINDOWS\System32\RPCRT4.dll
0x00007ff849cb0000 - 0x00007ff849cb8000 	C:\WINDOWS\System32\PSAPI.DLL
0x00007ff847200000 - 0x00007ff847227000 	C:\WINDOWS\SYSTEM32\WINMM.dll
0x00007ff839d90000 - 0x00007ff839d99000 	C:\WINDOWS\SYSTEM32\WSOCK32.dll
0x00007ff8437e0000 - 0x00007ff8437ea000 	C:\WINDOWS\SYSTEM32\VERSION.dll
0x00007ff84b470000 - 0x00007ff84b4db000 	C:\WINDOWS\System32\WS2_32.dll
0x00007ff847c30000 - 0x00007ff847c42000 	C:\WINDOWS\SYSTEM32\kernel.appcore.dll
0x00007ff82f1c0000 - 0x00007ff82f1ca000 	C:\Users\Utilisateur\Documents\school SI4\Finate State Machines\sctpro-win32.win32.x86_64 (1)\yakindu-sctpro\plugins\org.eclipse.justj.openjdk.hotspot.jre.full.stripped.win32.x86_64_14.0.2.v20200722-0632\jre\bin\jimage.dll
0x00007ff847010000 - 0x00007ff8471f4000 	C:\WINDOWS\SYSTEM32\DBGHELP.DLL
0x00007ff846fe0000 - 0x00007ff84700c000 	C:\WINDOWS\SYSTEM32\dbgcore.DLL
0x00007ff849480000 - 0x00007ff849503000 	C:\WINDOWS\System32\bcryptPrimitives.dll
0x00007ff823540000 - 0x00007ff823565000 	C:\Users\Utilisateur\Documents\school SI4\Finate State Machines\sctpro-win32.win32.x86_64 (1)\yakindu-sctpro\plugins\org.eclipse.justj.openjdk.hotspot.jre.full.stripped.win32.x86_64_14.0.2.v20200722-0632\jre\bin\java.dll
0x00007ff82cd80000 - 0x00007ff82cd96000 	C:\Users\Utilisateur\Documents\school SI4\Finate State Machines\sctpro-win32.win32.x86_64 (1)\yakindu-sctpro\plugins\org.eclipse.justj.openjdk.hotspot.jre.full.stripped.win32.x86_64_14.0.2.v20200722-0632\jre\bin\zip.dll
0x00007ff84a210000 - 0x00007ff84a94f000 	C:\WINDOWS\System32\SHELL32.dll
0x00007ff847230000 - 0x00007ff8479c0000 	C:\WINDOWS\SYSTEM32\windows.storage.dll
0x00007ff84ac10000 - 0x00007ff84af65000 	C:\WINDOWS\System32\combase.dll
0x00007ff848d00000 - 0x00007ff848d2e000 	C:\WINDOWS\SYSTEM32\Wldp.dll
0x00007ff84b330000 - 0x00007ff84b3dd000 	C:\WINDOWS\System32\SHCORE.dll
0x00007ff849f20000 - 0x00007ff849f75000 	C:\WINDOWS\System32\shlwapi.dll
0x00007ff8492c0000 - 0x00007ff8492df000 	C:\WINDOWS\SYSTEM32\profapi.dll
0x00007ff828270000 - 0x00007ff828289000 	C:\Users\Utilisateur\Documents\school SI4\Finate State Machines\sctpro-win32.win32.x86_64 (1)\yakindu-sctpro\plugins\org.eclipse.justj.openjdk.hotspot.jre.full.stripped.win32.x86_64_14.0.2.v20200722-0632\jre\bin\net.dll
0x00007ff83f9c0000 - 0x00007ff83facc000 	C:\WINDOWS\SYSTEM32\WINHTTP.dll
0x00007ff848a60000 - 0x00007ff848aca000 	C:\WINDOWS\system32\mswsock.dll
0x00007ff822e40000 - 0x00007ff822e52000 	C:\Users\Utilisateur\Documents\school SI4\Finate State Machines\sctpro-win32.win32.x86_64 (1)\yakindu-sctpro\plugins\org.eclipse.justj.openjdk.hotspot.jre.full.stripped.win32.x86_64_14.0.2.v20200722-0632\jre\bin\nio.dll
0x00007ff829390000 - 0x00007ff8293d4000 	C:\Users\Utilisateur\Documents\GitHub\polytechWebotsController\fr.univcotedazur.kairos.webots.polycreate.controler\webotsLibs\JavaController.dll
0x00007ff82ec80000 - 0x00007ff82ec9c000 	C:\Users\Utilisateur\AppData\Local\Programs\Webots\msys64\mingw64\bin\cpp\libgcc_s_seh-1.dll
0x00007fffebd80000 - 0x00007fffebdf0000 	C:\Users\Utilisateur\AppData\Local\Programs\Webots\lib\controller\CppController.dll
0x00007fffecea0000 - 0x00007fffed04e000 	C:\Users\Utilisateur\AppData\Local\Programs\Webots\msys64\mingw64\bin\cpp\libstdc++-6.dll
0x00007ff801e80000 - 0x00007ff801f0c000 	C:\Users\Utilisateur\AppData\Local\Programs\Webots\lib\controller\Controller.dll
0x00007ff822030000 - 0x00007ff822046000 	C:\Users\Utilisateur\AppData\Local\Programs\Webots\msys64\mingw64\bin\cpp\libwinpthread-1.dll
0x00007ff844c20000 - 0x00007ff844c2d000 	C:\Users\UTILIS~1\AppData\Local\Programs\Webots\RESOUR~1\projects\plugins\ROBOT_~1\generic\generic.dll
0x00007ff82f240000 - 0x00007ff82f25b000 	C:\Users\Utilisateur\AppData\Local\Programs\Webots\lib\controller\generic_robot_window.dll

dbghelp: loaded successfully - version: 4.0.5 - missing functions: none
symbol engine: initialized successfully - sym options: 0x614 - pdb path: .;C:\Users\Utilisateur\Documents\school SI4\Finate State Machines\sctpro-win32.win32.x86_64 (1)\yakindu-sctpro\plugins\org.eclipse.justj.openjdk.hotspot.jre.full.stripped.win32.x86_64_14.0.2.v20200722-0632\jre\bin;C:\WINDOWS\SYSTEM32;C:\WINDOWS\WinSxS\amd64_microsoft.windows.common-controls_6595b64144ccf1df_6.0.19041.1110_none_60b5254171f9507e;C:\Users\Utilisateur\Documents\school SI4\Finate State Machines\sctpro-win32.win32.x86_64 (1)\yakindu-sctpro\plugins\org.eclipse.justj.openjdk.hotspot.jre.full.stripped.win32.x86_64_14.0.2.v20200722-0632\jre\bin\server;C:\Users\Utilisateur\Documents\GitHub\polytechWebotsController\fr.univcotedazur.kairos.webots.polycreate.controler\webotsLibs;C:\Users\Utilisateur\AppData\Local\Programs\Webots\msys64\mingw64\bin\cpp;C:\Users\Utilisateur\AppData\Local\Programs\Webots\lib\controller;C:\Users\UTILIS~1\AppData\Local\Programs\Webots\RESOUR~1\projects\plugins\ROBOT_~1\generic

VM Arguments:
jvm_args: -Djava.library.path=C:\Users\Utilisateur\Documents\GitHub\polytechWebotsController\fr.univcotedazur.kairos.webots.polycreate.controler\webotsLibs;C:\Users\Utilisateur\Documents\GitHub\polytechWebotsController\fr.univcotedazur.kairos.webots.polycreate.controler\webotsLibs;C:\Users\Utilisateur\Documents\GitHub\polytechWebotsController\fr.univcotedazur.kairos.webots.polycreate.controler\webotsLibs -Dfile.encoding=UTF-8 -XX:+ShowCodeDetailsInExceptionMessages 
java_command: fr.univcotedazur.kairos.webots.polycreate.controler.PolyCreateControler
java_class_path (initial): C:\Users\Utilisateur\Documents\GitHub\polytechWebotsController\fr.univcotedazur.kairos.webots.polycreate.controler\bin;C:\Users\Utilisateur\Documents\GitHub\polytechWebotsController\fr.univcotedazur.kairos.webots.polycreate.controler\webotsLibs\Controller.jar
Launcher Type: SUN_STANDARD

[Global flags]
     intx CICompilerCount                          = 4                                         {product} {ergonomic}
     uint ConcGCThreads                            = 2                                         {product} {ergonomic}
     uint G1ConcRefinementThreads                  = 8                                         {product} {ergonomic}
   size_t G1HeapRegionSize                         = 1048576                                   {product} {ergonomic}
    uintx GCDrainStackTargetSize                   = 64                                        {product} {ergonomic}
   size_t InitialHeapSize                          = 266338304                                 {product} {ergonomic}
   size_t MarkStackSize                            = 4194304                                   {product} {ergonomic}
   size_t MaxHeapSize                              = 4234149888                                {product} {ergonomic}
   size_t MaxNewSize                               = 2539651072                                {product} {ergonomic}
   size_t MinHeapDeltaBytes                        = 1048576                                   {product} {ergonomic}
   size_t MinHeapSize                              = 8388608                                   {product} {ergonomic}
    uintx NonNMethodCodeHeapSize                   = 5839372                                {pd product} {ergonomic}
    uintx NonProfiledCodeHeapSize                  = 122909434                              {pd product} {ergonomic}
    uintx ProfiledCodeHeapSize                     = 122909434                              {pd product} {ergonomic}
    uintx ReservedCodeCacheSize                    = 251658240                              {pd product} {ergonomic}
     bool SegmentedCodeCache                       = true                                      {product} {ergonomic}
     bool ShowCodeDetailsInExceptionMessages       = true                                   {manageable} {command line}
   size_t SoftMaxHeapSize                          = 4234149888                             {manageable} {ergonomic}
     bool UseCompressedClassPointers               = true                                 {lp64_product} {ergonomic}
     bool UseCompressedOops                        = true                                 {lp64_product} {ergonomic}
     bool UseG1GC                                  = true                                      {product} {ergonomic}
     bool UseLargePagesIndividualAllocation        = false                                  {pd product} {ergonomic}

Logging:
Log output configuration:
 #0: stdout all=warning uptime,level,tags
 #1: stderr all=off uptime,level,tags

Environment Variables:
JAVA_HOME=C:\Program Files\Java\jdk-11.0.1
PATH=C:/Users/Utilisateur/Documents/school SI4/Finate State Machines/sctpro-win32.win32.x86_64 (1)/yakindu-sctpro//plugins/org.eclipse.justj.openjdk.hotspot.jre.full.stripped.win32.x86_64_14.0.2.v20200722-0632/jre/bin/server;C:/Users/Utilisateur/Documents/school SI4/Finate State Machines/sctpro-win32.win32.x86_64 (1)/yakindu-sctpro//plugins/org.eclipse.justj.openjdk.hotspot.jre.full.stripped.win32.x86_64_14.0.2.v20200722-0632/jre/bin;C:\ProgramData\Oracle\Java\javapath;C:\Program Files\Common Files\Oracle\Java\javapath;C:\Program Files (x86)\Common Files\Oracle\Java\javapath;C:\Python39\Scripts\;C:\Python39\;C:\WINDOWS\system32;C:\WINDOWS;C:\WINDOWS\System32\Wbem;C:\WINDOWS\System32\WindowsPowerShell\v1.0\;C:\WINDOWS\System32\OpenSSH\;C:\ProgramData\chocolatey\bin;C:\Program Files\Java\jdk-11.0.1\bin;C:\Program Files\Microsoft SQL Server\130\Tools\Binn\;C:\Users\Utilisateur\AppData\Local\Programs\Webots\lib\controller;C:\Users\Utilisateur\AppData\Local\Programs\Webots\msys64\mingw64\bin;C:\Users\Utilisateur\AppData\Local\Programs\Webots\msys64\mingw64\bin\cpp;C:\Program Files\nodejs\;C:\Program Files\Git\cmd;C:\Users\Utilisateur\AppData\Local\Programs\Python\Python37\Scripts\;C:\Users\Utilisateur\AppData\Local\Programs\Python\Python37\;C:\Users\Utilisateur\AppData\Local\Microsoft\WindowsApps;C:\Users\Utilisateur\Downloads\logiciel\apache-maven-3.6.3-bin\apache-maven-3.6.3\bin;C:\Program Files\JetBrains\IntelliJ IDEA Community Edition 2021.2.2\bin;;C:\Users\Utilisateur\AppData\Local\GitHubDesktop\bin;C:\Users\Utilisateur\AppData\Roaming\npm;C:\Users\Utilisateur\AppData\Local\Programs\Microsoft VS Code\bin;C:\Users\Utilisateur\Documents\school SI4\Finate State Machines\sctpro-win32.win32.x86_64 (1)\yakindu-sctpro;
USERNAME=Utilisateur
OS=Windows_NT
PROCESSOR_IDENTIFIER=Intel64 Family 6 Model 126 Stepping 5, GenuineIntel



---------------  S Y S T E M  ---------------

OS: Windows 10 , 64 bit Build 19041 (10.0.19041.1348)
OS uptime: 2 days 16:08 hours

CPU:total 8 (initial active 8) (4 cores per cpu, 2 threads per core) family 6 model 126 stepping 5, cmov, cx8, fxsr, mmx, sse, sse2, sse3, ssse3, sse4.1, sse4.2, popcnt, avx, avx2, aes, clmul, erms, 3dnowpref, lzcnt, ht, tsc, tscinvbit, bmi1, bmi2, adx, evex, sha, fma

Memory: 4k page, system-wide physical 16151M (5034M free)
TotalPageFile size 24101M (AvailPageFile size 3079M)
current process WorkingSet (physical memory assigned to process): 35M, peak: 35M
current process commit charge ("private bytes"): 337M, peak: 337M

vm_info: OpenJDK 64-Bit Server VM (14.0.2+12-46) for windows-amd64 JRE (14.0.2+12-46), built on Jul  9 2020 00:31:16 by "mach5one" with MS VC++ 15.9 (VS2017)

END.
