#
# A fatal error has been detected by the Java Runtime Environment:
#
#  EXCEPTION_ACCESS_VIOLATION (0xc0000005) at pc=0x00007ff82d2a9dd9, pid=29244, tid=28720
#
# JRE version: OpenJDK Runtime Environment (14.0.2+12) (build 14.0.2+12-46)
# Java VM: OpenJDK 64-Bit Server VM (14.0.2+12-46, mixed mode, tiered, compressed oops, g1 gc, windows-amd64)
# Problematic frame:
# C  [Controller.dll+0x49dd9]
#
# No core dump will be written. Minidumps are not enabled by default on client versions of Windows
#
# If you would like to submit a bug report, please visit:
#   https://bugreport.java.com/bugreport/crash.jsp
# The crash happened outside the Java Virtual Machine in native code.
# See problematic frame for where to report the bug.
#

---------------  S U M M A R Y ------------

Command Line: -Djava.library.path=C:\Users\Utilisateur\Documents\GitHub\polytechWebotsController\fr.univcotedazur.kairos.webots.polycreate.controler\webotsLibs;C:\Users\Utilisateur\Documents\GitHub\polytechWebotsController\fr.univcotedazur.kairos.webots.polycreate.controler\webotsLibs;C:\Users\Utilisateur\Documents\GitHub\polytechWebotsController\fr.univcotedazur.kairos.webots.polycreate.controler\webotsLibs -Dfile.encoding=UTF-8 -XX:+ShowCodeDetailsInExceptionMessages fr.univcotedazur.kairos.webots.polycreate.controler.PolyCreateControler

Host: Intel(R) Core(TM) i7-1065G7 CPU @ 1.30GHz, 8 cores, 15G,  Windows 10 , 64 bit Build 19041 (10.0.19041.1348)
Time: Fri Dec  3 09:45:18 2021 Europe de l’Ouest elapsed time: 1 seconds (0d 0h 0m 1s)

---------------  T H R E A D  ---------------

Current thread (0x000001f3c51fd800):  JavaThread "main" [_thread_in_native, id=28720, stack(0x00000007fb200000,0x00000007fb300000)]

Stack: [0x00000007fb200000,0x00000007fb300000],  sp=0x00000007fb2ff060,  free space=1020k
Native frames: (J=compiled Java code, j=interpreted, Vv=VM code, C=native code)
C  [Controller.dll+0x49dd9]

Java frames: (J=compiled Java code, j=interpreted, Vv=VM code)
j  com.cyberbotics.webots.controller.wrapperJNI.Robot_step(JLcom/cyberbotics/webots/controller/Robot;I)I+0
j  com.cyberbotics.webots.controller.Robot.step(I)I+6
j  fr.univcotedazur.kairos.webots.polycreate.controler.PolyCreateControler.doStep()V+14
j  fr.univcotedazur.kairos.webots.polycreate.controler.PolyCreateControler.passiveWait(D)V+22
j  fr.univcotedazur.kairos.webots.polycreate.controler.PolyCreateControler.main([Ljava/lang/String;)V+21
v  ~StubRoutines::call_stub

siginfo: EXCEPTION_ACCESS_VIOLATION (0xc0000005), reading address 0x0000000000000028


Register to memory mapping:

RIP=0x00007ff82d2a9dd9 Controller.dll
RAX=0x0000000000000015 is an unknown value
RBX=0x00007ff82d2d0418 Controller.dll
RCX=0x0000000000000016 is an unknown value
RDX=0x000001f3e4549940 points into unknown readable memory: 61 01 00 00 00 00 00 00
RSP=0x00000007fb2ff060 is pointing into the stack for thread: 0x000001f3c51fd800
RBP=0x00007ff84b294ad0 KERNEL32.DLL
RSI=0x0 is NULL
RDI=0x00007ff82d2c5010 Controller.dll
R8 =0x00007ff82d2a9dd2 Controller.dll
R9 =0x00007ff82d2d17d4 Controller.dll
R10=0x0 is NULL
R11=0x000001f3e454b047 points into unknown readable memory: 00
R12=0x000001f3e4548170 points into unknown readable memory: 16 00 00 00 17 17 00 00
R13=0x00007ff84b294a50 KERNEL32.DLL
R14=0x00000007fb2ff2d0 is pointing into the stack for thread: 0x000001f3c51fd800
R15=0x000001f3c51fd800 is a thread


Registers:
RAX=0x0000000000000015, RBX=0x00007ff82d2d0418, RCX=0x0000000000000016, RDX=0x000001f3e4549940
RSP=0x00000007fb2ff060, RBP=0x00007ff84b294ad0, RSI=0x0000000000000000, RDI=0x00007ff82d2c5010
R8 =0x00007ff82d2a9dd2, R9 =0x00007ff82d2d17d4, R10=0x0000000000000000, R11=0x000001f3e454b047
R12=0x000001f3e4548170, R13=0x00007ff84b294a50, R14=0x00000007fb2ff2d0, R15=0x000001f3c51fd800
RIP=0x00007ff82d2a9dd9, EFLAGS=0x0000000000010217

Top of Stack: (sp=0x00000007fb2ff060)
0x00000007fb2ff060:   0000000000000000 0000000000001717
0x00000007fb2ff070:   00007ff800000000 0000000000000004
0x00000007fb2ff080:   0000000000000161 0000000000000000
0x00000007fb2ff090:   0000000000000161 0000000000001000
0x00000007fb2ff0a0:   00007ff84b294a50 00007ff82d2d0418
0x00000007fb2ff0b0:   00007ff82d2d0b70 00007ff82d2c5010
0x00000007fb2ff0c0:   00007ff84b294ad0 000001f3e4548170
0x00000007fb2ff0d0:   00007ff84b294a50 00000007fb2ff2d0
0x00000007fb2ff0e0:   000001f3c51fd800 00007ff82d2a35fc
0x00000007fb2ff0f0:   00007ff82d2d0418 0000000000000000
0x00000007fb2ff100:   0000000000000000 0000000000000428
0x00000007fb2ff110:   00007ff84b294a50 0000000000000011
0x00000007fb2ff120:   000001f3c833a143 00000007fb2ff1d0
0x00000007fb2ff130:   0000000000000020 000001f3e4548390
0x00000007fb2ff140:   00000007fb2ff2d0 00007ff82d2a3fe7
0x00000007fb2ff150:   00007ff84b294a50 00000004e7910fe8 

Instructions: (pc=0x00007ff82d2a9dd9)
0x00007ff82d2a9cd9:   89 e1 41 89 c5 e8 6d 8a ff ff 4c 89 e1 89 c3 e8
0x00007ff82d2a9ce9:   83 8a ff ff 49 8b 54 24 08 89 c6 49 63 04 24 8d
0x00007ff82d2a9cf9:   48 01 41 89 0c 24 4c 89 e1 0f b6 2c 02 e8 e5 8a
0x00007ff82d2a9d09:   ff ff 85 ff 0f 84 cd f8 ff ff 31 d2 40 80 fd 01
0x00007ff82d2a9d19:   89 74 24 28 49 89 c0 0f 94 c2 89 5c 24 20 4c 8b
0x00007ff82d2a9d29:   0d ca 58 03 00 89 f9 89 54 24 30 44 89 ea e8 d4
0x00007ff82d2a9d39:   f5 ff ff 89 3d f6 c3 01 00 e9 99 f8 ff ff 83 c0
0x00007ff82d2a9d49:   02 48 63 c9 41 89 04 24 0f b6 04 0a 88 05 e1 c3
0x00007ff82d2a9d59:   01 00 e9 80 f8 ff ff 48 8b 1d 61 58 03 00 48 8b
0x00007ff82d2a9d69:   4b 18 e8 08 ab 01 00 4c 89 e1 e8 78 8a ff ff 48
0x00007ff82d2a9d79:   89 43 18 e9 5f f8 ff ff 48 8b 1d 38 58 03 00 31
0x00007ff82d2a9d89:   f6 48 8b 4b 30 e8 e5 aa 01 00 b9 48 00 00 00 e8
0x00007ff82d2a9d99:   83 aa 01 00 48 89 43 30 eb 10 0f 1f 44 00 00 48
0x00007ff82d2a9da9:   8b 05 11 58 03 00 48 8b 40 30 4c 89 e1 48 8d 1c
0x00007ff82d2a9db9:   30 48 83 c6 08 e8 ed 89 ff ff f2 0f 11 03 48 83
0x00007ff82d2a9dc9:   fe 48 75 db e9 0e f8 ff ff 48 8b 35 f7 57 03 00
0x00007ff82d2a9dd9:   48 8b 4e 28 e8 96 aa 01 00 b9 18 00 00 00 e8 34
0x00007ff82d2a9de9:   aa 01 00 4c 89 e1 48 89 46 28 48 89 c3 e8 b5 89
0x00007ff82d2a9df9:   ff ff 48 8b 05 ce 57 03 00 4c 89 e1 f2 0f 11 03
0x00007ff82d2a9e09:   48 8b 58 28 e8 9e 89 ff ff 48 8b 05 b7 57 03 00
0x00007ff82d2a9e19:   4c 89 e1 f2 0f 11 43 08 48 8b 58 28 e8 86 89 ff
0x00007ff82d2a9e29:   ff f2 0f 11 43 10 e9 ac f7 ff ff 4c 89 e1 e8 14
0x00007ff82d2a9e39:   89 ff ff 89 05 02 c3 01 00 e9 99 f7 ff ff 48 8b
0x00007ff82d2a9e49:   1d 1a 59 03 00 31 f6 48 85 db 0f 84 97 00 00 00
0x00007ff82d2a9e59:   0f b6 83 a1 00 00 00 49 89 dc 48 8b 9b b8 00 00
0x00007ff82d2a9e69:   00 84 c0 0f 84 de 00 00 00 48 85 f6 0f 84 f2 00
0x00007ff82d2a9e79:   00 00 48 89 9e b8 00 00 00 49 8b 4c 24 08 e8 ec
0x00007ff82d2a9e89:   a9 01 00 49 8b 4c 24 10 e8 e2 a9 01 00 49 8b 4c
0x00007ff82d2a9e99:   24 18 e8 d8 a9 01 00 49 8b 4c 24 28 e8 ce a9 01
0x00007ff82d2a9ea9:   00 49 8b 4c 24 30 e8 c4 a9 01 00 49 8b 4c 24 38
0x00007ff82d2a9eb9:   e8 ba a9 01 00 49 8b 4c 24 48 e8 b0 a9 01 00 49
0x00007ff82d2a9ec9:   8b 4c 24 70 e8 a6 a9 01 00 49 8b 8c 24 98 00 00 


Stack slot to memory mapping:
stack at sp + 0 slots: 0x0 is NULL
stack at sp + 1 slots: 0x0000000000001717 is an unknown value
stack at sp + 2 slots: 0x00007ff800000000 is an unknown value
stack at sp + 3 slots: 0x0000000000000004 is an unknown value
stack at sp + 4 slots: 0x0000000000000161 is an unknown value
stack at sp + 5 slots: 0x0 is NULL
stack at sp + 6 slots: 0x0000000000000161 is an unknown value
stack at sp + 7 slots: 0x0000000000001000 is an unknown value


---------------  P R O C E S S  ---------------

Threads class SMR info:
_java_thread_list=0x000001f3e42d19f0, length=12, elements={
0x000001f3c51fd800, 0x000001f3e40a7800, 0x000001f3e40a9000, 0x000001f3e40d1800,
0x000001f3e40d2800, 0x000001f3e40d4800, 0x000001f3e40dc000, 0x000001f3e40ea000,
0x000001f3e40f7000, 0x000001f3e425a000, 0x000001f3e427b000, 0x000001f3e42c9800
}

Java Threads: ( => current thread )
=>0x000001f3c51fd800 JavaThread "main" [_thread_in_native, id=28720, stack(0x00000007fb200000,0x00000007fb300000)]
  0x000001f3e40a7800 JavaThread "Reference Handler" daemon [_thread_blocked, id=22188, stack(0x00000007fb900000,0x00000007fba00000)]
  0x000001f3e40a9000 JavaThread "Finalizer" daemon [_thread_blocked, id=26744, stack(0x00000007fba00000,0x00000007fbb00000)]
  0x000001f3e40d1800 JavaThread "Signal Dispatcher" daemon [_thread_blocked, id=2472, stack(0x00000007fbb00000,0x00000007fbc00000)]
  0x000001f3e40d2800 JavaThread "Attach Listener" daemon [_thread_blocked, id=23592, stack(0x00000007fbc00000,0x00000007fbd00000)]
  0x000001f3e40d4800 JavaThread "Service Thread" daemon [_thread_blocked, id=30680, stack(0x00000007fbd00000,0x00000007fbe00000)]
  0x000001f3e40dc000 JavaThread "C2 CompilerThread0" daemon [_thread_blocked, id=17396, stack(0x00000007fbe00000,0x00000007fbf00000)]
  0x000001f3e40ea000 JavaThread "C1 CompilerThread0" daemon [_thread_blocked, id=2888, stack(0x00000007fbf00000,0x00000007fc000000)]
  0x000001f3e40f7000 JavaThread "Sweeper thread" daemon [_thread_blocked, id=29056, stack(0x00000007fc000000,0x00000007fc100000)]
  0x000001f3e425a000 JavaThread "Notification Thread" daemon [_thread_blocked, id=12272, stack(0x00000007fc100000,0x00000007fc200000)]
  0x000001f3e427b000 JavaThread "Common-Cleaner" daemon [_thread_blocked, id=28048, stack(0x00000007fc300000,0x00000007fc400000)]
  0x000001f3e42c9800 JavaThread "Timer-0" [_thread_in_native, id=1304, stack(0x00000007fc400000,0x00000007fc500000)]

Other Threads:
  0x000001f3e409c000 VMThread "VM Thread" [stack: 0x00000007fb800000,0x00000007fb900000] [id=12420]
  0x000001f3e425e800 WatcherThread [stack: 0x00000007fc200000,0x00000007fc300000] [id=22824]
  0x000001f3c5265800 GCTaskThread "GC Thread#0" [stack: 0x00000007fb300000,0x00000007fb400000] [id=13176]
  0x000001f3c5287000 ConcurrentGCThread "G1 Main Marker" [stack: 0x00000007fb400000,0x00000007fb500000] [id=5060]
  0x000001f3c5289800 ConcurrentGCThread "G1 Conc#0" [stack: 0x00000007fb500000,0x00000007fb600000] [id=10028]
  0x000001f3e36c4800 ConcurrentGCThread "G1 Refine#0" [stack: 0x00000007fb600000,0x00000007fb700000] [id=25384]
  0x000001f3e36c5000 ConcurrentGCThread "G1 Young RemSet Sampling" [stack: 0x00000007fb700000,0x00000007fb800000] [id=29860]

Threads with active compile tasks:

VM state:not at safepoint (normal execution)

VM Mutex/Monitor currently owned by a thread: None

Heap address: 0x00000004d7c00000, size: 4038 MB, Compressed Oops mode: Zero based, Oop shift amount: 3
Narrow klass base: 0x0000000000000000, Narrow klass shift: 3
Compressed class space size: 1073741824 Address: 0x00000005d4200000

Heap:
 garbage-first heap   total 260096K, used 2048K [0x00000004d7c00000, 0x00000005d4200000)
  region size 1024K, 3 young (3072K), 0 survivors (0K)
 Metaspace       used 5114K, capacity 5200K, committed 5376K, reserved 1056768K
  class space    used 482K, capacity 501K, committed 512K, reserved 1048576K
Heap Regions: E=young(eden), S=young(survivor), O=old, HS=humongous(starts), HC=humongous(continues), CS=collection set, F=free, OA=open archive, CA=closed archive, TAMS=top-at-mark-start (previous, next)
|   0|0x00000004d7c00000, 0x00000004d7c00000, 0x00000004d7d00000|  0%| F|  |TAMS 0x00000004d7c00000, 0x00000004d7c00000| Untracked 
|   1|0x00000004d7d00000, 0x00000004d7d00000, 0x00000004d7e00000|  0%| F|  |TAMS 0x00000004d7d00000, 0x00000004d7d00000| Untracked 
|   2|0x00000004d7e00000, 0x00000004d7e00000, 0x00000004d7f00000|  0%| F|  |TAMS 0x00000004d7e00000, 0x00000004d7e00000| Untracked 
|   3|0x00000004d7f00000, 0x00000004d7f00000, 0x00000004d8000000|  0%| F|  |TAMS 0x00000004d7f00000, 0x00000004d7f00000| Untracked 
|   4|0x00000004d8000000, 0x00000004d8000000, 0x00000004d8100000|  0%| F|  |TAMS 0x00000004d8000000, 0x00000004d8000000| Untracked 
|   5|0x00000004d8100000, 0x00000004d8100000, 0x00000004d8200000|  0%| F|  |TAMS 0x00000004d8100000, 0x00000004d8100000| Untracked 
|   6|0x00000004d8200000, 0x00000004d8200000, 0x00000004d8300000|  0%| F|  |TAMS 0x00000004d8200000, 0x00000004d8200000| Untracked 
|   7|0x00000004d8300000, 0x00000004d8300000, 0x00000004d8400000|  0%| F|  |TAMS 0x00000004d8300000, 0x00000004d8300000| Untracked 
|   8|0x00000004d8400000, 0x00000004d8400000, 0x00000004d8500000|  0%| F|  |TAMS 0x00000004d8400000, 0x00000004d8400000| Untracked 
|   9|0x00000004d8500000, 0x00000004d8500000, 0x00000004d8600000|  0%| F|  |TAMS 0x00000004d8500000, 0x00000004d8500000| Untracked 
|  10|0x00000004d8600000, 0x00000004d8600000, 0x00000004d8700000|  0%| F|  |TAMS 0x00000004d8600000, 0x00000004d8600000| Untracked 
|  11|0x00000004d8700000, 0x00000004d8700000, 0x00000004d8800000|  0%| F|  |TAMS 0x00000004d8700000, 0x00000004d8700000| Untracked 
|  12|0x00000004d8800000, 0x00000004d8800000, 0x00000004d8900000|  0%| F|  |TAMS 0x00000004d8800000, 0x00000004d8800000| Untracked 
|  13|0x00000004d8900000, 0x00000004d8900000, 0x00000004d8a00000|  0%| F|  |TAMS 0x00000004d8900000, 0x00000004d8900000| Untracked 
|  14|0x00000004d8a00000, 0x00000004d8a00000, 0x00000004d8b00000|  0%| F|  |TAMS 0x00000004d8a00000, 0x00000004d8a00000| Untracked 
|  15|0x00000004d8b00000, 0x00000004d8b00000, 0x00000004d8c00000|  0%| F|  |TAMS 0x00000004d8b00000, 0x00000004d8b00000| Untracked 
|  16|0x00000004d8c00000, 0x00000004d8c00000, 0x00000004d8d00000|  0%| F|  |TAMS 0x00000004d8c00000, 0x00000004d8c00000| Untracked 
|  17|0x00000004d8d00000, 0x00000004d8d00000, 0x00000004d8e00000|  0%| F|  |TAMS 0x00000004d8d00000, 0x00000004d8d00000| Untracked 
|  18|0x00000004d8e00000, 0x00000004d8e00000, 0x00000004d8f00000|  0%| F|  |TAMS 0x00000004d8e00000, 0x00000004d8e00000| Untracked 
|  19|0x00000004d8f00000, 0x00000004d8f00000, 0x00000004d9000000|  0%| F|  |TAMS 0x00000004d8f00000, 0x00000004d8f00000| Untracked 
|  20|0x00000004d9000000, 0x00000004d9000000, 0x00000004d9100000|  0%| F|  |TAMS 0x00000004d9000000, 0x00000004d9000000| Untracked 
|  21|0x00000004d9100000, 0x00000004d9100000, 0x00000004d9200000|  0%| F|  |TAMS 0x00000004d9100000, 0x00000004d9100000| Untracked 
|  22|0x00000004d9200000, 0x00000004d9200000, 0x00000004d9300000|  0%| F|  |TAMS 0x00000004d9200000, 0x00000004d9200000| Untracked 
|  23|0x00000004d9300000, 0x00000004d9300000, 0x00000004d9400000|  0%| F|  |TAMS 0x00000004d9300000, 0x00000004d9300000| Untracked 
|  24|0x00000004d9400000, 0x00000004d9400000, 0x00000004d9500000|  0%| F|  |TAMS 0x00000004d9400000, 0x00000004d9400000| Untracked 
|  25|0x00000004d9500000, 0x00000004d9500000, 0x00000004d9600000|  0%| F|  |TAMS 0x00000004d9500000, 0x00000004d9500000| Untracked 
|  26|0x00000004d9600000, 0x00000004d9600000, 0x00000004d9700000|  0%| F|  |TAMS 0x00000004d9600000, 0x00000004d9600000| Untracked 
|  27|0x00000004d9700000, 0x00000004d9700000, 0x00000004d9800000|  0%| F|  |TAMS 0x00000004d9700000, 0x00000004d9700000| Untracked 
|  28|0x00000004d9800000, 0x00000004d9800000, 0x00000004d9900000|  0%| F|  |TAMS 0x00000004d9800000, 0x00000004d9800000| Untracked 
|  29|0x00000004d9900000, 0x00000004d9900000, 0x00000004d9a00000|  0%| F|  |TAMS 0x00000004d9900000, 0x00000004d9900000| Untracked 
|  30|0x00000004d9a00000, 0x00000004d9a00000, 0x00000004d9b00000|  0%| F|  |TAMS 0x00000004d9a00000, 0x00000004d9a00000| Untracked 
|  31|0x00000004d9b00000, 0x00000004d9b00000, 0x00000004d9c00000|  0%| F|  |TAMS 0x00000004d9b00000, 0x00000004d9b00000| Untracked 
|  32|0x00000004d9c00000, 0x00000004d9c00000, 0x00000004d9d00000|  0%| F|  |TAMS 0x00000004d9c00000, 0x00000004d9c00000| Untracked 
|  33|0x00000004d9d00000, 0x00000004d9d00000, 0x00000004d9e00000|  0%| F|  |TAMS 0x00000004d9d00000, 0x00000004d9d00000| Untracked 
|  34|0x00000004d9e00000, 0x00000004d9e00000, 0x00000004d9f00000|  0%| F|  |TAMS 0x00000004d9e00000, 0x00000004d9e00000| Untracked 
|  35|0x00000004d9f00000, 0x00000004d9f00000, 0x00000004da000000|  0%| F|  |TAMS 0x00000004d9f00000, 0x00000004d9f00000| Untracked 
|  36|0x00000004da000000, 0x00000004da000000, 0x00000004da100000|  0%| F|  |TAMS 0x00000004da000000, 0x00000004da000000| Untracked 
|  37|0x00000004da100000, 0x00000004da100000, 0x00000004da200000|  0%| F|  |TAMS 0x00000004da100000, 0x00000004da100000| Untracked 
|  38|0x00000004da200000, 0x00000004da200000, 0x00000004da300000|  0%| F|  |TAMS 0x00000004da200000, 0x00000004da200000| Untracked 
|  39|0x00000004da300000, 0x00000004da300000, 0x00000004da400000|  0%| F|  |TAMS 0x00000004da300000, 0x00000004da300000| Untracked 
|  40|0x00000004da400000, 0x00000004da400000, 0x00000004da500000|  0%| F|  |TAMS 0x00000004da400000, 0x00000004da400000| Untracked 
|  41|0x00000004da500000, 0x00000004da500000, 0x00000004da600000|  0%| F|  |TAMS 0x00000004da500000, 0x00000004da500000| Untracked 
|  42|0x00000004da600000, 0x00000004da600000, 0x00000004da700000|  0%| F|  |TAMS 0x00000004da600000, 0x00000004da600000| Untracked 
|  43|0x00000004da700000, 0x00000004da700000, 0x00000004da800000|  0%| F|  |TAMS 0x00000004da700000, 0x00000004da700000| Untracked 
|  44|0x00000004da800000, 0x00000004da800000, 0x00000004da900000|  0%| F|  |TAMS 0x00000004da800000, 0x00000004da800000| Untracked 
|  45|0x00000004da900000, 0x00000004da900000, 0x00000004daa00000|  0%| F|  |TAMS 0x00000004da900000, 0x00000004da900000| Untracked 
|  46|0x00000004daa00000, 0x00000004daa00000, 0x00000004dab00000|  0%| F|  |TAMS 0x00000004daa00000, 0x00000004daa00000| Untracked 
|  47|0x00000004dab00000, 0x00000004dab00000, 0x00000004dac00000|  0%| F|  |TAMS 0x00000004dab00000, 0x00000004dab00000| Untracked 
|  48|0x00000004dac00000, 0x00000004dac00000, 0x00000004dad00000|  0%| F|  |TAMS 0x00000004dac00000, 0x00000004dac00000| Untracked 
|  49|0x00000004dad00000, 0x00000004dad00000, 0x00000004dae00000|  0%| F|  |TAMS 0x00000004dad00000, 0x00000004dad00000| Untracked 
|  50|0x00000004dae00000, 0x00000004dae00000, 0x00000004daf00000|  0%| F|  |TAMS 0x00000004dae00000, 0x00000004dae00000| Untracked 
|  51|0x00000004daf00000, 0x00000004daf00000, 0x00000004db000000|  0%| F|  |TAMS 0x00000004daf00000, 0x00000004daf00000| Untracked 
|  52|0x00000004db000000, 0x00000004db000000, 0x00000004db100000|  0%| F|  |TAMS 0x00000004db000000, 0x00000004db000000| Untracked 
|  53|0x00000004db100000, 0x00000004db100000, 0x00000004db200000|  0%| F|  |TAMS 0x00000004db100000, 0x00000004db100000| Untracked 
|  54|0x00000004db200000, 0x00000004db200000, 0x00000004db300000|  0%| F|  |TAMS 0x00000004db200000, 0x00000004db200000| Untracked 
|  55|0x00000004db300000, 0x00000004db300000, 0x00000004db400000|  0%| F|  |TAMS 0x00000004db300000, 0x00000004db300000| Untracked 
|  56|0x00000004db400000, 0x00000004db400000, 0x00000004db500000|  0%| F|  |TAMS 0x00000004db400000, 0x00000004db400000| Untracked 
|  57|0x00000004db500000, 0x00000004db500000, 0x00000004db600000|  0%| F|  |TAMS 0x00000004db500000, 0x00000004db500000| Untracked 
|  58|0x00000004db600000, 0x00000004db600000, 0x00000004db700000|  0%| F|  |TAMS 0x00000004db600000, 0x00000004db600000| Untracked 
|  59|0x00000004db700000, 0x00000004db700000, 0x00000004db800000|  0%| F|  |TAMS 0x00000004db700000, 0x00000004db700000| Untracked 
|  60|0x00000004db800000, 0x00000004db800000, 0x00000004db900000|  0%| F|  |TAMS 0x00000004db800000, 0x00000004db800000| Untracked 
|  61|0x00000004db900000, 0x00000004db900000, 0x00000004dba00000|  0%| F|  |TAMS 0x00000004db900000, 0x00000004db900000| Untracked 
|  62|0x00000004dba00000, 0x00000004dba00000, 0x00000004dbb00000|  0%| F|  |TAMS 0x00000004dba00000, 0x00000004dba00000| Untracked 
|  63|0x00000004dbb00000, 0x00000004dbb00000, 0x00000004dbc00000|  0%| F|  |TAMS 0x00000004dbb00000, 0x00000004dbb00000| Untracked 
|  64|0x00000004dbc00000, 0x00000004dbc00000, 0x00000004dbd00000|  0%| F|  |TAMS 0x00000004dbc00000, 0x00000004dbc00000| Untracked 
|  65|0x00000004dbd00000, 0x00000004dbd00000, 0x00000004dbe00000|  0%| F|  |TAMS 0x00000004dbd00000, 0x00000004dbd00000| Untracked 
|  66|0x00000004dbe00000, 0x00000004dbe00000, 0x00000004dbf00000|  0%| F|  |TAMS 0x00000004dbe00000, 0x00000004dbe00000| Untracked 
|  67|0x00000004dbf00000, 0x00000004dbf00000, 0x00000004dc000000|  0%| F|  |TAMS 0x00000004dbf00000, 0x00000004dbf00000| Untracked 
|  68|0x00000004dc000000, 0x00000004dc000000, 0x00000004dc100000|  0%| F|  |TAMS 0x00000004dc000000, 0x00000004dc000000| Untracked 
|  69|0x00000004dc100000, 0x00000004dc100000, 0x00000004dc200000|  0%| F|  |TAMS 0x00000004dc100000, 0x00000004dc100000| Untracked 
|  70|0x00000004dc200000, 0x00000004dc200000, 0x00000004dc300000|  0%| F|  |TAMS 0x00000004dc200000, 0x00000004dc200000| Untracked 
|  71|0x00000004dc300000, 0x00000004dc300000, 0x00000004dc400000|  0%| F|  |TAMS 0x00000004dc300000, 0x00000004dc300000| Untracked 
|  72|0x00000004dc400000, 0x00000004dc400000, 0x00000004dc500000|  0%| F|  |TAMS 0x00000004dc400000, 0x00000004dc400000| Untracked 
|  73|0x00000004dc500000, 0x00000004dc500000, 0x00000004dc600000|  0%| F|  |TAMS 0x00000004dc500000, 0x00000004dc500000| Untracked 
|  74|0x00000004dc600000, 0x00000004dc600000, 0x00000004dc700000|  0%| F|  |TAMS 0x00000004dc600000, 0x00000004dc600000| Untracked 
|  75|0x00000004dc700000, 0x00000004dc700000, 0x00000004dc800000|  0%| F|  |TAMS 0x00000004dc700000, 0x00000004dc700000| Untracked 
|  76|0x00000004dc800000, 0x00000004dc800000, 0x00000004dc900000|  0%| F|  |TAMS 0x00000004dc800000, 0x00000004dc800000| Untracked 
|  77|0x00000004dc900000, 0x00000004dc900000, 0x00000004dca00000|  0%| F|  |TAMS 0x00000004dc900000, 0x00000004dc900000| Untracked 
|  78|0x00000004dca00000, 0x00000004dca00000, 0x00000004dcb00000|  0%| F|  |TAMS 0x00000004dca00000, 0x00000004dca00000| Untracked 
|  79|0x00000004dcb00000, 0x00000004dcb00000, 0x00000004dcc00000|  0%| F|  |TAMS 0x00000004dcb00000, 0x00000004dcb00000| Untracked 
|  80|0x00000004dcc00000, 0x00000004dcc00000, 0x00000004dcd00000|  0%| F|  |TAMS 0x00000004dcc00000, 0x00000004dcc00000| Untracked 
|  81|0x00000004dcd00000, 0x00000004dcd00000, 0x00000004dce00000|  0%| F|  |TAMS 0x00000004dcd00000, 0x00000004dcd00000| Untracked 
|  82|0x00000004dce00000, 0x00000004dce00000, 0x00000004dcf00000|  0%| F|  |TAMS 0x00000004dce00000, 0x00000004dce00000| Untracked 
|  83|0x00000004dcf00000, 0x00000004dcf00000, 0x00000004dd000000|  0%| F|  |TAMS 0x00000004dcf00000, 0x00000004dcf00000| Untracked 
|  84|0x00000004dd000000, 0x00000004dd000000, 0x00000004dd100000|  0%| F|  |TAMS 0x00000004dd000000, 0x00000004dd000000| Untracked 
|  85|0x00000004dd100000, 0x00000004dd100000, 0x00000004dd200000|  0%| F|  |TAMS 0x00000004dd100000, 0x00000004dd100000| Untracked 
|  86|0x00000004dd200000, 0x00000004dd200000, 0x00000004dd300000|  0%| F|  |TAMS 0x00000004dd200000, 0x00000004dd200000| Untracked 
|  87|0x00000004dd300000, 0x00000004dd300000, 0x00000004dd400000|  0%| F|  |TAMS 0x00000004dd300000, 0x00000004dd300000| Untracked 
|  88|0x00000004dd400000, 0x00000004dd400000, 0x00000004dd500000|  0%| F|  |TAMS 0x00000004dd400000, 0x00000004dd400000| Untracked 
|  89|0x00000004dd500000, 0x00000004dd500000, 0x00000004dd600000|  0%| F|  |TAMS 0x00000004dd500000, 0x00000004dd500000| Untracked 
|  90|0x00000004dd600000, 0x00000004dd600000, 0x00000004dd700000|  0%| F|  |TAMS 0x00000004dd600000, 0x00000004dd600000| Untracked 
|  91|0x00000004dd700000, 0x00000004dd700000, 0x00000004dd800000|  0%| F|  |TAMS 0x00000004dd700000, 0x00000004dd700000| Untracked 
|  92|0x00000004dd800000, 0x00000004dd800000, 0x00000004dd900000|  0%| F|  |TAMS 0x00000004dd800000, 0x00000004dd800000| Untracked 
|  93|0x00000004dd900000, 0x00000004dd900000, 0x00000004dda00000|  0%| F|  |TAMS 0x00000004dd900000, 0x00000004dd900000| Untracked 
|  94|0x00000004dda00000, 0x00000004dda00000, 0x00000004ddb00000|  0%| F|  |TAMS 0x00000004dda00000, 0x00000004dda00000| Untracked 
|  95|0x00000004ddb00000, 0x00000004ddb00000, 0x00000004ddc00000|  0%| F|  |TAMS 0x00000004ddb00000, 0x00000004ddb00000| Untracked 
|  96|0x00000004ddc00000, 0x00000004ddc00000, 0x00000004ddd00000|  0%| F|  |TAMS 0x00000004ddc00000, 0x00000004ddc00000| Untracked 
|  97|0x00000004ddd00000, 0x00000004ddd00000, 0x00000004dde00000|  0%| F|  |TAMS 0x00000004ddd00000, 0x00000004ddd00000| Untracked 
|  98|0x00000004dde00000, 0x00000004dde00000, 0x00000004ddf00000|  0%| F|  |TAMS 0x00000004dde00000, 0x00000004dde00000| Untracked 
|  99|0x00000004ddf00000, 0x00000004ddf00000, 0x00000004de000000|  0%| F|  |TAMS 0x00000004ddf00000, 0x00000004ddf00000| Untracked 
| 100|0x00000004de000000, 0x00000004de000000, 0x00000004de100000|  0%| F|  |TAMS 0x00000004de000000, 0x00000004de000000| Untracked 
| 101|0x00000004de100000, 0x00000004de100000, 0x00000004de200000|  0%| F|  |TAMS 0x00000004de100000, 0x00000004de100000| Untracked 
| 102|0x00000004de200000, 0x00000004de200000, 0x00000004de300000|  0%| F|  |TAMS 0x00000004de200000, 0x00000004de200000| Untracked 
| 103|0x00000004de300000, 0x00000004de300000, 0x00000004de400000|  0%| F|  |TAMS 0x00000004de300000, 0x00000004de300000| Untracked 
| 104|0x00000004de400000, 0x00000004de400000, 0x00000004de500000|  0%| F|  |TAMS 0x00000004de400000, 0x00000004de400000| Untracked 
| 105|0x00000004de500000, 0x00000004de500000, 0x00000004de600000|  0%| F|  |TAMS 0x00000004de500000, 0x00000004de500000| Untracked 
| 106|0x00000004de600000, 0x00000004de600000, 0x00000004de700000|  0%| F|  |TAMS 0x00000004de600000, 0x00000004de600000| Untracked 
| 107|0x00000004de700000, 0x00000004de700000, 0x00000004de800000|  0%| F|  |TAMS 0x00000004de700000, 0x00000004de700000| Untracked 
| 108|0x00000004de800000, 0x00000004de800000, 0x00000004de900000|  0%| F|  |TAMS 0x00000004de800000, 0x00000004de800000| Untracked 
| 109|0x00000004de900000, 0x00000004de900000, 0x00000004dea00000|  0%| F|  |TAMS 0x00000004de900000, 0x00000004de900000| Untracked 
| 110|0x00000004dea00000, 0x00000004dea00000, 0x00000004deb00000|  0%| F|  |TAMS 0x00000004dea00000, 0x00000004dea00000| Untracked 
| 111|0x00000004deb00000, 0x00000004deb00000, 0x00000004dec00000|  0%| F|  |TAMS 0x00000004deb00000, 0x00000004deb00000| Untracked 
| 112|0x00000004dec00000, 0x00000004dec00000, 0x00000004ded00000|  0%| F|  |TAMS 0x00000004dec00000, 0x00000004dec00000| Untracked 
| 113|0x00000004ded00000, 0x00000004ded00000, 0x00000004dee00000|  0%| F|  |TAMS 0x00000004ded00000, 0x00000004ded00000| Untracked 
| 114|0x00000004dee00000, 0x00000004dee00000, 0x00000004def00000|  0%| F|  |TAMS 0x00000004dee00000, 0x00000004dee00000| Untracked 
| 115|0x00000004def00000, 0x00000004def00000, 0x00000004df000000|  0%| F|  |TAMS 0x00000004def00000, 0x00000004def00000| Untracked 
| 116|0x00000004df000000, 0x00000004df000000, 0x00000004df100000|  0%| F|  |TAMS 0x00000004df000000, 0x00000004df000000| Untracked 
| 117|0x00000004df100000, 0x00000004df100000, 0x00000004df200000|  0%| F|  |TAMS 0x00000004df100000, 0x00000004df100000| Untracked 
| 118|0x00000004df200000, 0x00000004df200000, 0x00000004df300000|  0%| F|  |TAMS 0x00000004df200000, 0x00000004df200000| Untracked 
| 119|0x00000004df300000, 0x00000004df300000, 0x00000004df400000|  0%| F|  |TAMS 0x00000004df300000, 0x00000004df300000| Untracked 
| 120|0x00000004df400000, 0x00000004df400000, 0x00000004df500000|  0%| F|  |TAMS 0x00000004df400000, 0x00000004df400000| Untracked 
| 121|0x00000004df500000, 0x00000004df500000, 0x00000004df600000|  0%| F|  |TAMS 0x00000004df500000, 0x00000004df500000| Untracked 
| 122|0x00000004df600000, 0x00000004df600000, 0x00000004df700000|  0%| F|  |TAMS 0x00000004df600000, 0x00000004df600000| Untracked 
| 123|0x00000004df700000, 0x00000004df700000, 0x00000004df800000|  0%| F|  |TAMS 0x00000004df700000, 0x00000004df700000| Untracked 
| 124|0x00000004df800000, 0x00000004df800000, 0x00000004df900000|  0%| F|  |TAMS 0x00000004df800000, 0x00000004df800000| Untracked 
| 125|0x00000004df900000, 0x00000004df900000, 0x00000004dfa00000|  0%| F|  |TAMS 0x00000004df900000, 0x00000004df900000| Untracked 
| 126|0x00000004dfa00000, 0x00000004dfa00000, 0x00000004dfb00000|  0%| F|  |TAMS 0x00000004dfa00000, 0x00000004dfa00000| Untracked 
| 127|0x00000004dfb00000, 0x00000004dfb00000, 0x00000004dfc00000|  0%| F|  |TAMS 0x00000004dfb00000, 0x00000004dfb00000| Untracked 
| 128|0x00000004dfc00000, 0x00000004dfc00000, 0x00000004dfd00000|  0%| F|  |TAMS 0x00000004dfc00000, 0x00000004dfc00000| Untracked 
| 129|0x00000004dfd00000, 0x00000004dfd00000, 0x00000004dfe00000|  0%| F|  |TAMS 0x00000004dfd00000, 0x00000004dfd00000| Untracked 
| 130|0x00000004dfe00000, 0x00000004dfe00000, 0x00000004dff00000|  0%| F|  |TAMS 0x00000004dfe00000, 0x00000004dfe00000| Untracked 
| 131|0x00000004dff00000, 0x00000004dff00000, 0x00000004e0000000|  0%| F|  |TAMS 0x00000004dff00000, 0x00000004dff00000| Untracked 
| 132|0x00000004e0000000, 0x00000004e0000000, 0x00000004e0100000|  0%| F|  |TAMS 0x00000004e0000000, 0x00000004e0000000| Untracked 
| 133|0x00000004e0100000, 0x00000004e0100000, 0x00000004e0200000|  0%| F|  |TAMS 0x00000004e0100000, 0x00000004e0100000| Untracked 
| 134|0x00000004e0200000, 0x00000004e0200000, 0x00000004e0300000|  0%| F|  |TAMS 0x00000004e0200000, 0x00000004e0200000| Untracked 
| 135|0x00000004e0300000, 0x00000004e0300000, 0x00000004e0400000|  0%| F|  |TAMS 0x00000004e0300000, 0x00000004e0300000| Untracked 
| 136|0x00000004e0400000, 0x00000004e0400000, 0x00000004e0500000|  0%| F|  |TAMS 0x00000004e0400000, 0x00000004e0400000| Untracked 
| 137|0x00000004e0500000, 0x00000004e0500000, 0x00000004e0600000|  0%| F|  |TAMS 0x00000004e0500000, 0x00000004e0500000| Untracked 
| 138|0x00000004e0600000, 0x00000004e0600000, 0x00000004e0700000|  0%| F|  |TAMS 0x00000004e0600000, 0x00000004e0600000| Untracked 
| 139|0x00000004e0700000, 0x00000004e0700000, 0x00000004e0800000|  0%| F|  |TAMS 0x00000004e0700000, 0x00000004e0700000| Untracked 
| 140|0x00000004e0800000, 0x00000004e0800000, 0x00000004e0900000|  0%| F|  |TAMS 0x00000004e0800000, 0x00000004e0800000| Untracked 
| 141|0x00000004e0900000, 0x00000004e0900000, 0x00000004e0a00000|  0%| F|  |TAMS 0x00000004e0900000, 0x00000004e0900000| Untracked 
| 142|0x00000004e0a00000, 0x00000004e0a00000, 0x00000004e0b00000|  0%| F|  |TAMS 0x00000004e0a00000, 0x00000004e0a00000| Untracked 
| 143|0x00000004e0b00000, 0x00000004e0b00000, 0x00000004e0c00000|  0%| F|  |TAMS 0x00000004e0b00000, 0x00000004e0b00000| Untracked 
| 144|0x00000004e0c00000, 0x00000004e0c00000, 0x00000004e0d00000|  0%| F|  |TAMS 0x00000004e0c00000, 0x00000004e0c00000| Untracked 
| 145|0x00000004e0d00000, 0x00000004e0d00000, 0x00000004e0e00000|  0%| F|  |TAMS 0x00000004e0d00000, 0x00000004e0d00000| Untracked 
| 146|0x00000004e0e00000, 0x00000004e0e00000, 0x00000004e0f00000|  0%| F|  |TAMS 0x00000004e0e00000, 0x00000004e0e00000| Untracked 
| 147|0x00000004e0f00000, 0x00000004e0f00000, 0x00000004e1000000|  0%| F|  |TAMS 0x00000004e0f00000, 0x00000004e0f00000| Untracked 
| 148|0x00000004e1000000, 0x00000004e1000000, 0x00000004e1100000|  0%| F|  |TAMS 0x00000004e1000000, 0x00000004e1000000| Untracked 
| 149|0x00000004e1100000, 0x00000004e1100000, 0x00000004e1200000|  0%| F|  |TAMS 0x00000004e1100000, 0x00000004e1100000| Untracked 
| 150|0x00000004e1200000, 0x00000004e1200000, 0x00000004e1300000|  0%| F|  |TAMS 0x00000004e1200000, 0x00000004e1200000| Untracked 
| 151|0x00000004e1300000, 0x00000004e1300000, 0x00000004e1400000|  0%| F|  |TAMS 0x00000004e1300000, 0x00000004e1300000| Untracked 
| 152|0x00000004e1400000, 0x00000004e1400000, 0x00000004e1500000|  0%| F|  |TAMS 0x00000004e1400000, 0x00000004e1400000| Untracked 
| 153|0x00000004e1500000, 0x00000004e1500000, 0x00000004e1600000|  0%| F|  |TAMS 0x00000004e1500000, 0x00000004e1500000| Untracked 
| 154|0x00000004e1600000, 0x00000004e1600000, 0x00000004e1700000|  0%| F|  |TAMS 0x00000004e1600000, 0x00000004e1600000| Untracked 
| 155|0x00000004e1700000, 0x00000004e1700000, 0x00000004e1800000|  0%| F|  |TAMS 0x00000004e1700000, 0x00000004e1700000| Untracked 
| 156|0x00000004e1800000, 0x00000004e1800000, 0x00000004e1900000|  0%| F|  |TAMS 0x00000004e1800000, 0x00000004e1800000| Untracked 
| 157|0x00000004e1900000, 0x00000004e1900000, 0x00000004e1a00000|  0%| F|  |TAMS 0x00000004e1900000, 0x00000004e1900000| Untracked 
| 158|0x00000004e1a00000, 0x00000004e1a00000, 0x00000004e1b00000|  0%| F|  |TAMS 0x00000004e1a00000, 0x00000004e1a00000| Untracked 
| 159|0x00000004e1b00000, 0x00000004e1b00000, 0x00000004e1c00000|  0%| F|  |TAMS 0x00000004e1b00000, 0x00000004e1b00000| Untracked 
| 160|0x00000004e1c00000, 0x00000004e1c00000, 0x00000004e1d00000|  0%| F|  |TAMS 0x00000004e1c00000, 0x00000004e1c00000| Untracked 
| 161|0x00000004e1d00000, 0x00000004e1d00000, 0x00000004e1e00000|  0%| F|  |TAMS 0x00000004e1d00000, 0x00000004e1d00000| Untracked 
| 162|0x00000004e1e00000, 0x00000004e1e00000, 0x00000004e1f00000|  0%| F|  |TAMS 0x00000004e1e00000, 0x00000004e1e00000| Untracked 
| 163|0x00000004e1f00000, 0x00000004e1f00000, 0x00000004e2000000|  0%| F|  |TAMS 0x00000004e1f00000, 0x00000004e1f00000| Untracked 
| 164|0x00000004e2000000, 0x00000004e2000000, 0x00000004e2100000|  0%| F|  |TAMS 0x00000004e2000000, 0x00000004e2000000| Untracked 
| 165|0x00000004e2100000, 0x00000004e2100000, 0x00000004e2200000|  0%| F|  |TAMS 0x00000004e2100000, 0x00000004e2100000| Untracked 
| 166|0x00000004e2200000, 0x00000004e2200000, 0x00000004e2300000|  0%| F|  |TAMS 0x00000004e2200000, 0x00000004e2200000| Untracked 
| 167|0x00000004e2300000, 0x00000004e2300000, 0x00000004e2400000|  0%| F|  |TAMS 0x00000004e2300000, 0x00000004e2300000| Untracked 
| 168|0x00000004e2400000, 0x00000004e2400000, 0x00000004e2500000|  0%| F|  |TAMS 0x00000004e2400000, 0x00000004e2400000| Untracked 
| 169|0x00000004e2500000, 0x00000004e2500000, 0x00000004e2600000|  0%| F|  |TAMS 0x00000004e2500000, 0x00000004e2500000| Untracked 
| 170|0x00000004e2600000, 0x00000004e2600000, 0x00000004e2700000|  0%| F|  |TAMS 0x00000004e2600000, 0x00000004e2600000| Untracked 
| 171|0x00000004e2700000, 0x00000004e2700000, 0x00000004e2800000|  0%| F|  |TAMS 0x00000004e2700000, 0x00000004e2700000| Untracked 
| 172|0x00000004e2800000, 0x00000004e2800000, 0x00000004e2900000|  0%| F|  |TAMS 0x00000004e2800000, 0x00000004e2800000| Untracked 
| 173|0x00000004e2900000, 0x00000004e2900000, 0x00000004e2a00000|  0%| F|  |TAMS 0x00000004e2900000, 0x00000004e2900000| Untracked 
| 174|0x00000004e2a00000, 0x00000004e2a00000, 0x00000004e2b00000|  0%| F|  |TAMS 0x00000004e2a00000, 0x00000004e2a00000| Untracked 
| 175|0x00000004e2b00000, 0x00000004e2b00000, 0x00000004e2c00000|  0%| F|  |TAMS 0x00000004e2b00000, 0x00000004e2b00000| Untracked 
| 176|0x00000004e2c00000, 0x00000004e2c00000, 0x00000004e2d00000|  0%| F|  |TAMS 0x00000004e2c00000, 0x00000004e2c00000| Untracked 
| 177|0x00000004e2d00000, 0x00000004e2d00000, 0x00000004e2e00000|  0%| F|  |TAMS 0x00000004e2d00000, 0x00000004e2d00000| Untracked 
| 178|0x00000004e2e00000, 0x00000004e2e00000, 0x00000004e2f00000|  0%| F|  |TAMS 0x00000004e2e00000, 0x00000004e2e00000| Untracked 
| 179|0x00000004e2f00000, 0x00000004e2f00000, 0x00000004e3000000|  0%| F|  |TAMS 0x00000004e2f00000, 0x00000004e2f00000| Untracked 
| 180|0x00000004e3000000, 0x00000004e3000000, 0x00000004e3100000|  0%| F|  |TAMS 0x00000004e3000000, 0x00000004e3000000| Untracked 
| 181|0x00000004e3100000, 0x00000004e3100000, 0x00000004e3200000|  0%| F|  |TAMS 0x00000004e3100000, 0x00000004e3100000| Untracked 
| 182|0x00000004e3200000, 0x00000004e3200000, 0x00000004e3300000|  0%| F|  |TAMS 0x00000004e3200000, 0x00000004e3200000| Untracked 
| 183|0x00000004e3300000, 0x00000004e3300000, 0x00000004e3400000|  0%| F|  |TAMS 0x00000004e3300000, 0x00000004e3300000| Untracked 
| 184|0x00000004e3400000, 0x00000004e3400000, 0x00000004e3500000|  0%| F|  |TAMS 0x00000004e3400000, 0x00000004e3400000| Untracked 
| 185|0x00000004e3500000, 0x00000004e3500000, 0x00000004e3600000|  0%| F|  |TAMS 0x00000004e3500000, 0x00000004e3500000| Untracked 
| 186|0x00000004e3600000, 0x00000004e3600000, 0x00000004e3700000|  0%| F|  |TAMS 0x00000004e3600000, 0x00000004e3600000| Untracked 
| 187|0x00000004e3700000, 0x00000004e3700000, 0x00000004e3800000|  0%| F|  |TAMS 0x00000004e3700000, 0x00000004e3700000| Untracked 
| 188|0x00000004e3800000, 0x00000004e3800000, 0x00000004e3900000|  0%| F|  |TAMS 0x00000004e3800000, 0x00000004e3800000| Untracked 
| 189|0x00000004e3900000, 0x00000004e3900000, 0x00000004e3a00000|  0%| F|  |TAMS 0x00000004e3900000, 0x00000004e3900000| Untracked 
| 190|0x00000004e3a00000, 0x00000004e3a00000, 0x00000004e3b00000|  0%| F|  |TAMS 0x00000004e3a00000, 0x00000004e3a00000| Untracked 
| 191|0x00000004e3b00000, 0x00000004e3b00000, 0x00000004e3c00000|  0%| F|  |TAMS 0x00000004e3b00000, 0x00000004e3b00000| Untracked 
| 192|0x00000004e3c00000, 0x00000004e3c00000, 0x00000004e3d00000|  0%| F|  |TAMS 0x00000004e3c00000, 0x00000004e3c00000| Untracked 
| 193|0x00000004e3d00000, 0x00000004e3d00000, 0x00000004e3e00000|  0%| F|  |TAMS 0x00000004e3d00000, 0x00000004e3d00000| Untracked 
| 194|0x00000004e3e00000, 0x00000004e3e00000, 0x00000004e3f00000|  0%| F|  |TAMS 0x00000004e3e00000, 0x00000004e3e00000| Untracked 
| 195|0x00000004e3f00000, 0x00000004e3f00000, 0x00000004e4000000|  0%| F|  |TAMS 0x00000004e3f00000, 0x00000004e3f00000| Untracked 
| 196|0x00000004e4000000, 0x00000004e4000000, 0x00000004e4100000|  0%| F|  |TAMS 0x00000004e4000000, 0x00000004e4000000| Untracked 
| 197|0x00000004e4100000, 0x00000004e4100000, 0x00000004e4200000|  0%| F|  |TAMS 0x00000004e4100000, 0x00000004e4100000| Untracked 
| 198|0x00000004e4200000, 0x00000004e4200000, 0x00000004e4300000|  0%| F|  |TAMS 0x00000004e4200000, 0x00000004e4200000| Untracked 
| 199|0x00000004e4300000, 0x00000004e4300000, 0x00000004e4400000|  0%| F|  |TAMS 0x00000004e4300000, 0x00000004e4300000| Untracked 
| 200|0x00000004e4400000, 0x00000004e4400000, 0x00000004e4500000|  0%| F|  |TAMS 0x00000004e4400000, 0x00000004e4400000| Untracked 
| 201|0x00000004e4500000, 0x00000004e4500000, 0x00000004e4600000|  0%| F|  |TAMS 0x00000004e4500000, 0x00000004e4500000| Untracked 
| 202|0x00000004e4600000, 0x00000004e4600000, 0x00000004e4700000|  0%| F|  |TAMS 0x00000004e4600000, 0x00000004e4600000| Untracked 
| 203|0x00000004e4700000, 0x00000004e4700000, 0x00000004e4800000|  0%| F|  |TAMS 0x00000004e4700000, 0x00000004e4700000| Untracked 
| 204|0x00000004e4800000, 0x00000004e4800000, 0x00000004e4900000|  0%| F|  |TAMS 0x00000004e4800000, 0x00000004e4800000| Untracked 
| 205|0x00000004e4900000, 0x00000004e4900000, 0x00000004e4a00000|  0%| F|  |TAMS 0x00000004e4900000, 0x00000004e4900000| Untracked 
| 206|0x00000004e4a00000, 0x00000004e4a00000, 0x00000004e4b00000|  0%| F|  |TAMS 0x00000004e4a00000, 0x00000004e4a00000| Untracked 
| 207|0x00000004e4b00000, 0x00000004e4b00000, 0x00000004e4c00000|  0%| F|  |TAMS 0x00000004e4b00000, 0x00000004e4b00000| Untracked 
| 208|0x00000004e4c00000, 0x00000004e4c00000, 0x00000004e4d00000|  0%| F|  |TAMS 0x00000004e4c00000, 0x00000004e4c00000| Untracked 
| 209|0x00000004e4d00000, 0x00000004e4d00000, 0x00000004e4e00000|  0%| F|  |TAMS 0x00000004e4d00000, 0x00000004e4d00000| Untracked 
| 210|0x00000004e4e00000, 0x00000004e4e00000, 0x00000004e4f00000|  0%| F|  |TAMS 0x00000004e4e00000, 0x00000004e4e00000| Untracked 
| 211|0x00000004e4f00000, 0x00000004e4f00000, 0x00000004e5000000|  0%| F|  |TAMS 0x00000004e4f00000, 0x00000004e4f00000| Untracked 
| 212|0x00000004e5000000, 0x00000004e5000000, 0x00000004e5100000|  0%| F|  |TAMS 0x00000004e5000000, 0x00000004e5000000| Untracked 
| 213|0x00000004e5100000, 0x00000004e5100000, 0x00000004e5200000|  0%| F|  |TAMS 0x00000004e5100000, 0x00000004e5100000| Untracked 
| 214|0x00000004e5200000, 0x00000004e5200000, 0x00000004e5300000|  0%| F|  |TAMS 0x00000004e5200000, 0x00000004e5200000| Untracked 
| 215|0x00000004e5300000, 0x00000004e5300000, 0x00000004e5400000|  0%| F|  |TAMS 0x00000004e5300000, 0x00000004e5300000| Untracked 
| 216|0x00000004e5400000, 0x00000004e5400000, 0x00000004e5500000|  0%| F|  |TAMS 0x00000004e5400000, 0x00000004e5400000| Untracked 
| 217|0x00000004e5500000, 0x00000004e5500000, 0x00000004e5600000|  0%| F|  |TAMS 0x00000004e5500000, 0x00000004e5500000| Untracked 
| 218|0x00000004e5600000, 0x00000004e5600000, 0x00000004e5700000|  0%| F|  |TAMS 0x00000004e5600000, 0x00000004e5600000| Untracked 
| 219|0x00000004e5700000, 0x00000004e5700000, 0x00000004e5800000|  0%| F|  |TAMS 0x00000004e5700000, 0x00000004e5700000| Untracked 
| 220|0x00000004e5800000, 0x00000004e5800000, 0x00000004e5900000|  0%| F|  |TAMS 0x00000004e5800000, 0x00000004e5800000| Untracked 
| 221|0x00000004e5900000, 0x00000004e5900000, 0x00000004e5a00000|  0%| F|  |TAMS 0x00000004e5900000, 0x00000004e5900000| Untracked 
| 222|0x00000004e5a00000, 0x00000004e5a00000, 0x00000004e5b00000|  0%| F|  |TAMS 0x00000004e5a00000, 0x00000004e5a00000| Untracked 
| 223|0x00000004e5b00000, 0x00000004e5b00000, 0x00000004e5c00000|  0%| F|  |TAMS 0x00000004e5b00000, 0x00000004e5b00000| Untracked 
| 224|0x00000004e5c00000, 0x00000004e5c00000, 0x00000004e5d00000|  0%| F|  |TAMS 0x00000004e5c00000, 0x00000004e5c00000| Untracked 
| 225|0x00000004e5d00000, 0x00000004e5d00000, 0x00000004e5e00000|  0%| F|  |TAMS 0x00000004e5d00000, 0x00000004e5d00000| Untracked 
| 226|0x00000004e5e00000, 0x00000004e5e00000, 0x00000004e5f00000|  0%| F|  |TAMS 0x00000004e5e00000, 0x00000004e5e00000| Untracked 
| 227|0x00000004e5f00000, 0x00000004e5f00000, 0x00000004e6000000|  0%| F|  |TAMS 0x00000004e5f00000, 0x00000004e5f00000| Untracked 
| 228|0x00000004e6000000, 0x00000004e6000000, 0x00000004e6100000|  0%| F|  |TAMS 0x00000004e6000000, 0x00000004e6000000| Untracked 
| 229|0x00000004e6100000, 0x00000004e6100000, 0x00000004e6200000|  0%| F|  |TAMS 0x00000004e6100000, 0x00000004e6100000| Untracked 
| 230|0x00000004e6200000, 0x00000004e6200000, 0x00000004e6300000|  0%| F|  |TAMS 0x00000004e6200000, 0x00000004e6200000| Untracked 
| 231|0x00000004e6300000, 0x00000004e6300000, 0x00000004e6400000|  0%| F|  |TAMS 0x00000004e6300000, 0x00000004e6300000| Untracked 
| 232|0x00000004e6400000, 0x00000004e6400000, 0x00000004e6500000|  0%| F|  |TAMS 0x00000004e6400000, 0x00000004e6400000| Untracked 
| 233|0x00000004e6500000, 0x00000004e6500000, 0x00000004e6600000|  0%| F|  |TAMS 0x00000004e6500000, 0x00000004e6500000| Untracked 
| 234|0x00000004e6600000, 0x00000004e6600000, 0x00000004e6700000|  0%| F|  |TAMS 0x00000004e6600000, 0x00000004e6600000| Untracked 
| 235|0x00000004e6700000, 0x00000004e6700000, 0x00000004e6800000|  0%| F|  |TAMS 0x00000004e6700000, 0x00000004e6700000| Untracked 
| 236|0x00000004e6800000, 0x00000004e6800000, 0x00000004e6900000|  0%| F|  |TAMS 0x00000004e6800000, 0x00000004e6800000| Untracked 
| 237|0x00000004e6900000, 0x00000004e6900000, 0x00000004e6a00000|  0%| F|  |TAMS 0x00000004e6900000, 0x00000004e6900000| Untracked 
| 238|0x00000004e6a00000, 0x00000004e6a00000, 0x00000004e6b00000|  0%| F|  |TAMS 0x00000004e6a00000, 0x00000004e6a00000| Untracked 
| 239|0x00000004e6b00000, 0x00000004e6b00000, 0x00000004e6c00000|  0%| F|  |TAMS 0x00000004e6b00000, 0x00000004e6b00000| Untracked 
| 240|0x00000004e6c00000, 0x00000004e6c00000, 0x00000004e6d00000|  0%| F|  |TAMS 0x00000004e6c00000, 0x00000004e6c00000| Untracked 
| 241|0x00000004e6d00000, 0x00000004e6d00000, 0x00000004e6e00000|  0%| F|  |TAMS 0x00000004e6d00000, 0x00000004e6d00000| Untracked 
| 242|0x00000004e6e00000, 0x00000004e6e00000, 0x00000004e6f00000|  0%| F|  |TAMS 0x00000004e6e00000, 0x00000004e6e00000| Untracked 
| 243|0x00000004e6f00000, 0x00000004e6f00000, 0x00000004e7000000|  0%| F|  |TAMS 0x00000004e6f00000, 0x00000004e6f00000| Untracked 
| 244|0x00000004e7000000, 0x00000004e7000000, 0x00000004e7100000|  0%| F|  |TAMS 0x00000004e7000000, 0x00000004e7000000| Untracked 
| 245|0x00000004e7100000, 0x00000004e7100000, 0x00000004e7200000|  0%| F|  |TAMS 0x00000004e7100000, 0x00000004e7100000| Untracked 
| 246|0x00000004e7200000, 0x00000004e7200000, 0x00000004e7300000|  0%| F|  |TAMS 0x00000004e7200000, 0x00000004e7200000| Untracked 
| 247|0x00000004e7300000, 0x00000004e7300000, 0x00000004e7400000|  0%| F|  |TAMS 0x00000004e7300000, 0x00000004e7300000| Untracked 
| 248|0x00000004e7400000, 0x00000004e7400000, 0x00000004e7500000|  0%| F|  |TAMS 0x00000004e7400000, 0x00000004e7400000| Untracked 
| 249|0x00000004e7500000, 0x00000004e7500000, 0x00000004e7600000|  0%| F|  |TAMS 0x00000004e7500000, 0x00000004e7500000| Untracked 
| 250|0x00000004e7600000, 0x00000004e7600000, 0x00000004e7700000|  0%| F|  |TAMS 0x00000004e7600000, 0x00000004e7600000| Untracked 
| 251|0x00000004e7700000, 0x00000004e7776838, 0x00000004e7800000| 46%| E|  |TAMS 0x00000004e7700000, 0x00000004e7700000| Complete 
| 252|0x00000004e7800000, 0x00000004e7900000, 0x00000004e7900000|100%| E|CS|TAMS 0x00000004e7800000, 0x00000004e7800000| Complete 
| 253|0x00000004e7900000, 0x00000004e7a00000, 0x00000004e7a00000|100%| E|CS|TAMS 0x00000004e7900000, 0x00000004e7900000| Complete 

Card table byte_map: [0x000001f3d7e50000,0x000001f3d8640000] _byte_map_base: 0x000001f3d5792000

Marking Bits (Prev, Next): (CMBitMap*) 0x000001f3c5266498, (CMBitMap*) 0x000001f3c52664d8
 Prev Bits: [0x000001f3d8e30000, 0x000001f3dcd48000)
 Next Bits: [0x000001f3dcd50000, 0x000001f3e0c68000)

Polling page: 0x000001f3c31f0000

Metaspace:

Usage:
  Non-class:      4.59 MB capacity,     4.52 MB ( 99%) used,    65.59 KB (  1%) free+waste,     1.38 KB ( <1%) overhead. 
      Class:    501.00 KB capacity,   482.71 KB ( 96%) used,    17.23 KB (  3%) free+waste,     1.06 KB ( <1%) overhead. 
       Both:      5.08 MB capacity,     4.99 MB ( 98%) used,    82.81 KB (  2%) free+waste,     2.44 KB ( <1%) overhead. 

Virtual space:
  Non-class space:        8.00 MB reserved,       4.75 MB ( 59%) committed 
      Class space:        1.00 GB reserved,     512.00 KB ( <1%) committed 
             Both:        1.01 GB reserved,       5.25 MB ( <1%) committed 

Chunk freelists:
   Non-Class:  37.00 KB
       Class:  11.00 KB
        Both:  48.00 KB

MaxMetaspaceSize: 17179869184.00 GB
CompressedClassSpaceSize: 1.00 GB

CodeHeap 'non-profiled nmethods': size=120000Kb used=36Kb max_used=36Kb free=119963Kb
 bounds [0x000001f3cfe00000, 0x000001f3d0070000, 0x000001f3d7330000]
CodeHeap 'profiled nmethods': size=120000Kb used=152Kb max_used=152Kb free=119847Kb
 bounds [0x000001f3c88d0000, 0x000001f3c8b40000, 0x000001f3cfe00000]
CodeHeap 'non-nmethods': size=5760Kb used=1138Kb max_used=1138Kb free=4621Kb
 bounds [0x000001f3c8330000, 0x000001f3c85a0000, 0x000001f3c88d0000]
 total_blobs=500 nmethods=128 adapters=285
 compilation: enabled
              stopped_count=0, restarted_count=0
 full_count=0

Compilation events (20 events):
Event: 0.140 Thread 0x000001f3e40dc000 nmethod 105 0x000001f3cfe05490 code [0x000001f3cfe05600, 0x000001f3cfe05678]
Event: 0.140 Thread 0x000001f3e40ea000 nmethod 106 0x000001f3c88f4a90 code [0x000001f3c88f4c80, 0x000001f3c88f5078]
Event: 0.141 Thread 0x000001f3e40ea000  107       3       java.lang.AbstractStringBuilder::newCapacity (55 bytes)
Event: 0.141 Thread 0x000001f3e40ea000 nmethod 107 0x000001f3c88f5210 code [0x000001f3c88f53c0, 0x000001f3c88f55e8]
Event: 0.141 Thread 0x000001f3e40ea000  108       1       java.security.ProtectionDomain::getCodeSource (5 bytes)
Event: 0.141 Thread 0x000001f3e40ea000 nmethod 108 0x000001f3cfe05790 code [0x000001f3cfe05920, 0x000001f3cfe059d8]
Event: 0.142 Thread 0x000001f3e40ea000  109       1       java.net.URL::getFile (5 bytes)
Event: 0.142 Thread 0x000001f3e40ea000 nmethod 109 0x000001f3cfe05a90 code [0x000001f3cfe05c20, 0x000001f3cfe05cd8]
Event: 0.464 Thread 0x000001f3e40ea000  115       1       java.lang.Enum::ordinal (5 bytes)
Event: 0.464 Thread 0x000001f3e40ea000 nmethod 115 0x000001f3cfe06d90 code [0x000001f3cfe06f20, 0x000001f3cfe06fd8]
Event: 0.467 Thread 0x000001f3e40ea000  117       3       java.lang.AbstractStringBuilder::<init> (39 bytes)
Event: 0.467 Thread 0x000001f3e40ea000 nmethod 117 0x000001f3c88f5710 code [0x000001f3c88f58c0, 0x000001f3c88f5b38]
Event: 0.467 Thread 0x000001f3e40ea000  116       3       java.lang.StringBuilder::<init> (7 bytes)
Event: 0.467 Thread 0x000001f3e40ea000 nmethod 116 0x000001f3c88f5c10 code [0x000001f3c88f5dc0, 0x000001f3c88f5ee8]
Event: 0.468 Thread 0x000001f3e40ea000  118       1       java.lang.Class::getClassLoader0 (5 bytes)
Event: 0.468 Thread 0x000001f3e40ea000 nmethod 118 0x000001f3cfe07390 code [0x000001f3cfe07520, 0x000001f3cfe075d8]
Event: 0.474 Thread 0x000001f3e40ea000  126       1       java.lang.invoke.MethodType::returnType (5 bytes)
Event: 0.474 Thread 0x000001f3e40ea000 nmethod 126 0x000001f3cfe08890 code [0x000001f3cfe08a20, 0x000001f3cfe08ad8]
Event: 0.600 Thread 0x000001f3e40ea000  127       3       java.lang.String::toString (2 bytes)
Event: 0.600 Thread 0x000001f3e40ea000 nmethod 127 0x000001f3c88f5f90 code [0x000001f3c88f6120, 0x000001f3c88f6218]

GC Heap History (0 events):
No events

Deoptimization events (4 events):
Event: 0.072 Thread 0x000001f3c51fd800 Uncommon trap: trap_request=0xffffff45 fr.pc=0x000001f3cfe03a70 relative=0x0000000000000210
Event: 0.072 Thread 0x000001f3c51fd800 Uncommon trap: reason=unstable_if action=reinterpret pc=0x000001f3cfe03a70 method=java.lang.String.hashCode()I @ 42 c2
Event: 0.072 Thread 0x000001f3c51fd800 DEOPT PACKING pc=0x000001f3cfe03a70 sp=0x00000007fb2fd520
Event: 0.072 Thread 0x000001f3c51fd800 DEOPT UNPACKING pc=0x000001f3c833852f sp=0x00000007fb2fd4b8 mode 2

Classes unloaded (0 events):
No events

Classes redefined (0 events):
No events

Internal exceptions (2 events):
Event: 0.459 Thread 0x000001f3e42c9800 Exception <a 'java/lang/NoSuchMethodError'{0x00000004e78f69e8}: 'void java.lang.invoke.DirectMethodHandle$Holder.invokeSpecial(java.lang.Object, java.lang.Object, int)'> (0x00000004e78f69e8) 
thrown [./open/src/hotspot/share/interpreter/linkResolver.cpp, line 766]
Event: 0.473 Thread 0x000001f3e42c9800 Exception <a 'java/lang/NoSuchMethodError'{0x00000004e7704b30}: 'void java.lang.invoke.DirectMethodHandle$Holder.invokeSpecial(java.lang.Object, java.lang.Object)'> (0x00000004e7704b30) 
thrown [./open/src/hotspot/share/interpreter/linkResolver.cpp, line 766]

Events (20 events):
Event: 0.600 Executing VM operation: HandshakeOneThread
Event: 0.600 Executing VM operation: HandshakeOneThread done
Event: 0.645 Executing VM operation: HandshakeOneThread
Event: 0.645 Executing VM operation: HandshakeOneThread done
Event: 0.645 Executing VM operation: HandshakeOneThread
Event: 0.645 Executing VM operation: HandshakeOneThread done
Event: 0.645 Executing VM operation: HandshakeOneThread
Event: 0.645 Executing VM operation: HandshakeOneThread done
Event: 0.645 Executing VM operation: HandshakeOneThread
Event: 0.645 Executing VM operation: HandshakeOneThread done
Event: 0.646 Executing VM operation: HandshakeOneThread
Event: 0.646 Executing VM operation: HandshakeOneThread done
Event: 0.646 Executing VM operation: HandshakeOneThread
Event: 0.646 Executing VM operation: HandshakeOneThread done
Event: 0.646 Executing VM operation: HandshakeOneThread
Event: 0.646 Executing VM operation: HandshakeOneThread done
Event: 0.646 loading class java/lang/UnsupportedOperationException
Event: 0.646 loading class java/lang/UnsupportedOperationException done
Event: 0.753 Executing VM operation: HandshakeOneThread
Event: 0.753 Executing VM operation: HandshakeOneThread done


Dynamic libraries:
0x00007ff77e9f0000 - 0x00007ff77e9fd000 	C:\Users\Utilisateur\Documents\school SI4\Finate State Machines\sctpro-win32.win32.x86_64 (1)\yakindu-sctpro\plugins\org.eclipse.justj.openjdk.hotspot.jre.full.stripped.win32.x86_64_14.0.2.v20200722-0632\jre\bin\javaw.exe
0x00007ff84bc90000 - 0x00007ff84be85000 	C:\WINDOWS\SYSTEM32\ntdll.dll
0x00007ff84b270000 - 0x00007ff84b32e000 	C:\WINDOWS\System32\KERNEL32.DLL
0x00007ff849770000 - 0x00007ff849a38000 	C:\WINDOWS\System32\KERNELBASE.dll
0x00007ff849610000 - 0x00007ff849710000 	C:\WINDOWS\System32\ucrtbase.dll
0x00007ff83acb0000 - 0x00007ff83acc8000 	C:\Users\Utilisateur\Documents\school SI4\Finate State Machines\sctpro-win32.win32.x86_64 (1)\yakindu-sctpro\plugins\org.eclipse.justj.openjdk.hotspot.jre.full.stripped.win32.x86_64_14.0.2.v20200722-0632\jre\bin\jli.dll
0x00007ff83ac90000 - 0x00007ff83aca5000 	C:\Users\Utilisateur\Documents\school SI4\Finate State Machines\sctpro-win32.win32.x86_64 (1)\yakindu-sctpro\plugins\org.eclipse.justj.openjdk.hotspot.jre.full.stripped.win32.x86_64_14.0.2.v20200722-0632\jre\bin\VCRUNTIME140.dll
0x00007ff84b9f0000 - 0x00007ff84bb91000 	C:\WINDOWS\System32\USER32.dll
0x00007ff849710000 - 0x00007ff849732000 	C:\WINDOWS\System32\win32u.dll
0x00007ff8360f0000 - 0x00007ff83638a000 	C:\WINDOWS\WinSxS\amd64_microsoft.windows.common-controls_6595b64144ccf1df_6.0.19041.1110_none_60b5254171f9507e\COMCTL32.dll
0x00007ff849d70000 - 0x00007ff849d9b000 	C:\WINDOWS\System32\GDI32.dll
0x00007ff84b0a0000 - 0x00007ff84b13e000 	C:\WINDOWS\System32\msvcrt.dll
0x00007ff849ba0000 - 0x00007ff849cab000 	C:\WINDOWS\System32\gdi32full.dll
0x00007ff849510000 - 0x00007ff8495ad000 	C:\WINDOWS\System32\msvcp_win.dll
0x00007ff84b960000 - 0x00007ff84b990000 	C:\WINDOWS\System32\IMM32.DLL
0x00007ff82d1c0000 - 0x00007ff82d25b000 	C:\Users\Utilisateur\Documents\school SI4\Finate State Machines\sctpro-win32.win32.x86_64 (1)\yakindu-sctpro\plugins\org.eclipse.justj.openjdk.hotspot.jre.full.stripped.win32.x86_64_14.0.2.v20200722-0632\jre\bin\msvcp140.dll
0x00007fffe7ae0000 - 0x00007fffe85fe000 	C:\Users\Utilisateur\Documents\school SI4\Finate State Machines\sctpro-win32.win32.x86_64 (1)\yakindu-sctpro\plugins\org.eclipse.justj.openjdk.hotspot.jre.full.stripped.win32.x86_64_14.0.2.v20200722-0632\jre\bin\server\jvm.dll
0x00007ff84ab60000 - 0x00007ff84ac0c000 	C:\WINDOWS\System32\ADVAPI32.dll
0x00007ff849e80000 - 0x00007ff849f1b000 	C:\WINDOWS\System32\sechost.dll
0x00007ff84a950000 - 0x00007ff84aa7a000 	C:\WINDOWS\System32\RPCRT4.dll
0x00007ff849cb0000 - 0x00007ff849cb8000 	C:\WINDOWS\System32\PSAPI.DLL
0x00007ff8437e0000 - 0x00007ff8437ea000 	C:\WINDOWS\SYSTEM32\VERSION.dll
0x00007ff847200000 - 0x00007ff847227000 	C:\WINDOWS\SYSTEM32\WINMM.dll
0x00007ff839d90000 - 0x00007ff839d99000 	C:\WINDOWS\SYSTEM32\WSOCK32.dll
0x00007ff84b470000 - 0x00007ff84b4db000 	C:\WINDOWS\System32\WS2_32.dll
0x00007ff847c30000 - 0x00007ff847c42000 	C:\WINDOWS\SYSTEM32\kernel.appcore.dll
0x00007ff844c20000 - 0x00007ff844c2a000 	C:\Users\Utilisateur\Documents\school SI4\Finate State Machines\sctpro-win32.win32.x86_64 (1)\yakindu-sctpro\plugins\org.eclipse.justj.openjdk.hotspot.jre.full.stripped.win32.x86_64_14.0.2.v20200722-0632\jre\bin\jimage.dll
0x00007ff847010000 - 0x00007ff8471f4000 	C:\WINDOWS\SYSTEM32\DBGHELP.DLL
0x00007ff846fe0000 - 0x00007ff84700c000 	C:\WINDOWS\SYSTEM32\dbgcore.DLL
0x00007ff849480000 - 0x00007ff849503000 	C:\WINDOWS\System32\bcryptPrimitives.dll
0x00007ff840c90000 - 0x00007ff840cb5000 	C:\Users\Utilisateur\Documents\school SI4\Finate State Machines\sctpro-win32.win32.x86_64 (1)\yakindu-sctpro\plugins\org.eclipse.justj.openjdk.hotspot.jre.full.stripped.win32.x86_64_14.0.2.v20200722-0632\jre\bin\java.dll
0x00007ff842570000 - 0x00007ff842586000 	C:\Users\Utilisateur\Documents\school SI4\Finate State Machines\sctpro-win32.win32.x86_64 (1)\yakindu-sctpro\plugins\org.eclipse.justj.openjdk.hotspot.jre.full.stripped.win32.x86_64_14.0.2.v20200722-0632\jre\bin\zip.dll
0x00007ff84a210000 - 0x00007ff84a94f000 	C:\WINDOWS\System32\SHELL32.dll
0x00007ff847230000 - 0x00007ff8479c0000 	C:\WINDOWS\SYSTEM32\windows.storage.dll
0x00007ff84ac10000 - 0x00007ff84af65000 	C:\WINDOWS\System32\combase.dll
0x00007ff848d00000 - 0x00007ff848d2e000 	C:\WINDOWS\SYSTEM32\Wldp.dll
0x00007ff84b330000 - 0x00007ff84b3dd000 	C:\WINDOWS\System32\SHCORE.dll
0x00007ff849f20000 - 0x00007ff849f75000 	C:\WINDOWS\System32\shlwapi.dll
0x00007ff8492c0000 - 0x00007ff8492df000 	C:\WINDOWS\SYSTEM32\profapi.dll
0x00007ff840c70000 - 0x00007ff840c89000 	C:\Users\Utilisateur\Documents\school SI4\Finate State Machines\sctpro-win32.win32.x86_64 (1)\yakindu-sctpro\plugins\org.eclipse.justj.openjdk.hotspot.jre.full.stripped.win32.x86_64_14.0.2.v20200722-0632\jre\bin\net.dll
0x00007ff83f9c0000 - 0x00007ff83facc000 	C:\WINDOWS\SYSTEM32\WINHTTP.dll
0x00007ff848a60000 - 0x00007ff848aca000 	C:\WINDOWS\system32\mswsock.dll
0x00007ff840660000 - 0x00007ff840672000 	C:\Users\Utilisateur\Documents\school SI4\Finate State Machines\sctpro-win32.win32.x86_64 (1)\yakindu-sctpro\plugins\org.eclipse.justj.openjdk.hotspot.jre.full.stripped.win32.x86_64_14.0.2.v20200722-0632\jre\bin\nio.dll
0x00007ff835060000 - 0x00007ff8350a4000 	C:\Users\Utilisateur\Documents\GitHub\polytechWebotsController\fr.univcotedazur.kairos.webots.polycreate.controler\webotsLibs\JavaController.dll
0x00007ff83d7e0000 - 0x00007ff83d7fc000 	C:\Users\Utilisateur\AppData\Local\Programs\Webots\msys64\mingw64\bin\cpp\libgcc_s_seh-1.dll
0x00007ff82d0a0000 - 0x00007ff82d110000 	C:\Users\Utilisateur\AppData\Local\Programs\Webots\lib\controller\CppController.dll
0x00007ffff62c0000 - 0x00007ffff646e000 	C:\Users\Utilisateur\AppData\Local\Programs\Webots\msys64\mingw64\bin\cpp\libstdc++-6.dll
0x00007ff82d260000 - 0x00007ff82d2ec000 	C:\Users\Utilisateur\AppData\Local\Programs\Webots\lib\controller\Controller.dll
0x00007ff83ac60000 - 0x00007ff83ac76000 	C:\Users\Utilisateur\AppData\Local\Programs\Webots\msys64\mingw64\bin\cpp\libwinpthread-1.dll
0x00007ff843330000 - 0x00007ff84333d000 	C:\Users\UTILIS~1\AppData\Local\Programs\Webots\RESOUR~1\projects\plugins\ROBOT_~1\generic\generic.dll
0x00007ff83ad80000 - 0x00007ff83ad9b000 	C:\Users\Utilisateur\AppData\Local\Programs\Webots\lib\controller\generic_robot_window.dll

dbghelp: loaded successfully - version: 4.0.5 - missing functions: none
symbol engine: initialized successfully - sym options: 0x614 - pdb path: .;C:\Users\Utilisateur\Documents\school SI4\Finate State Machines\sctpro-win32.win32.x86_64 (1)\yakindu-sctpro\plugins\org.eclipse.justj.openjdk.hotspot.jre.full.stripped.win32.x86_64_14.0.2.v20200722-0632\jre\bin;C:\WINDOWS\SYSTEM32;C:\WINDOWS\WinSxS\amd64_microsoft.windows.common-controls_6595b64144ccf1df_6.0.19041.1110_none_60b5254171f9507e;C:\Users\Utilisateur\Documents\school SI4\Finate State Machines\sctpro-win32.win32.x86_64 (1)\yakindu-sctpro\plugins\org.eclipse.justj.openjdk.hotspot.jre.full.stripped.win32.x86_64_14.0.2.v20200722-0632\jre\bin\server;C:\Users\Utilisateur\Documents\GitHub\polytechWebotsController\fr.univcotedazur.kairos.webots.polycreate.controler\webotsLibs;C:\Users\Utilisateur\AppData\Local\Programs\Webots\msys64\mingw64\bin\cpp;C:\Users\Utilisateur\AppData\Local\Programs\Webots\lib\controller;C:\Users\UTILIS~1\AppData\Local\Programs\Webots\RESOUR~1\projects\plugins\ROBOT_~1\generic

VM Arguments:
jvm_args: -Djava.library.path=C:\Users\Utilisateur\Documents\GitHub\polytechWebotsController\fr.univcotedazur.kairos.webots.polycreate.controler\webotsLibs;C:\Users\Utilisateur\Documents\GitHub\polytechWebotsController\fr.univcotedazur.kairos.webots.polycreate.controler\webotsLibs;C:\Users\Utilisateur\Documents\GitHub\polytechWebotsController\fr.univcotedazur.kairos.webots.polycreate.controler\webotsLibs -Dfile.encoding=UTF-8 -XX:+ShowCodeDetailsInExceptionMessages 
java_command: fr.univcotedazur.kairos.webots.polycreate.controler.PolyCreateControler
java_class_path (initial): C:\Users\Utilisateur\Documents\GitHub\polytechWebotsController\fr.univcotedazur.kairos.webots.polycreate.controler\bin;C:\Users\Utilisateur\Documents\GitHub\polytechWebotsController\fr.univcotedazur.kairos.webots.polycreate.controler\webotsLibs\Controller.jar
Launcher Type: SUN_STANDARD

[Global flags]
     intx CICompilerCount                          = 4                                         {product} {ergonomic}
     uint ConcGCThreads                            = 2                                         {product} {ergonomic}
     uint G1ConcRefinementThreads                  = 8                                         {product} {ergonomic}
   size_t G1HeapRegionSize                         = 1048576                                   {product} {ergonomic}
    uintx GCDrainStackTargetSize                   = 64                                        {product} {ergonomic}
   size_t InitialHeapSize                          = 266338304                                 {product} {ergonomic}
   size_t MarkStackSize                            = 4194304                                   {product} {ergonomic}
   size_t MaxHeapSize                              = 4234149888                                {product} {ergonomic}
   size_t MaxNewSize                               = 2539651072                                {product} {ergonomic}
   size_t MinHeapDeltaBytes                        = 1048576                                   {product} {ergonomic}
   size_t MinHeapSize                              = 8388608                                   {product} {ergonomic}
    uintx NonNMethodCodeHeapSize                   = 5839372                                {pd product} {ergonomic}
    uintx NonProfiledCodeHeapSize                  = 122909434                              {pd product} {ergonomic}
    uintx ProfiledCodeHeapSize                     = 122909434                              {pd product} {ergonomic}
    uintx ReservedCodeCacheSize                    = 251658240                              {pd product} {ergonomic}
     bool SegmentedCodeCache                       = true                                      {product} {ergonomic}
     bool ShowCodeDetailsInExceptionMessages       = true                                   {manageable} {command line}
   size_t SoftMaxHeapSize                          = 4234149888                             {manageable} {ergonomic}
     bool UseCompressedClassPointers               = true                                 {lp64_product} {ergonomic}
     bool UseCompressedOops                        = true                                 {lp64_product} {ergonomic}
     bool UseG1GC                                  = true                                      {product} {ergonomic}
     bool UseLargePagesIndividualAllocation        = false                                  {pd product} {ergonomic}

Logging:
Log output configuration:
 #0: stdout all=warning uptime,level,tags
 #1: stderr all=off uptime,level,tags

Environment Variables:
JAVA_HOME=C:\Program Files\Java\jdk-11.0.1
PATH=C:/Users/Utilisateur/Documents/school SI4/Finate State Machines/sctpro-win32.win32.x86_64 (1)/yakindu-sctpro//plugins/org.eclipse.justj.openjdk.hotspot.jre.full.stripped.win32.x86_64_14.0.2.v20200722-0632/jre/bin/server;C:/Users/Utilisateur/Documents/school SI4/Finate State Machines/sctpro-win32.win32.x86_64 (1)/yakindu-sctpro//plugins/org.eclipse.justj.openjdk.hotspot.jre.full.stripped.win32.x86_64_14.0.2.v20200722-0632/jre/bin;C:\ProgramData\Oracle\Java\javapath;C:\Program Files\Common Files\Oracle\Java\javapath;C:\Program Files (x86)\Common Files\Oracle\Java\javapath;C:\Python39\Scripts\;C:\Python39\;C:\WINDOWS\system32;C:\WINDOWS;C:\WINDOWS\System32\Wbem;C:\WINDOWS\System32\WindowsPowerShell\v1.0\;C:\WINDOWS\System32\OpenSSH\;C:\ProgramData\chocolatey\bin;C:\Program Files\Java\jdk-11.0.1\bin;C:\Program Files\Microsoft SQL Server\130\Tools\Binn\;C:\Users\Utilisateur\AppData\Local\Programs\Webots\lib\controller;C:\Users\Utilisateur\AppData\Local\Programs\Webots\msys64\mingw64\bin;C:\Users\Utilisateur\AppData\Local\Programs\Webots\msys64\mingw64\bin\cpp;C:\Program Files\nodejs\;C:\Program Files\Git\cmd;C:\Users\Utilisateur\AppData\Local\Programs\Python\Python37\Scripts\;C:\Users\Utilisateur\AppData\Local\Programs\Python\Python37\;C:\Users\Utilisateur\AppData\Local\Microsoft\WindowsApps;C:\Users\Utilisateur\Downloads\logiciel\apache-maven-3.6.3-bin\apache-maven-3.6.3\bin;C:\Program Files\JetBrains\IntelliJ IDEA Community Edition 2021.2.2\bin;;C:\Users\Utilisateur\AppData\Local\GitHubDesktop\bin;C:\Users\Utilisateur\AppData\Roaming\npm;C:\Users\Utilisateur\AppData\Local\Programs\Microsoft VS Code\bin;C:\Users\Utilisateur\Documents\school SI4\Finate State Machines\sctpro-win32.win32.x86_64 (1)\yakindu-sctpro;
USERNAME=Utilisateur
OS=Windows_NT
PROCESSOR_IDENTIFIER=Intel64 Family 6 Model 126 Stepping 5, GenuineIntel



---------------  S Y S T E M  ---------------

OS: Windows 10 , 64 bit Build 19041 (10.0.19041.1348)
OS uptime: 4 days 12:35 hours

CPU:total 8 (initial active 8) (4 cores per cpu, 2 threads per core) family 6 model 126 stepping 5, cmov, cx8, fxsr, mmx, sse, sse2, sse3, ssse3, sse4.1, sse4.2, popcnt, avx, avx2, aes, clmul, erms, 3dnowpref, lzcnt, ht, tsc, tscinvbit, bmi1, bmi2, adx, evex, sha, fma

Memory: 4k page, system-wide physical 16151M (5287M free)
TotalPageFile size 23063M (AvailPageFile size 8925M)
current process WorkingSet (physical memory assigned to process): 35M, peak: 35M
current process commit charge ("private bytes"): 337M, peak: 337M

vm_info: OpenJDK 64-Bit Server VM (14.0.2+12-46) for windows-amd64 JRE (14.0.2+12-46), built on Jul  9 2020 00:31:16 by "mach5one" with MS VC++ 15.9 (VS2017)

END.
